TN:
SF:services\acessosService.js
FN:4,listAcessos
FN:18,addAcesso
FN:48,removeAcesso
FNF:3
FNH:3
FNDA:1,listAcessos
FNDA:7,addAcesso
FNDA:2,removeAcesso
DA:1,1
DA:2,1
DA:5,1
DA:15,1
DA:19,7
DA:20,7
DA:21,3
DA:22,3
DA:23,3
DA:25,4
DA:26,2
DA:27,2
DA:28,2
DA:31,2
DA:32,2
DA:33,1
DA:34,1
DA:35,1
DA:38,1
DA:39,1
DA:45,1
DA:49,2
DA:53,2
DA:54,1
DA:55,1
DA:56,1
DA:58,1
DA:61,1
LF:28
LH:28
BRDA:19,0,0,7
BRDA:19,0,1,2
BRDA:20,1,0,3
BRDA:20,1,1,4
BRDA:25,2,0,2
BRDA:25,2,1,2
BRDA:25,3,0,4
BRDA:25,3,1,3
BRDA:25,3,2,4
BRDA:32,4,0,1
BRDA:32,4,1,1
BRDA:53,5,0,1
BRDA:53,5,1,1
BRF:13
BRH:13
end_of_record
TN:
SF:services\auditoriaService.js
FN:4,auditLog
FNF:1
FNH:1
FNDA:3,auditLog
DA:1,1
DA:2,1
DA:5,3
DA:6,3
DA:7,3
DA:8,3
DA:9,3
DA:11,3
DA:12,3
DA:13,2
DA:14,2
DA:15,2
DA:17,2
DA:20,3
DA:36,1
DA:40,1
LF:16
LH:16
BRDA:7,0,0,3
BRDA:7,0,1,1
BRDA:7,0,2,0
BRDA:8,1,0,3
BRDA:8,1,1,2
BRDA:9,2,0,3
BRDA:9,2,1,2
BRDA:12,3,0,2
BRDA:12,3,1,1
BRDA:12,4,0,3
BRDA:12,4,1,3
BRDA:12,4,2,2
BRDA:14,5,0,2
BRDA:14,5,1,0
BRDA:14,6,0,2
BRDA:14,6,1,2
BRDA:14,6,2,1
BRDA:26,7,0,3
BRDA:26,7,1,1
BRDA:27,8,0,3
BRDA:27,8,1,0
BRDA:28,9,0,3
BRDA:28,9,1,0
BRDA:29,10,0,3
BRDA:29,10,1,0
BRF:25
BRH:20
end_of_record
TN:
SF:services\catalogService.js
FN:3,listSetores
FN:10,listAssuntos
FN:15,listTiposProcesso
FNF:3
FNH:3
FNDA:1,listSetores
FNDA:1,listAssuntos
FNDA:1,listTiposProcesso
DA:1,1
DA:4,1
DA:7,1
DA:11,1
DA:12,1
DA:16,1
DA:17,1
DA:20,1
LF:8
LH:8
BRF:0
BRH:0
end_of_record
TN:
SF:services\chavesService.js
FN:4,listChaves
FN:15,createChave
FN:50,revokeChave
FNF:3
FNH:3
FNDA:1,listChaves
FNDA:4,createChave
FNDA:2,revokeChave
DA:1,1
DA:2,1
DA:5,1
DA:12,1
DA:16,4
DA:17,1
DA:18,1
DA:19,1
DA:22,3
DA:23,3
DA:24,1
DA:25,1
DA:26,1
DA:29,2
DA:33,2
DA:34,1
DA:35,1
DA:36,1
DA:39,1
DA:40,1
DA:41,1
DA:47,1
DA:51,2
DA:55,2
DA:56,1
DA:57,1
DA:58,1
DA:60,1
DA:63,1
LF:29
LH:29
BRDA:16,0,0,1
BRDA:16,0,1,3
BRDA:23,1,0,1
BRDA:23,1,1,2
BRDA:33,2,0,1
BRDA:33,2,1,1
BRDA:55,3,0,1
BRDA:55,3,1,1
BRF:8
BRH:8
end_of_record
TN:
SF:services\documentosService.js
FN:4,listByProcesso
FN:44,linkDocumento
FN:69,createDocumento
FN:90,_validarPosicaoFimArvore
FN:129,(anonymous_4)
FN:149,uploadConteudo
FN:201,editorConteudo
FN:248,getDocumentoById
FN:274,assinar
FN:339,deletarRascunho
FN:392,gerarPdfPublico
FN:450,(anonymous_11)
FN:486,(anonymous_12)
FN:496,(anonymous_13)
FN:513,(anonymous_14)
FN:524,seedByProcesso
FNF:16
FNH:14
FNDA:3,listByProcesso
FNDA:4,linkDocumento
FNDA:5,createDocumento
FNDA:15,_validarPosicaoFimArvore
FNDA:16,(anonymous_4)
FNDA:7,uploadConteudo
FNDA:11,editorConteudo
FNDA:4,getDocumentoById
FNDA:8,assinar
FNDA:3,deletarRascunho
FNDA:16,gerarPdfPublico
FNDA:3,(anonymous_11)
FNDA:0,(anonymous_12)
FNDA:3,(anonymous_13)
FNDA:0,(anonymous_14)
FNDA:5,seedByProcesso
DA:1,1
DA:2,1
DA:5,3
DA:6,3
DA:9,3
DA:10,1
DA:11,1
DA:12,1
DA:15,2
DA:18,2
DA:20,2
DA:41,2
DA:45,4
DA:46,1
DA:47,1
DA:48,1
DA:50,3
DA:51,3
DA:52,1
DA:53,1
DA:54,1
DA:56,2
DA:57,2
DA:58,1
DA:59,1
DA:60,1
DA:62,1
DA:66,1
DA:70,5
DA:71,1
DA:72,1
DA:73,1
DA:75,4
DA:76,4
DA:80,4
DA:87,4
DA:91,15
DA:99,15
DA:100,1
DA:101,1
DA:102,1
DA:104,14
DA:105,14
DA:106,14
DA:107,8
DA:108,1
DA:109,1
DA:110,1
DA:112,7
DA:113,1
DA:114,1
DA:115,1
DA:118,12
DA:119,12
DA:120,12
DA:129,16
DA:130,12
DA:131,12
DA:132,17
DA:133,17
DA:137,2
DA:140,12
DA:141,12
DA:142,1
DA:143,1
DA:144,1
DA:146,11
DA:150,7
DA:154,7
DA:155,1
DA:156,1
DA:157,1
DA:159,6
DA:160,6
DA:161,6
DA:162,4
DA:163,1
DA:164,1
DA:165,1
DA:167,3
DA:169,4
DA:170,2
DA:171,1
DA:172,1
DA:173,1
DA:175,1
DA:183,3
DA:187,3
DA:193,3
DA:194,1
DA:195,1
DA:196,1
DA:198,2
DA:202,11
DA:206,11
DA:207,1
DA:208,1
DA:209,1
DA:211,10
DA:212,10
DA:214,10
DA:215,5
DA:216,1
DA:217,1
DA:218,1
DA:220,4
DA:222,9
DA:223,5
DA:224,0
DA:225,0
DA:226,0
DA:228,5
DA:229,1
DA:230,1
DA:231,1
DA:233,4
DA:236,5
DA:240,5
DA:241,1
DA:242,1
DA:243,1
DA:245,4
DA:249,4
DA:271,4
DA:275,8
DA:276,1
DA:277,1
DA:278,1
DA:280,7
DA:284,7
DA:285,1
DA:286,1
DA:287,1
DA:289,6
DA:290,6
DA:291,6
DA:292,6
DA:294,6
DA:295,6
DA:296,6
DA:297,1
DA:298,1
DA:299,1
DA:301,5
DA:302,3
DA:303,1
DA:304,1
DA:305,1
DA:307,2
DA:308,2
DA:309,2
DA:310,1
DA:311,1
DA:312,1
DA:315,3
DA:316,0
DA:317,0
DA:318,0
DA:320,3
DA:322,3
DA:330,3
DA:331,1
DA:332,1
DA:333,1
DA:335,2
DA:336,2
DA:340,3
DA:341,0
DA:342,0
DA:343,0
DA:345,3
DA:348,3
DA:349,0
DA:350,0
DA:351,0
DA:353,3
DA:354,3
DA:355,3
DA:356,1
DA:357,1
DA:358,1
DA:360,2
DA:361,0
DA:362,0
DA:363,0
DA:365,2
DA:366,0
DA:367,0
DA:368,0
DA:370,2
DA:378,2
DA:379,1
DA:380,1
DA:381,1
DA:383,1
DA:384,1
DA:385,0
DA:386,0
DA:387,0
DA:389,1
DA:393,16
DA:403,16
DA:404,1
DA:405,1
DA:406,1
DA:408,15
DA:409,15
DA:410,1
DA:411,1
DA:412,1
DA:414,14
DA:415,2
DA:416,2
DA:417,1
DA:418,1
DA:419,1
DA:421,1
DA:425,1
DA:426,1
DA:427,1
DA:428,1
DA:432,12
DA:433,12
DA:434,12
DA:435,12
DA:436,12
DA:438,12
DA:439,7
DA:440,7
DA:441,7
DA:442,7
DA:443,1
DA:444,1
DA:445,1
DA:447,6
DA:448,2
DA:449,2
DA:450,3
DA:451,1
DA:453,1
DA:455,2
DA:458,4
DA:469,4
DA:470,1
DA:471,1
DA:472,1
DA:474,3
DA:475,3
DA:476,3
DA:477,3
DA:478,3
DA:482,3
DA:483,3
DA:484,3
DA:486,3
DA:489,5
DA:490,4
DA:491,4
DA:492,4
DA:496,3
DA:498,4
DA:499,4
DA:500,4
DA:501,4
DA:502,4
DA:505,4
DA:506,4
DA:511,4
DA:513,4
DA:516,1
DA:517,1
DA:518,1
DA:521,9
DA:526,5
DA:530,5
DA:531,1
DA:532,1
DA:533,1
DA:537,4
DA:541,4
DA:542,1
DA:545,3
DA:546,3
DA:548,3
DA:550,1
DA:554,1
DA:558,3
DA:566,3
DA:571,3
DA:574,1
LF:290
LH:269
BRDA:5,0,0,3
BRDA:5,0,1,2
BRDA:9,1,0,1
BRDA:9,1,1,2
BRDA:15,2,0,1
BRDA:15,2,1,1
BRDA:18,3,0,1
BRDA:18,3,1,1
BRDA:45,4,0,1
BRDA:45,4,1,3
BRDA:51,5,0,1
BRDA:51,5,1,2
BRDA:57,6,0,1
BRDA:57,6,1,1
BRDA:70,7,0,1
BRDA:70,7,1,4
BRDA:78,8,0,4
BRDA:78,8,1,1
BRDA:78,9,0,4
BRDA:78,9,1,1
BRDA:78,10,0,4
BRDA:78,10,1,0
BRDA:99,11,0,1
BRDA:99,11,1,14
BRDA:105,12,0,14
BRDA:105,12,1,7
BRDA:106,13,0,8
BRDA:106,13,1,6
BRDA:107,14,0,1
BRDA:107,14,1,7
BRDA:112,15,0,1
BRDA:112,15,1,6
BRDA:119,16,0,12
BRDA:119,16,1,0
BRDA:133,17,0,2
BRDA:133,17,1,15
BRDA:134,18,0,17
BRDA:134,18,1,7
BRDA:134,19,0,17
BRDA:134,19,1,0
BRDA:135,20,0,7
BRDA:135,20,1,0
BRDA:141,21,0,1
BRDA:141,21,1,11
BRDA:154,22,0,1
BRDA:154,22,1,6
BRDA:159,23,0,6
BRDA:159,23,1,0
BRDA:160,24,0,6
BRDA:160,24,1,4
BRDA:161,25,0,4
BRDA:161,25,1,2
BRDA:162,26,0,1
BRDA:162,26,1,3
BRDA:169,27,0,2
BRDA:169,27,1,2
BRDA:170,28,0,1
BRDA:170,28,1,1
BRDA:183,29,0,1
BRDA:183,29,1,2
BRDA:188,30,0,3
BRDA:188,30,1,1
BRDA:189,31,0,3
BRDA:189,31,1,1
BRDA:190,32,0,3
BRDA:190,32,1,0
BRDA:190,32,2,0
BRDA:193,33,0,1
BRDA:193,33,1,2
BRDA:206,34,0,1
BRDA:206,34,1,10
BRDA:211,35,0,10
BRDA:211,35,1,0
BRDA:212,36,0,10
BRDA:212,36,1,5
BRDA:214,37,0,5
BRDA:214,37,1,5
BRDA:215,38,0,1
BRDA:215,38,1,4
BRDA:222,39,0,5
BRDA:222,39,1,4
BRDA:223,40,0,0
BRDA:223,40,1,5
BRDA:228,41,0,1
BRDA:228,41,1,4
BRDA:238,42,0,5
BRDA:238,42,1,0
BRDA:238,43,0,5
BRDA:238,43,1,0
BRDA:238,43,2,0
BRDA:240,44,0,1
BRDA:240,44,1,4
BRDA:271,45,0,3
BRDA:271,45,1,1
BRDA:275,46,0,1
BRDA:275,46,1,7
BRDA:284,47,0,1
BRDA:284,47,1,6
BRDA:289,48,0,6
BRDA:289,48,1,0
BRDA:290,49,0,6
BRDA:290,49,1,0
BRDA:291,50,0,6
BRDA:291,50,1,4
BRDA:292,51,0,6
BRDA:292,51,1,4
BRDA:296,52,0,1
BRDA:296,52,1,5
BRDA:296,53,0,6
BRDA:296,53,1,4
BRDA:301,54,0,3
BRDA:301,54,1,2
BRDA:302,55,0,1
BRDA:302,55,1,2
BRDA:302,56,0,3
BRDA:302,56,1,2
BRDA:307,57,0,2
BRDA:307,57,1,0
BRDA:309,58,0,1
BRDA:309,58,1,1
BRDA:315,59,0,0
BRDA:315,59,1,3
BRDA:330,60,0,1
BRDA:330,60,1,2
BRDA:340,61,0,0
BRDA:340,61,1,3
BRDA:348,62,0,0
BRDA:348,62,1,3
BRDA:353,63,0,3
BRDA:353,63,1,0
BRDA:354,64,0,3
BRDA:354,64,1,0
BRDA:355,65,0,1
BRDA:355,65,1,2
BRDA:360,66,0,0
BRDA:360,66,1,2
BRDA:365,67,0,0
BRDA:365,67,1,2
BRDA:365,68,0,2
BRDA:365,68,1,2
BRDA:378,69,0,1
BRDA:378,69,1,1
BRDA:384,70,0,0
BRDA:384,70,1,1
BRDA:403,71,0,1
BRDA:403,71,1,15
BRDA:409,72,0,1
BRDA:409,72,1,14
BRDA:409,73,0,15
BRDA:409,73,1,0
BRDA:414,74,0,2
BRDA:414,74,1,12
BRDA:414,75,0,14
BRDA:414,75,1,0
BRDA:415,76,0,2
BRDA:415,76,1,1
BRDA:416,77,0,1
BRDA:416,77,1,1
BRDA:425,78,0,1
BRDA:425,78,1,0
BRDA:432,79,0,12
BRDA:432,79,1,0
BRDA:433,80,0,12
BRDA:433,80,1,0
BRDA:438,81,0,7
BRDA:438,81,1,5
BRDA:439,82,0,7
BRDA:439,82,1,7
BRDA:439,82,2,0
BRDA:440,83,0,7
BRDA:440,83,1,0
BRDA:441,84,0,7
BRDA:441,84,1,7
BRDA:441,84,2,1
BRDA:442,85,0,1
BRDA:442,85,1,6
BRDA:447,86,0,2
BRDA:447,86,1,4
BRDA:449,87,0,1
BRDA:449,87,1,1
BRDA:455,88,0,2
BRDA:455,88,1,0
BRDA:458,89,0,1
BRDA:458,89,1,3
BRDA:460,90,0,0
BRDA:460,90,1,3
BRDA:460,91,0,3
BRDA:460,91,1,3
BRDA:462,92,0,0
BRDA:462,92,1,3
BRDA:464,93,0,1
BRDA:464,93,1,2
BRDA:466,94,0,1
BRDA:466,94,1,1
BRDA:469,95,0,1
BRDA:469,95,1,3
BRDA:489,96,0,4
BRDA:489,96,1,1
BRDA:490,97,0,4
BRDA:490,97,1,1
BRDA:492,98,0,1
BRDA:492,98,1,3
BRDA:524,99,0,4
BRDA:530,100,0,1
BRDA:530,100,1,4
BRDA:541,101,0,1
BRDA:541,101,1,3
BRDA:545,102,0,3
BRDA:545,102,1,0
BRDA:546,103,0,3
BRDA:546,103,1,2
BRDA:546,103,2,1
BRDA:548,104,0,1
BRDA:548,104,1,2
BRDA:554,105,0,1
BRDA:554,105,1,0
BRDA:562,106,0,3
BRDA:562,106,1,0
BRF:218
BRH:182
end_of_record
TN:
SF:services\partesCadastroService.js
FN:6,normalizeEstado
FN:14,sanitize
FN:32,listarPartesCadastro
FN:48,obterParteCadastro
FN:53,criarParteCadastro
FN:84,atualizarParteCadastro
FN:102,(anonymous_6)
FN:118,removerParteCadastro
FNF:8
FNH:8
FNDA:2,normalizeEstado
FNDA:2,sanitize
FNDA:2,listarPartesCadastro
FNDA:1,obterParteCadastro
FNDA:1,criarParteCadastro
FNDA:1,atualizarParteCadastro
FNDA:12,(anonymous_6)
FNDA:3,removerParteCadastro
DA:1,1
DA:2,1
DA:4,1
DA:7,2
DA:10,2
DA:11,2
DA:15,2
DA:33,2
DA:34,2
DA:35,2
DA:36,1
DA:37,1
DA:39,2
DA:40,2
DA:41,2
DA:42,2
DA:43,2
DA:44,2
DA:45,2
DA:49,1
DA:50,1
DA:54,1
DA:55,1
DA:56,1
DA:65,1
DA:80,1
DA:81,1
DA:85,1
DA:86,1
DA:100,1
DA:101,1
DA:102,1
DA:103,12
DA:104,12
DA:105,12
DA:108,1
DA:109,0
DA:110,0
DA:112,1
DA:113,1
DA:114,1
DA:115,1
DA:120,3
DA:121,3
DA:122,1
DA:123,1
DA:124,1
DA:126,2
DA:127,2
DA:130,1
LF:50
LH:48
BRDA:7,0,0,2
BRDA:7,0,1,0
BRDA:10,1,0,0
BRDA:10,1,1,2
BRDA:14,2,0,0
BRDA:16,3,0,2
BRDA:16,3,1,2
BRDA:17,4,0,2
BRDA:17,4,1,0
BRDA:18,5,0,2
BRDA:18,5,1,0
BRDA:19,6,0,2
BRDA:19,6,1,1
BRDA:20,7,0,2
BRDA:20,7,1,1
BRDA:21,8,0,2
BRDA:21,8,1,1
BRDA:22,9,0,2
BRDA:22,9,1,1
BRDA:23,10,0,2
BRDA:23,10,1,1
BRDA:24,11,0,2
BRDA:24,11,1,2
BRDA:25,12,0,2
BRDA:25,12,1,1
BRDA:26,13,0,2
BRDA:26,13,1,1
BRDA:28,14,0,2
BRDA:28,14,1,1
BRDA:32,15,0,1
BRDA:32,16,0,1
BRDA:32,17,0,1
BRDA:35,18,0,1
BRDA:35,18,1,1
BRDA:45,19,0,2
BRDA:45,19,1,0
BRDA:50,20,0,1
BRDA:50,20,1,0
BRDA:53,21,0,0
BRDA:55,22,0,1
BRDA:55,22,1,1
BRDA:81,23,0,1
BRDA:81,23,1,0
BRDA:84,24,0,0
BRDA:103,25,0,12
BRDA:103,25,1,0
BRDA:108,26,0,0
BRDA:108,26,1,1
BRDA:115,27,0,1
BRDA:115,27,1,0
BRDA:121,28,0,1
BRDA:121,28,1,2
BRDA:121,29,0,3
BRDA:121,29,1,2
BRF:54
BRH:41
end_of_record
TN:
SF:services\processosService.js
FN:5,genNumero
FN:7,(anonymous_1)
FN:11,getProcessoById
FN:34,createProcesso
FN:169,updateDados
FN:205,atribuir
FN:280,priorizar
FN:327,tramitar
FN:395,listProcessos
FN:489,addParte
FN:564,deleteParte
FN:580,listTramites
FN:597,consultarPublico
FN:705,aceitarPendencia
FN:766,recusarPendencia
FN:835,arquivar
FNF:16
FNH:16
FNDA:3,genNumero
FNDA:18,(anonymous_1)
FNDA:2,getProcessoById
FNDA:5,createProcesso
FNDA:3,updateDados
FNDA:9,atribuir
FNDA:5,priorizar
FNDA:6,tramitar
FNDA:4,listProcessos
FNDA:6,addParte
FNDA:2,deleteParte
FNDA:2,listTramites
FNDA:10,consultarPublico
FNDA:6,aceitarPendencia
FNDA:7,recusarPendencia
FNDA:6,arquivar
DA:1,2
DA:2,2
DA:3,2
DA:6,3
DA:7,18
DA:8,3
DA:12,2
DA:17,2
DA:18,1
DA:31,1
DA:45,5
DA:46,4
DA:47,1
DA:48,1
DA:49,1
DA:51,3
DA:52,3
DA:53,3
DA:55,3
DA:56,3
DA:71,3
DA:72,4
DA:73,4
DA:75,2
DA:76,2
DA:77,1
DA:78,1
DA:79,1
DA:81,1
DA:93,2
DA:94,2
DA:99,2
DA:111,2
DA:112,2
DA:119,2
DA:123,2
DA:124,2
DA:125,2
DA:140,2
DA:142,2
DA:151,2
DA:166,2
DA:170,3
DA:174,3
DA:175,1
DA:176,1
DA:177,1
DA:179,2
DA:180,2
DA:181,2
DA:182,2
DA:184,2
DA:185,1
DA:186,1
DA:187,1
DA:189,1
DA:198,1
DA:202,1
DA:206,9
DA:207,1
DA:208,1
DA:209,1
DA:211,8
DA:212,1
DA:213,1
DA:214,1
DA:216,7
DA:219,7
DA:220,1
DA:221,1
DA:222,1
DA:224,6
DA:225,6
DA:226,6
DA:227,1
DA:228,1
DA:229,1
DA:231,5
DA:232,5
DA:233,1
DA:234,1
DA:235,1
DA:237,4
DA:238,4
DA:239,1
DA:240,1
DA:241,1
DA:245,3
DA:246,3
DA:247,1
DA:257,1
DA:258,1
DA:259,1
DA:260,1
DA:264,2
DA:268,2
DA:269,1
DA:270,1
DA:271,1
DA:273,1
DA:277,1
DA:281,5
DA:282,5
DA:283,1
DA:284,1
DA:285,1
DA:287,4
DA:288,1
DA:289,1
DA:290,1
DA:293,3
DA:296,3
DA:297,1
DA:298,1
DA:299,1
DA:301,2
DA:302,2
DA:303,1
DA:306,1
DA:307,1
DA:310,1
DA:314,1
DA:315,0
DA:316,0
DA:317,0
DA:320,1
DA:324,1
DA:328,6
DA:329,1
DA:330,1
DA:331,1
DA:333,5
DA:337,5
DA:338,1
DA:339,1
DA:340,1
DA:342,4
DA:343,4
DA:344,4
DA:345,1
DA:346,1
DA:347,1
DA:349,3
DA:350,3
DA:351,3
DA:365,3
DA:377,3
DA:378,3
DA:382,3
DA:396,4
DA:397,4
DA:399,4
DA:400,1
DA:401,1
DA:403,4
DA:404,1
DA:405,1
DA:407,4
DA:408,1
DA:409,1
DA:418,4
DA:419,1
DA:420,1
DA:422,4
DA:423,1
DA:424,1
DA:426,4
DA:427,1
DA:428,1
DA:430,4
DA:431,1
DA:432,1
DA:434,4
DA:435,1
DA:437,4
DA:438,1
DA:439,1
DA:441,4
DA:442,1
DA:443,1
DA:446,4
DA:447,4
DA:448,4
DA:450,4
DA:451,4
DA:452,4
DA:454,4
DA:485,4
DA:487,4
DA:491,6
DA:492,3
DA:493,3
DA:494,1
DA:495,1
DA:496,1
DA:498,2
DA:499,2
DA:500,1
DA:501,1
DA:502,1
DA:504,1
DA:505,1
DA:506,1
DA:511,1
DA:523,1
DA:527,3
DA:528,1
DA:529,1
DA:530,1
DA:532,2
DA:533,2
DA:534,1
DA:535,1
DA:536,1
DA:538,1
DA:539,1
DA:540,1
DA:545,1
DA:550,1
DA:562,1
DA:565,2
DA:572,2
DA:573,1
DA:574,1
DA:575,1
DA:577,1
DA:578,1
DA:581,2
DA:595,2
DA:598,10
DA:599,10
DA:602,10
DA:603,8
DA:609,8
DA:611,2
DA:617,2
DA:620,10
DA:621,2
DA:622,2
DA:623,2
DA:626,8
DA:627,8
DA:628,4
DA:629,2
DA:630,2
DA:631,2
DA:633,2
DA:637,2
DA:638,1
DA:639,1
DA:640,1
DA:644,5
DA:646,5
DA:666,5
DA:681,5
DA:693,5
DA:706,6
DA:707,1
DA:708,1
DA:709,1
DA:712,5
DA:716,5
DA:717,1
DA:718,1
DA:719,1
DA:721,4
DA:722,4
DA:723,4
DA:724,1
DA:725,1
DA:726,1
DA:729,3
DA:730,3
DA:731,1
DA:732,1
DA:733,1
DA:735,2
DA:736,2
DA:737,1
DA:738,1
DA:739,1
DA:743,1
DA:744,1
DA:746,1
DA:747,1
DA:758,1
DA:760,1
DA:764,1
DA:767,7
DA:768,1
DA:769,1
DA:770,1
DA:772,6
DA:773,1
DA:774,1
DA:775,1
DA:778,5
DA:782,5
DA:783,1
DA:784,1
DA:785,1
DA:787,4
DA:788,4
DA:789,4
DA:790,4
DA:791,1
DA:792,1
DA:793,1
DA:796,3
DA:797,3
DA:798,1
DA:799,1
DA:800,1
DA:802,2
DA:803,2
DA:804,1
DA:805,1
DA:806,1
DA:809,1
DA:810,1
DA:811,1
DA:816,1
DA:826,1
DA:828,1
DA:833,1
DA:836,6
DA:837,1
DA:838,1
DA:839,1
DA:841,5
DA:845,5
DA:846,1
DA:847,1
DA:848,1
DA:850,4
DA:851,4
DA:852,1
DA:853,1
DA:854,1
DA:856,3
DA:857,1
DA:858,1
DA:859,1
DA:861,2
DA:862,1
DA:863,1
DA:864,1
DA:867,1
DA:870,1
DA:874,1
DA:876,2
LF:351
LH:348
BRDA:7,0,0,15
BRDA:17,1,0,1
BRDA:17,1,1,1
BRDA:40,2,0,2
BRDA:41,3,0,3
BRDA:45,4,0,1
BRDA:45,4,1,4
BRDA:46,5,0,1
BRDA:46,5,1,3
BRDA:46,6,0,4
BRDA:46,6,1,3
BRDA:46,6,2,1
BRDA:53,7,0,3
BRDA:53,7,1,0
BRDA:53,7,2,0
BRDA:63,8,0,3
BRDA:63,8,1,2
BRDA:64,9,0,3
BRDA:64,9,1,1
BRDA:65,10,0,3
BRDA:65,10,1,3
BRDA:66,11,0,3
BRDA:66,11,1,3
BRDA:67,12,0,3
BRDA:67,12,1,0
BRDA:73,13,0,2
BRDA:73,13,1,2
BRDA:76,14,0,1
BRDA:76,14,1,1
BRDA:87,15,0,1
BRDA:87,15,1,0
BRDA:97,16,0,2
BRDA:97,16,1,0
BRDA:97,17,0,2
BRDA:97,17,1,0
BRDA:97,18,0,2
BRDA:97,18,1,0
BRDA:105,19,0,2
BRDA:105,19,1,0
BRDA:123,20,0,2
BRDA:123,20,1,0
BRDA:136,21,0,2
BRDA:136,21,1,0
BRDA:155,22,0,2
BRDA:155,22,1,1
BRDA:156,23,0,2
BRDA:156,23,1,1
BRDA:157,24,0,2
BRDA:157,24,1,2
BRDA:158,25,0,2
BRDA:158,25,1,2
BRDA:159,26,0,2
BRDA:159,26,1,0
BRDA:164,27,0,2
BRDA:164,27,1,0
BRDA:174,28,0,1
BRDA:174,28,1,2
BRDA:181,29,0,2
BRDA:181,29,1,0
BRDA:182,30,0,1
BRDA:182,30,1,1
BRDA:184,31,0,1
BRDA:184,31,1,1
BRDA:184,32,0,2
BRDA:184,32,1,1
BRDA:196,33,0,1
BRDA:196,33,1,0
BRDA:196,34,0,1
BRDA:196,34,1,0
BRDA:196,35,0,1
BRDA:196,35,1,0
BRDA:196,36,0,1
BRDA:196,36,1,1
BRDA:206,37,0,1
BRDA:206,37,1,8
BRDA:211,38,0,1
BRDA:211,38,1,7
BRDA:219,39,0,1
BRDA:219,39,1,6
BRDA:224,40,0,6
BRDA:224,40,1,0
BRDA:225,41,0,6
BRDA:225,41,1,0
BRDA:226,42,0,1
BRDA:226,42,1,5
BRDA:226,43,0,6
BRDA:226,43,1,6
BRDA:232,44,0,1
BRDA:232,44,1,4
BRDA:237,45,0,4
BRDA:237,45,1,0
BRDA:238,46,0,1
BRDA:238,46,1,3
BRDA:245,47,0,3
BRDA:245,47,1,1
BRDA:246,48,0,1
BRDA:246,48,1,2
BRDA:246,49,0,3
BRDA:246,49,1,2
BRDA:257,50,0,1
BRDA:257,50,1,0
BRDA:265,51,0,2
BRDA:265,51,1,0
BRDA:268,52,0,1
BRDA:268,52,1,1
BRDA:277,53,0,1
BRDA:277,53,1,0
BRDA:282,54,0,1
BRDA:282,54,1,4
BRDA:282,55,0,5
BRDA:282,55,1,5
BRDA:287,56,0,1
BRDA:287,56,1,3
BRDA:296,57,0,1
BRDA:296,57,1,2
BRDA:301,58,0,2
BRDA:301,58,1,0
BRDA:302,59,0,1
BRDA:302,59,1,1
BRDA:302,60,0,2
BRDA:302,60,1,2
BRDA:314,61,0,0
BRDA:314,61,1,1
BRDA:328,62,0,1
BRDA:328,62,1,5
BRDA:337,63,0,1
BRDA:337,63,1,4
BRDA:344,64,0,1
BRDA:344,64,1,3
BRDA:344,65,0,4
BRDA:344,65,1,0
BRDA:359,66,0,3
BRDA:359,66,1,1
BRDA:360,67,0,3
BRDA:360,67,1,1
BRDA:361,68,0,3
BRDA:361,68,1,1
BRDA:375,69,0,3
BRDA:375,69,1,1
BRDA:375,70,0,3
BRDA:375,70,1,1
BRDA:387,71,0,3
BRDA:387,71,1,1
BRDA:388,72,0,3
BRDA:388,72,1,1
BRDA:389,73,0,3
BRDA:389,73,1,1
BRDA:395,74,0,0
BRDA:399,75,0,1
BRDA:399,75,1,3
BRDA:403,76,0,1
BRDA:403,76,1,3
BRDA:407,77,0,1
BRDA:407,77,1,3
BRDA:418,78,0,1
BRDA:418,78,1,3
BRDA:422,79,0,1
BRDA:422,79,1,3
BRDA:426,80,0,1
BRDA:426,80,1,3
BRDA:430,81,0,1
BRDA:430,81,1,3
BRDA:434,82,0,1
BRDA:434,82,1,3
BRDA:437,83,0,1
BRDA:437,83,1,3
BRDA:441,84,0,1
BRDA:441,84,1,3
BRDA:441,85,0,4
BRDA:441,85,1,1
BRDA:446,86,0,4
BRDA:446,86,1,0
BRDA:447,87,0,4
BRDA:447,87,1,0
BRDA:450,88,0,3
BRDA:450,88,1,1
BRDA:452,89,0,4
BRDA:452,89,1,0
BRDA:480,90,0,3
BRDA:480,90,1,1
BRDA:491,91,0,3
BRDA:491,91,1,3
BRDA:493,92,0,1
BRDA:493,92,1,2
BRDA:499,93,0,1
BRDA:499,93,1,1
BRDA:509,94,0,1
BRDA:509,94,1,0
BRDA:527,95,0,1
BRDA:527,95,1,2
BRDA:533,96,0,1
BRDA:533,96,1,1
BRDA:543,97,0,1
BRDA:543,97,1,0
BRDA:543,98,0,1
BRDA:543,98,1,0
BRDA:548,99,0,1
BRDA:548,99,1,0
BRDA:572,100,0,1
BRDA:572,100,1,1
BRDA:598,101,0,10
BRDA:598,101,1,0
BRDA:602,102,0,8
BRDA:602,102,1,2
BRDA:620,103,0,2
BRDA:620,103,1,8
BRDA:626,104,0,8
BRDA:626,104,1,0
BRDA:627,105,0,4
BRDA:627,105,1,4
BRDA:627,106,0,8
BRDA:627,106,1,4
BRDA:628,107,0,2
BRDA:628,107,1,2
BRDA:637,108,0,1
BRDA:637,108,1,1
BRDA:706,109,0,1
BRDA:706,109,1,5
BRDA:716,110,0,1
BRDA:716,110,1,4
BRDA:723,111,0,1
BRDA:723,111,1,3
BRDA:723,112,0,4
BRDA:723,112,1,3
BRDA:730,113,0,1
BRDA:730,113,1,2
BRDA:735,114,0,2
BRDA:735,114,1,0
BRDA:736,115,0,1
BRDA:736,115,1,1
BRDA:767,116,0,1
BRDA:767,116,1,6
BRDA:772,117,0,1
BRDA:772,117,1,5
BRDA:782,118,0,1
BRDA:782,118,1,4
BRDA:790,119,0,1
BRDA:790,119,1,3
BRDA:790,120,0,4
BRDA:790,120,1,3
BRDA:790,120,2,3
BRDA:797,121,0,1
BRDA:797,121,1,2
BRDA:802,122,0,2
BRDA:802,122,1,0
BRDA:803,123,0,1
BRDA:803,123,1,1
BRDA:836,124,0,1
BRDA:836,124,1,5
BRDA:845,125,0,1
BRDA:845,125,1,4
BRDA:851,126,0,1
BRDA:851,126,1,3
BRDA:856,127,0,1
BRDA:856,127,1,2
BRDA:856,128,0,3
BRDA:856,128,1,0
BRDA:861,129,0,1
BRDA:861,129,1,1
BRDA:861,130,0,2
BRDA:861,130,1,0
BRF:261
BRH:222
end_of_record
TN:
SF:services\transacoesService.js
FN:3,rollback
FN:11,beginTransaction
FN:15,commitTransaction
FNF:3
FNH:3
FNDA:2,rollback
FNDA:9,beginTransaction
FNDA:8,commitTransaction
DA:1,3
DA:4,2
DA:5,2
DA:12,9
DA:16,8
DA:19,3
LF:6
LH:6
BRF:0
BRH:0
end_of_record
TN:
SF:services\usuariosService.js
FN:4,getUsuarios
FN:45,upsertUsuario
FN:117,getUsuariosPorSigla
FNF:3
FNH:3
FNDA:6,getUsuarios
FNDA:7,upsertUsuario
FNDA:4,getUsuariosPorSigla
DA:1,1
DA:2,1
DA:5,6
DA:6,2
DA:19,2
DA:22,4
DA:23,4
DA:24,4
DA:25,2
DA:26,2
DA:28,4
DA:42,4
DA:46,7
DA:47,1
DA:48,1
DA:49,1
DA:52,6
DA:53,6
DA:54,6
DA:56,6
DA:57,4
DA:58,1
DA:62,3
DA:63,1
DA:67,2
DA:68,1
DA:73,1
DA:78,4
DA:91,4
DA:94,2
DA:95,2
DA:96,2
DA:101,2
DA:114,2
DA:118,4
DA:119,4
DA:120,2
DA:134,2
DA:137,1
LF:39
LH:39
BRDA:5,0,0,2
BRDA:5,0,1,4
BRDA:19,1,0,1
BRDA:19,1,1,1
BRDA:24,2,0,2
BRDA:24,2,1,2
BRDA:46,3,0,1
BRDA:46,3,1,6
BRDA:46,4,0,7
BRDA:46,4,1,6
BRDA:53,5,0,6
BRDA:53,5,1,3
BRDA:56,6,0,4
BRDA:56,6,1,2
BRDA:57,7,0,1
BRDA:57,7,1,3
BRDA:57,8,0,4
BRDA:57,8,1,2
BRDA:62,9,0,1
BRDA:62,9,1,2
BRDA:62,10,0,3
BRDA:62,10,1,1
BRDA:67,11,0,1
BRDA:67,11,1,1
BRDA:67,12,0,2
BRDA:67,12,1,2
BRDA:94,13,0,1
BRDA:94,13,1,1
BRDA:95,14,0,1
BRDA:95,14,1,1
BRDA:118,15,0,4
BRDA:118,15,1,2
BRDA:119,16,0,2
BRDA:119,16,1,2
BRF:34
BRH:34
end_of_record
