<?xml version="1.0" encoding="UTF-8"?>
<coverage generated="1761261966460" clover="3.2.0">
  <project timestamp="1761261966461" name="All files">
    <metrics statements="817" coveredstatements="815" conditionals="613" coveredconditionals="536" methods="56" coveredmethods="54" elements="1486" coveredelements="1405" complexity="0" loc="817" ncloc="817" packages="1" files="9" classes="9"/>
    <file name="acessosService.js" path="C:\Users\lcmuniz\Documents\spe\api\services\acessosService.js">
      <metrics statements="28" coveredstatements="28" conditionals="13" coveredconditionals="13" methods="3" coveredmethods="3"/>
      <line num="1" count="2" type="stmt"/>
      <line num="2" count="2" type="stmt"/>
      <line num="5" count="1" type="stmt"/>
      <line num="15" count="1" type="stmt"/>
      <line num="19" count="7" type="cond" truecount="2" falsecount="0"/>
      <line num="20" count="7" type="cond" truecount="2" falsecount="0"/>
      <line num="21" count="3" type="stmt"/>
      <line num="22" count="3" type="stmt"/>
      <line num="23" count="3" type="stmt"/>
      <line num="25" count="4" type="cond" truecount="5" falsecount="0"/>
      <line num="26" count="2" type="stmt"/>
      <line num="27" count="2" type="stmt"/>
      <line num="28" count="2" type="stmt"/>
      <line num="31" count="2" type="stmt"/>
      <line num="32" count="2" type="cond" truecount="2" falsecount="0"/>
      <line num="33" count="1" type="stmt"/>
      <line num="34" count="1" type="stmt"/>
      <line num="35" count="1" type="stmt"/>
      <line num="38" count="1" type="stmt"/>
      <line num="39" count="1" type="stmt"/>
      <line num="45" count="1" type="stmt"/>
      <line num="49" count="2" type="stmt"/>
      <line num="53" count="2" type="cond" truecount="2" falsecount="0"/>
      <line num="54" count="1" type="stmt"/>
      <line num="55" count="1" type="stmt"/>
      <line num="56" count="1" type="stmt"/>
      <line num="58" count="1" type="stmt"/>
      <line num="61" count="2" type="stmt"/>
    </file>
    <file name="auditoriaService.js" path="C:\Users\lcmuniz\Documents\spe\api\services\auditoriaService.js">
      <metrics statements="16" coveredstatements="16" conditionals="25" coveredconditionals="24" methods="1" coveredmethods="1"/>
      <line num="1" count="2" type="stmt"/>
      <line num="2" count="2" type="stmt"/>
      <line num="5" count="6" type="stmt"/>
      <line num="6" count="6" type="stmt"/>
      <line num="7" count="6" type="cond" truecount="3" falsecount="0"/>
      <line num="8" count="6" type="cond" truecount="2" falsecount="0"/>
      <line num="9" count="6" type="cond" truecount="2" falsecount="0"/>
      <line num="11" count="6" type="stmt"/>
      <line num="12" count="6" type="cond" truecount="5" falsecount="0"/>
      <line num="13" count="4" type="stmt"/>
      <line num="14" count="4" type="cond" truecount="4" falsecount="1"/>
      <line num="15" count="4" type="stmt"/>
      <line num="17" count="4" type="stmt"/>
      <line num="20" count="6" type="stmt"/>
      <line num="36" count="2" type="stmt"/>
      <line num="40" count="2" type="stmt"/>
    </file>
    <file name="catalogService.js" path="C:\Users\lcmuniz\Documents\spe\api\services\catalogService.js">
      <metrics statements="8" coveredstatements="8" conditionals="0" coveredconditionals="0" methods="3" coveredmethods="3"/>
      <line num="1" count="1" type="stmt"/>
      <line num="4" count="1" type="stmt"/>
      <line num="7" count="1" type="stmt"/>
      <line num="11" count="1" type="stmt"/>
      <line num="12" count="1" type="stmt"/>
      <line num="16" count="1" type="stmt"/>
      <line num="17" count="1" type="stmt"/>
      <line num="20" count="1" type="stmt"/>
    </file>
    <file name="chavesService.js" path="C:\Users\lcmuniz\Documents\spe\api\services\chavesService.js">
      <metrics statements="29" coveredstatements="29" conditionals="8" coveredconditionals="8" methods="3" coveredmethods="3"/>
      <line num="1" count="1" type="stmt"/>
      <line num="2" count="1" type="stmt"/>
      <line num="5" count="1" type="stmt"/>
      <line num="12" count="1" type="stmt"/>
      <line num="16" count="4" type="cond" truecount="2" falsecount="0"/>
      <line num="17" count="1" type="stmt"/>
      <line num="18" count="1" type="stmt"/>
      <line num="19" count="1" type="stmt"/>
      <line num="22" count="3" type="stmt"/>
      <line num="23" count="3" type="cond" truecount="2" falsecount="0"/>
      <line num="24" count="1" type="stmt"/>
      <line num="25" count="1" type="stmt"/>
      <line num="26" count="1" type="stmt"/>
      <line num="29" count="2" type="stmt"/>
      <line num="33" count="2" type="cond" truecount="2" falsecount="0"/>
      <line num="34" count="1" type="stmt"/>
      <line num="35" count="1" type="stmt"/>
      <line num="36" count="1" type="stmt"/>
      <line num="39" count="1" type="stmt"/>
      <line num="40" count="1" type="stmt"/>
      <line num="41" count="1" type="stmt"/>
      <line num="47" count="1" type="stmt"/>
      <line num="51" count="2" type="stmt"/>
      <line num="55" count="2" type="cond" truecount="2" falsecount="0"/>
      <line num="56" count="1" type="stmt"/>
      <line num="57" count="1" type="stmt"/>
      <line num="58" count="1" type="stmt"/>
      <line num="60" count="1" type="stmt"/>
      <line num="63" count="1" type="stmt"/>
    </file>
    <file name="documentosService.js" path="C:\Users\lcmuniz\Documents\spe\api\services\documentosService.js">
      <metrics statements="290" coveredstatements="290" conditionals="218" coveredconditionals="190" methods="16" coveredmethods="14"/>
      <line num="1" count="6" type="stmt"/>
      <line num="2" count="6" type="stmt"/>
      <line num="5" count="3" type="cond" truecount="2" falsecount="0"/>
      <line num="6" count="3" type="stmt"/>
      <line num="9" count="3" type="cond" truecount="2" falsecount="0"/>
      <line num="10" count="1" type="stmt"/>
      <line num="11" count="1" type="stmt"/>
      <line num="12" count="1" type="stmt"/>
      <line num="15" count="2" type="cond" truecount="2" falsecount="0"/>
      <line num="18" count="2" type="cond" truecount="2" falsecount="0"/>
      <line num="20" count="2" type="stmt"/>
      <line num="41" count="2" type="stmt"/>
      <line num="45" count="4" type="cond" truecount="2" falsecount="0"/>
      <line num="46" count="1" type="stmt"/>
      <line num="47" count="1" type="stmt"/>
      <line num="48" count="1" type="stmt"/>
      <line num="50" count="3" type="stmt"/>
      <line num="51" count="3" type="cond" truecount="2" falsecount="0"/>
      <line num="52" count="1" type="stmt"/>
      <line num="53" count="1" type="stmt"/>
      <line num="54" count="1" type="stmt"/>
      <line num="56" count="2" type="stmt"/>
      <line num="57" count="2" type="cond" truecount="2" falsecount="0"/>
      <line num="58" count="1" type="stmt"/>
      <line num="59" count="1" type="stmt"/>
      <line num="60" count="1" type="stmt"/>
      <line num="62" count="1" type="stmt"/>
      <line num="66" count="1" type="stmt"/>
      <line num="70" count="6" type="cond" truecount="2" falsecount="0"/>
      <line num="71" count="1" type="stmt"/>
      <line num="72" count="1" type="stmt"/>
      <line num="73" count="1" type="stmt"/>
      <line num="75" count="5" type="stmt"/>
      <line num="76" count="5" type="stmt"/>
      <line num="80" count="5" type="stmt"/>
      <line num="87" count="5" type="stmt"/>
      <line num="91" count="17" type="stmt"/>
      <line num="99" count="17" type="cond" truecount="2" falsecount="0"/>
      <line num="100" count="2" type="stmt"/>
      <line num="101" count="2" type="stmt"/>
      <line num="102" count="2" type="stmt"/>
      <line num="104" count="15" type="stmt"/>
      <line num="105" count="15" type="cond" truecount="2" falsecount="0"/>
      <line num="106" count="15" type="cond" truecount="2" falsecount="0"/>
      <line num="107" count="9" type="cond" truecount="2" falsecount="0"/>
      <line num="108" count="1" type="stmt"/>
      <line num="109" count="1" type="stmt"/>
      <line num="110" count="1" type="stmt"/>
      <line num="112" count="8" type="cond" truecount="2" falsecount="0"/>
      <line num="113" count="1" type="stmt"/>
      <line num="114" count="1" type="stmt"/>
      <line num="115" count="1" type="stmt"/>
      <line num="118" count="13" type="stmt"/>
      <line num="119" count="13" type="cond" truecount="1" falsecount="1"/>
      <line num="120" count="13" type="stmt"/>
      <line num="129" count="17" type="stmt"/>
      <line num="130" count="13" type="stmt"/>
      <line num="131" count="13" type="stmt"/>
      <line num="132" count="18" type="stmt"/>
      <line num="133" count="18" type="cond" truecount="2" falsecount="0"/>
      <line num="137" count="2" type="stmt"/>
      <line num="140" count="13" type="stmt"/>
      <line num="141" count="13" type="cond" truecount="2" falsecount="0"/>
      <line num="142" count="1" type="stmt"/>
      <line num="143" count="1" type="stmt"/>
      <line num="144" count="1" type="stmt"/>
      <line num="146" count="12" type="stmt"/>
      <line num="150" count="9" type="stmt"/>
      <line num="154" count="9" type="cond" truecount="2" falsecount="0"/>
      <line num="155" count="1" type="stmt"/>
      <line num="156" count="1" type="stmt"/>
      <line num="157" count="1" type="stmt"/>
      <line num="159" count="8" type="cond" truecount="1" falsecount="1"/>
      <line num="160" count="8" type="cond" truecount="2" falsecount="0"/>
      <line num="161" count="8" type="cond" truecount="2" falsecount="0"/>
      <line num="162" count="4" type="cond" truecount="2" falsecount="0"/>
      <line num="163" count="1" type="stmt"/>
      <line num="164" count="1" type="stmt"/>
      <line num="165" count="1" type="stmt"/>
      <line num="167" count="3" type="stmt"/>
      <line num="169" count="6" type="cond" truecount="2" falsecount="0"/>
      <line num="170" count="4" type="cond" truecount="2" falsecount="0"/>
      <line num="171" count="1" type="stmt"/>
      <line num="172" count="1" type="stmt"/>
      <line num="173" count="1" type="stmt"/>
      <line num="175" count="3" type="stmt"/>
      <line num="183" count="4" type="cond" truecount="2" falsecount="0"/>
      <line num="187" count="4" type="stmt"/>
      <line num="193" count="4" type="cond" truecount="2" falsecount="0"/>
      <line num="194" count="1" type="stmt"/>
      <line num="195" count="1" type="stmt"/>
      <line num="196" count="1" type="stmt"/>
      <line num="198" count="3" type="stmt"/>
      <line num="202" count="12" type="stmt"/>
      <line num="206" count="12" type="cond" truecount="2" falsecount="0"/>
      <line num="207" count="1" type="stmt"/>
      <line num="208" count="1" type="stmt"/>
      <line num="209" count="1" type="stmt"/>
      <line num="211" count="11" type="cond" truecount="1" falsecount="1"/>
      <line num="212" count="11" type="cond" truecount="2" falsecount="0"/>
      <line num="214" count="11" type="cond" truecount="2" falsecount="0"/>
      <line num="215" count="5" type="cond" truecount="2" falsecount="0"/>
      <line num="216" count="1" type="stmt"/>
      <line num="217" count="1" type="stmt"/>
      <line num="218" count="1" type="stmt"/>
      <line num="220" count="4" type="stmt"/>
      <line num="222" count="10" type="cond" truecount="2" falsecount="0"/>
      <line num="223" count="6" type="cond" truecount="2" falsecount="0"/>
      <line num="224" count="1" type="stmt"/>
      <line num="225" count="1" type="stmt"/>
      <line num="226" count="1" type="stmt"/>
      <line num="228" count="5" type="cond" truecount="2" falsecount="0"/>
      <line num="229" count="1" type="stmt"/>
      <line num="230" count="1" type="stmt"/>
      <line num="231" count="1" type="stmt"/>
      <line num="233" count="4" type="stmt"/>
      <line num="236" count="5" type="stmt"/>
      <line num="240" count="5" type="cond" truecount="2" falsecount="0"/>
      <line num="241" count="1" type="stmt"/>
      <line num="242" count="1" type="stmt"/>
      <line num="243" count="1" type="stmt"/>
      <line num="245" count="4" type="stmt"/>
      <line num="249" count="4" type="stmt"/>
      <line num="271" count="4" type="cond" truecount="2" falsecount="0"/>
      <line num="275" count="12" type="cond" truecount="2" falsecount="0"/>
      <line num="276" count="2" type="stmt"/>
      <line num="277" count="2" type="stmt"/>
      <line num="278" count="2" type="stmt"/>
      <line num="280" count="10" type="stmt"/>
      <line num="284" count="10" type="cond" truecount="2" falsecount="0"/>
      <line num="285" count="2" type="stmt"/>
      <line num="286" count="2" type="stmt"/>
      <line num="287" count="2" type="stmt"/>
      <line num="289" count="8" type="cond" truecount="1" falsecount="1"/>
      <line num="290" count="8" type="cond" truecount="1" falsecount="1"/>
      <line num="291" count="8" type="cond" truecount="2" falsecount="0"/>
      <line num="292" count="8" type="cond" truecount="2" falsecount="0"/>
      <line num="294" count="8" type="stmt"/>
      <line num="295" count="8" type="stmt"/>
      <line num="296" count="8" type="cond" truecount="4" falsecount="0"/>
      <line num="297" count="2" type="stmt"/>
      <line num="298" count="2" type="stmt"/>
      <line num="299" count="2" type="stmt"/>
      <line num="301" count="6" type="cond" truecount="2" falsecount="0"/>
      <line num="302" count="3" type="cond" truecount="4" falsecount="0"/>
      <line num="303" count="1" type="stmt"/>
      <line num="304" count="1" type="stmt"/>
      <line num="305" count="1" type="stmt"/>
      <line num="307" count="2" type="cond" truecount="1" falsecount="1"/>
      <line num="308" count="2" type="stmt"/>
      <line num="309" count="2" type="cond" truecount="2" falsecount="0"/>
      <line num="310" count="1" type="stmt"/>
      <line num="311" count="1" type="stmt"/>
      <line num="312" count="1" type="stmt"/>
      <line num="315" count="4" type="cond" truecount="2" falsecount="0"/>
      <line num="316" count="1" type="stmt"/>
      <line num="317" count="1" type="stmt"/>
      <line num="318" count="1" type="stmt"/>
      <line num="320" count="3" type="stmt"/>
      <line num="322" count="3" type="stmt"/>
      <line num="330" count="3" type="cond" truecount="2" falsecount="0"/>
      <line num="331" count="1" type="stmt"/>
      <line num="332" count="1" type="stmt"/>
      <line num="333" count="1" type="stmt"/>
      <line num="335" count="2" type="stmt"/>
      <line num="336" count="2" type="stmt"/>
      <line num="340" count="10" type="cond" truecount="2" falsecount="0"/>
      <line num="341" count="1" type="stmt"/>
      <line num="342" count="1" type="stmt"/>
      <line num="343" count="1" type="stmt"/>
      <line num="345" count="9" type="stmt"/>
      <line num="348" count="9" type="cond" truecount="2" falsecount="0"/>
      <line num="349" count="1" type="stmt"/>
      <line num="350" count="1" type="stmt"/>
      <line num="351" count="1" type="stmt"/>
      <line num="353" count="8" type="cond" truecount="1" falsecount="1"/>
      <line num="354" count="8" type="cond" truecount="1" falsecount="1"/>
      <line num="355" count="8" type="cond" truecount="2" falsecount="0"/>
      <line num="356" count="2" type="stmt"/>
      <line num="357" count="2" type="stmt"/>
      <line num="358" count="2" type="stmt"/>
      <line num="360" count="6" type="cond" truecount="2" falsecount="0"/>
      <line num="361" count="1" type="stmt"/>
      <line num="362" count="1" type="stmt"/>
      <line num="363" count="1" type="stmt"/>
      <line num="365" count="5" type="cond" truecount="4" falsecount="0"/>
      <line num="366" count="1" type="stmt"/>
      <line num="367" count="1" type="stmt"/>
      <line num="368" count="1" type="stmt"/>
      <line num="370" count="4" type="stmt"/>
      <line num="378" count="4" type="cond" truecount="2" falsecount="0"/>
      <line num="379" count="1" type="stmt"/>
      <line num="380" count="1" type="stmt"/>
      <line num="381" count="1" type="stmt"/>
      <line num="383" count="3" type="stmt"/>
      <line num="384" count="3" type="cond" truecount="2" falsecount="0"/>
      <line num="385" count="1" type="stmt"/>
      <line num="386" count="1" type="stmt"/>
      <line num="387" count="1" type="stmt"/>
      <line num="389" count="2" type="stmt"/>
      <line num="393" count="31" type="stmt"/>
      <line num="403" count="31" type="cond" truecount="2" falsecount="0"/>
      <line num="404" count="3" type="stmt"/>
      <line num="405" count="3" type="stmt"/>
      <line num="406" count="3" type="stmt"/>
      <line num="408" count="28" type="stmt"/>
      <line num="409" count="28" type="cond" truecount="3" falsecount="1"/>
      <line num="410" count="3" type="stmt"/>
      <line num="411" count="3" type="stmt"/>
      <line num="412" count="3" type="stmt"/>
      <line num="414" count="25" type="cond" truecount="3" falsecount="1"/>
      <line num="415" count="6" type="cond" truecount="2" falsecount="0"/>
      <line num="416" count="6" type="cond" truecount="2" falsecount="0"/>
      <line num="417" count="3" type="stmt"/>
      <line num="418" count="3" type="stmt"/>
      <line num="419" count="3" type="stmt"/>
      <line num="421" count="3" type="stmt"/>
      <line num="425" count="3" type="cond" truecount="1" falsecount="1"/>
      <line num="426" count="3" type="stmt"/>
      <line num="427" count="3" type="stmt"/>
      <line num="428" count="3" type="stmt"/>
      <line num="432" count="19" type="cond" truecount="1" falsecount="1"/>
      <line num="433" count="19" type="cond" truecount="1" falsecount="1"/>
      <line num="434" count="19" type="stmt"/>
      <line num="435" count="19" type="stmt"/>
      <line num="436" count="19" type="stmt"/>
      <line num="438" count="19" type="cond" truecount="2" falsecount="0"/>
      <line num="439" count="10" type="cond" truecount="2" falsecount="1"/>
      <line num="440" count="10" type="cond" truecount="1" falsecount="1"/>
      <line num="441" count="10" type="cond" truecount="3" falsecount="0"/>
      <line num="442" count="10" type="cond" truecount="2" falsecount="0"/>
      <line num="443" count="2" type="stmt"/>
      <line num="444" count="2" type="stmt"/>
      <line num="445" count="2" type="stmt"/>
      <line num="447" count="8" type="cond" truecount="2" falsecount="0"/>
      <line num="448" count="3" type="stmt"/>
      <line num="449" count="3" type="cond" truecount="2" falsecount="0"/>
      <line num="450" count="6" type="stmt"/>
      <line num="451" count="2" type="stmt"/>
      <line num="453" count="1" type="stmt"/>
      <line num="455" count="3" type="cond" truecount="1" falsecount="1"/>
      <line num="458" count="5" type="cond" truecount="2" falsecount="0"/>
      <line num="469" count="5" type="cond" truecount="2" falsecount="0"/>
      <line num="470" count="1" type="stmt"/>
      <line num="471" count="1" type="stmt"/>
      <line num="472" count="1" type="stmt"/>
      <line num="474" count="4" type="stmt"/>
      <line num="475" count="4" type="stmt"/>
      <line num="476" count="4" type="stmt"/>
      <line num="477" count="4" type="stmt"/>
      <line num="478" count="4" type="stmt"/>
      <line num="482" count="4" type="stmt"/>
      <line num="483" count="4" type="stmt"/>
      <line num="484" count="4" type="stmt"/>
      <line num="486" count="4" type="stmt"/>
      <line num="489" count="9" type="cond" truecount="2" falsecount="0"/>
      <line num="490" count="7" type="cond" truecount="2" falsecount="0"/>
      <line num="491" count="7" type="stmt"/>
      <line num="492" count="7" type="cond" truecount="2" falsecount="0"/>
      <line num="496" count="6" type="stmt"/>
      <line num="498" count="7" type="stmt"/>
      <line num="499" count="7" type="stmt"/>
      <line num="500" count="7" type="stmt"/>
      <line num="501" count="7" type="stmt"/>
      <line num="502" count="7" type="stmt"/>
      <line num="505" count="7" type="stmt"/>
      <line num="506" count="7" type="stmt"/>
      <line num="511" count="7" type="stmt"/>
      <line num="513" count="7" type="stmt"/>
      <line num="516" count="2" type="stmt"/>
      <line num="517" count="2" type="stmt"/>
      <line num="518" count="2" type="stmt"/>
      <line num="521" count="14" type="stmt"/>
      <line num="526" count="5" type="stmt"/>
      <line num="530" count="5" type="cond" truecount="2" falsecount="0"/>
      <line num="531" count="1" type="stmt"/>
      <line num="532" count="1" type="stmt"/>
      <line num="533" count="1" type="stmt"/>
      <line num="537" count="4" type="stmt"/>
      <line num="541" count="4" type="cond" truecount="2" falsecount="0"/>
      <line num="542" count="1" type="stmt"/>
      <line num="545" count="3" type="cond" truecount="1" falsecount="1"/>
      <line num="546" count="3" type="cond" truecount="3" falsecount="0"/>
      <line num="548" count="3" type="cond" truecount="2" falsecount="0"/>
      <line num="550" count="1" type="stmt"/>
      <line num="554" count="1" type="cond" truecount="1" falsecount="1"/>
      <line num="558" count="3" type="stmt"/>
      <line num="566" count="3" type="stmt"/>
      <line num="571" count="3" type="stmt"/>
      <line num="574" count="6" type="stmt"/>
    </file>
    <file name="partesCadastroService.js" path="C:\Users\lcmuniz\Documents\spe\api\services\partesCadastroService.js">
      <metrics statements="50" coveredstatements="48" conditionals="54" coveredconditionals="41" methods="8" coveredmethods="8"/>
      <line num="1" count="4" type="stmt"/>
      <line num="2" count="4" type="stmt"/>
      <line num="4" count="4" type="stmt"/>
      <line num="7" count="2" type="cond" truecount="1" falsecount="1"/>
      <line num="10" count="2" type="cond" truecount="1" falsecount="1"/>
      <line num="11" count="2" type="stmt"/>
      <line num="15" count="2" type="stmt"/>
      <line num="33" count="2" type="stmt"/>
      <line num="34" count="2" type="stmt"/>
      <line num="35" count="2" type="cond" truecount="2" falsecount="0"/>
      <line num="36" count="1" type="stmt"/>
      <line num="37" count="1" type="stmt"/>
      <line num="39" count="2" type="stmt"/>
      <line num="40" count="2" type="stmt"/>
      <line num="41" count="2" type="stmt"/>
      <line num="42" count="2" type="stmt"/>
      <line num="43" count="2" type="stmt"/>
      <line num="44" count="2" type="stmt"/>
      <line num="45" count="2" type="cond" truecount="1" falsecount="1"/>
      <line num="49" count="1" type="stmt"/>
      <line num="50" count="1" type="cond" truecount="1" falsecount="1"/>
      <line num="54" count="1" type="stmt"/>
      <line num="55" count="1" type="cond" truecount="2" falsecount="0"/>
      <line num="56" count="1" type="stmt"/>
      <line num="65" count="1" type="stmt"/>
      <line num="80" count="1" type="stmt"/>
      <line num="81" count="1" type="cond" truecount="1" falsecount="1"/>
      <line num="85" count="1" type="stmt"/>
      <line num="86" count="1" type="stmt"/>
      <line num="100" count="1" type="stmt"/>
      <line num="101" count="1" type="stmt"/>
      <line num="102" count="1" type="stmt"/>
      <line num="103" count="12" type="cond" truecount="1" falsecount="1"/>
      <line num="104" count="12" type="stmt"/>
      <line num="105" count="12" type="stmt"/>
      <line num="108" count="1" type="cond" truecount="1" falsecount="1"/>
      <line num="109" count="0" type="stmt"/>
      <line num="110" count="0" type="stmt"/>
      <line num="112" count="1" type="stmt"/>
      <line num="113" count="1" type="stmt"/>
      <line num="114" count="1" type="stmt"/>
      <line num="115" count="1" type="cond" truecount="1" falsecount="1"/>
      <line num="120" count="5" type="stmt"/>
      <line num="121" count="5" type="cond" truecount="4" falsecount="0"/>
      <line num="122" count="2" type="stmt"/>
      <line num="123" count="2" type="stmt"/>
      <line num="124" count="2" type="stmt"/>
      <line num="126" count="3" type="stmt"/>
      <line num="127" count="3" type="stmt"/>
      <line num="130" count="4" type="stmt"/>
    </file>
    <file name="processosService.js" path="C:\Users\lcmuniz\Documents\spe\api\services\processosService.js">
      <metrics statements="351" coveredstatements="351" conditionals="261" coveredconditionals="226" methods="16" coveredmethods="16"/>
      <line num="1" count="11" type="stmt"/>
      <line num="2" count="11" type="stmt"/>
      <line num="3" count="11" type="stmt"/>
      <line num="6" count="6" type="stmt"/>
      <line num="7" count="36" type="cond" truecount="1" falsecount="0"/>
      <line num="8" count="6" type="stmt"/>
      <line num="12" count="2" type="stmt"/>
      <line num="17" count="2" type="cond" truecount="2" falsecount="0"/>
      <line num="18" count="1" type="stmt"/>
      <line num="31" count="1" type="stmt"/>
      <line num="45" count="9" type="cond" truecount="2" falsecount="0"/>
      <line num="46" count="8" type="cond" truecount="5" falsecount="0"/>
      <line num="47" count="2" type="stmt"/>
      <line num="48" count="2" type="stmt"/>
      <line num="49" count="2" type="stmt"/>
      <line num="51" count="6" type="stmt"/>
      <line num="52" count="6" type="stmt"/>
      <line num="53" count="6" type="cond" truecount="1" falsecount="2"/>
      <line num="55" count="6" type="stmt"/>
      <line num="56" count="6" type="stmt"/>
      <line num="71" count="6" type="stmt"/>
      <line num="72" count="5" type="stmt"/>
      <line num="73" count="5" type="cond" truecount="2" falsecount="0"/>
      <line num="75" count="2" type="stmt"/>
      <line num="76" count="2" type="cond" truecount="2" falsecount="0"/>
      <line num="77" count="1" type="stmt"/>
      <line num="78" count="1" type="stmt"/>
      <line num="79" count="1" type="stmt"/>
      <line num="81" count="1" type="stmt"/>
      <line num="93" count="3" type="stmt"/>
      <line num="94" count="3" type="stmt"/>
      <line num="99" count="3" type="stmt"/>
      <line num="111" count="5" type="stmt"/>
      <line num="112" count="4" type="stmt"/>
      <line num="119" count="5" type="stmt"/>
      <line num="123" count="5" type="cond" truecount="1" falsecount="1"/>
      <line num="124" count="5" type="stmt"/>
      <line num="125" count="5" type="stmt"/>
      <line num="140" count="5" type="stmt"/>
      <line num="142" count="5" type="stmt"/>
      <line num="151" count="5" type="stmt"/>
      <line num="166" count="5" type="stmt"/>
      <line num="170" count="3" type="stmt"/>
      <line num="174" count="3" type="cond" truecount="2" falsecount="0"/>
      <line num="175" count="1" type="stmt"/>
      <line num="176" count="1" type="stmt"/>
      <line num="177" count="1" type="stmt"/>
      <line num="179" count="2" type="stmt"/>
      <line num="180" count="2" type="stmt"/>
      <line num="181" count="2" type="cond" truecount="1" falsecount="1"/>
      <line num="182" count="2" type="cond" truecount="2" falsecount="0"/>
      <line num="184" count="2" type="cond" truecount="4" falsecount="0"/>
      <line num="185" count="1" type="stmt"/>
      <line num="186" count="1" type="stmt"/>
      <line num="187" count="1" type="stmt"/>
      <line num="189" count="1" type="stmt"/>
      <line num="198" count="1" type="stmt"/>
      <line num="202" count="1" type="stmt"/>
      <line num="206" count="9" type="cond" truecount="2" falsecount="0"/>
      <line num="207" count="1" type="stmt"/>
      <line num="208" count="1" type="stmt"/>
      <line num="209" count="1" type="stmt"/>
      <line num="211" count="8" type="cond" truecount="2" falsecount="0"/>
      <line num="212" count="1" type="stmt"/>
      <line num="213" count="1" type="stmt"/>
      <line num="214" count="1" type="stmt"/>
      <line num="216" count="7" type="stmt"/>
      <line num="219" count="7" type="cond" truecount="2" falsecount="0"/>
      <line num="220" count="1" type="stmt"/>
      <line num="221" count="1" type="stmt"/>
      <line num="222" count="1" type="stmt"/>
      <line num="224" count="6" type="cond" truecount="1" falsecount="1"/>
      <line num="225" count="6" type="cond" truecount="2" falsecount="0"/>
      <line num="226" count="6" type="cond" truecount="4" falsecount="0"/>
      <line num="227" count="1" type="stmt"/>
      <line num="228" count="1" type="stmt"/>
      <line num="229" count="1" type="stmt"/>
      <line num="231" count="5" type="stmt"/>
      <line num="232" count="5" type="cond" truecount="2" falsecount="0"/>
      <line num="233" count="1" type="stmt"/>
      <line num="234" count="1" type="stmt"/>
      <line num="235" count="1" type="stmt"/>
      <line num="237" count="4" type="cond" truecount="1" falsecount="1"/>
      <line num="238" count="4" type="cond" truecount="2" falsecount="0"/>
      <line num="239" count="1" type="stmt"/>
      <line num="240" count="1" type="stmt"/>
      <line num="241" count="1" type="stmt"/>
      <line num="245" count="3" type="cond" truecount="2" falsecount="0"/>
      <line num="246" count="3" type="cond" truecount="4" falsecount="0"/>
      <line num="247" count="1" type="stmt"/>
      <line num="257" count="1" type="cond" truecount="1" falsecount="1"/>
      <line num="258" count="1" type="stmt"/>
      <line num="259" count="1" type="stmt"/>
      <line num="260" count="1" type="stmt"/>
      <line num="264" count="2" type="stmt"/>
      <line num="268" count="2" type="cond" truecount="2" falsecount="0"/>
      <line num="269" count="1" type="stmt"/>
      <line num="270" count="1" type="stmt"/>
      <line num="271" count="1" type="stmt"/>
      <line num="273" count="1" type="stmt"/>
      <line num="277" count="1" type="cond" truecount="1" falsecount="1"/>
      <line num="281" count="9" type="stmt"/>
      <line num="282" count="9" type="cond" truecount="4" falsecount="0"/>
      <line num="283" count="2" type="stmt"/>
      <line num="284" count="2" type="stmt"/>
      <line num="285" count="2" type="stmt"/>
      <line num="287" count="7" type="cond" truecount="2" falsecount="0"/>
      <line num="288" count="1" type="stmt"/>
      <line num="289" count="1" type="stmt"/>
      <line num="290" count="1" type="stmt"/>
      <line num="293" count="6" type="stmt"/>
      <line num="296" count="6" type="cond" truecount="2" falsecount="0"/>
      <line num="297" count="1" type="stmt"/>
      <line num="298" count="1" type="stmt"/>
      <line num="299" count="1" type="stmt"/>
      <line num="301" count="5" type="cond" truecount="2" falsecount="0"/>
      <line num="302" count="5" type="cond" truecount="4" falsecount="0"/>
      <line num="303" count="2" type="stmt"/>
      <line num="306" count="2" type="stmt"/>
      <line num="307" count="2" type="stmt"/>
      <line num="310" count="3" type="stmt"/>
      <line num="314" count="3" type="cond" truecount="2" falsecount="0"/>
      <line num="315" count="1" type="stmt"/>
      <line num="316" count="1" type="stmt"/>
      <line num="317" count="1" type="stmt"/>
      <line num="320" count="2" type="stmt"/>
      <line num="324" count="2" type="stmt"/>
      <line num="328" count="7" type="cond" truecount="2" falsecount="0"/>
      <line num="329" count="1" type="stmt"/>
      <line num="330" count="1" type="stmt"/>
      <line num="331" count="1" type="stmt"/>
      <line num="333" count="6" type="stmt"/>
      <line num="337" count="6" type="cond" truecount="2" falsecount="0"/>
      <line num="338" count="1" type="stmt"/>
      <line num="339" count="1" type="stmt"/>
      <line num="340" count="1" type="stmt"/>
      <line num="342" count="5" type="stmt"/>
      <line num="343" count="5" type="stmt"/>
      <line num="344" count="5" type="cond" truecount="3" falsecount="1"/>
      <line num="345" count="2" type="stmt"/>
      <line num="346" count="2" type="stmt"/>
      <line num="347" count="2" type="stmt"/>
      <line num="349" count="3" type="stmt"/>
      <line num="350" count="3" type="stmt"/>
      <line num="351" count="3" type="stmt"/>
      <line num="365" count="3" type="stmt"/>
      <line num="377" count="3" type="stmt"/>
      <line num="378" count="3" type="stmt"/>
      <line num="382" count="3" type="stmt"/>
      <line num="396" count="4" type="stmt"/>
      <line num="397" count="4" type="stmt"/>
      <line num="399" count="4" type="cond" truecount="2" falsecount="0"/>
      <line num="400" count="1" type="stmt"/>
      <line num="401" count="1" type="stmt"/>
      <line num="403" count="4" type="cond" truecount="2" falsecount="0"/>
      <line num="404" count="1" type="stmt"/>
      <line num="405" count="1" type="stmt"/>
      <line num="407" count="4" type="cond" truecount="2" falsecount="0"/>
      <line num="408" count="1" type="stmt"/>
      <line num="409" count="1" type="stmt"/>
      <line num="418" count="4" type="cond" truecount="2" falsecount="0"/>
      <line num="419" count="1" type="stmt"/>
      <line num="420" count="1" type="stmt"/>
      <line num="422" count="4" type="cond" truecount="2" falsecount="0"/>
      <line num="423" count="1" type="stmt"/>
      <line num="424" count="1" type="stmt"/>
      <line num="426" count="4" type="cond" truecount="2" falsecount="0"/>
      <line num="427" count="1" type="stmt"/>
      <line num="428" count="1" type="stmt"/>
      <line num="430" count="4" type="cond" truecount="2" falsecount="0"/>
      <line num="431" count="1" type="stmt"/>
      <line num="432" count="1" type="stmt"/>
      <line num="434" count="4" type="cond" truecount="2" falsecount="0"/>
      <line num="435" count="1" type="stmt"/>
      <line num="437" count="4" type="cond" truecount="2" falsecount="0"/>
      <line num="438" count="1" type="stmt"/>
      <line num="439" count="1" type="stmt"/>
      <line num="441" count="4" type="cond" truecount="4" falsecount="0"/>
      <line num="442" count="1" type="stmt"/>
      <line num="443" count="1" type="stmt"/>
      <line num="446" count="4" type="cond" truecount="1" falsecount="1"/>
      <line num="447" count="4" type="cond" truecount="1" falsecount="1"/>
      <line num="448" count="4" type="stmt"/>
      <line num="450" count="4" type="cond" truecount="2" falsecount="0"/>
      <line num="451" count="4" type="stmt"/>
      <line num="452" count="4" type="cond" truecount="1" falsecount="1"/>
      <line num="454" count="4" type="stmt"/>
      <line num="485" count="4" type="stmt"/>
      <line num="487" count="4" type="stmt"/>
      <line num="491" count="6" type="cond" truecount="2" falsecount="0"/>
      <line num="492" count="3" type="stmt"/>
      <line num="493" count="3" type="cond" truecount="2" falsecount="0"/>
      <line num="494" count="1" type="stmt"/>
      <line num="495" count="1" type="stmt"/>
      <line num="496" count="1" type="stmt"/>
      <line num="498" count="2" type="stmt"/>
      <line num="499" count="2" type="cond" truecount="2" falsecount="0"/>
      <line num="500" count="1" type="stmt"/>
      <line num="501" count="1" type="stmt"/>
      <line num="502" count="1" type="stmt"/>
      <line num="504" count="1" type="stmt"/>
      <line num="505" count="1" type="stmt"/>
      <line num="506" count="1" type="stmt"/>
      <line num="511" count="1" type="stmt"/>
      <line num="523" count="1" type="stmt"/>
      <line num="527" count="3" type="cond" truecount="2" falsecount="0"/>
      <line num="528" count="1" type="stmt"/>
      <line num="529" count="1" type="stmt"/>
      <line num="530" count="1" type="stmt"/>
      <line num="532" count="2" type="stmt"/>
      <line num="533" count="2" type="cond" truecount="2" falsecount="0"/>
      <line num="534" count="1" type="stmt"/>
      <line num="535" count="1" type="stmt"/>
      <line num="536" count="1" type="stmt"/>
      <line num="538" count="1" type="stmt"/>
      <line num="539" count="1" type="stmt"/>
      <line num="540" count="1" type="stmt"/>
      <line num="545" count="1" type="stmt"/>
      <line num="550" count="1" type="stmt"/>
      <line num="562" count="1" type="stmt"/>
      <line num="565" count="2" type="stmt"/>
      <line num="572" count="2" type="cond" truecount="2" falsecount="0"/>
      <line num="573" count="1" type="stmt"/>
      <line num="574" count="1" type="stmt"/>
      <line num="575" count="1" type="stmt"/>
      <line num="577" count="1" type="stmt"/>
      <line num="578" count="1" type="stmt"/>
      <line num="581" count="2" type="stmt"/>
      <line num="595" count="2" type="stmt"/>
      <line num="598" count="10" type="cond" truecount="1" falsecount="1"/>
      <line num="599" count="10" type="stmt"/>
      <line num="602" count="10" type="cond" truecount="2" falsecount="0"/>
      <line num="603" count="8" type="stmt"/>
      <line num="609" count="8" type="stmt"/>
      <line num="611" count="2" type="stmt"/>
      <line num="617" count="2" type="stmt"/>
      <line num="620" count="10" type="cond" truecount="2" falsecount="0"/>
      <line num="621" count="2" type="stmt"/>
      <line num="622" count="2" type="stmt"/>
      <line num="623" count="2" type="stmt"/>
      <line num="626" count="8" type="cond" truecount="1" falsecount="1"/>
      <line num="627" count="8" type="cond" truecount="4" falsecount="0"/>
      <line num="628" count="4" type="cond" truecount="2" falsecount="0"/>
      <line num="629" count="2" type="stmt"/>
      <line num="630" count="2" type="stmt"/>
      <line num="631" count="2" type="stmt"/>
      <line num="633" count="2" type="stmt"/>
      <line num="637" count="2" type="cond" truecount="2" falsecount="0"/>
      <line num="638" count="1" type="stmt"/>
      <line num="639" count="1" type="stmt"/>
      <line num="640" count="1" type="stmt"/>
      <line num="644" count="5" type="stmt"/>
      <line num="646" count="5" type="stmt"/>
      <line num="666" count="5" type="stmt"/>
      <line num="681" count="5" type="stmt"/>
      <line num="693" count="5" type="stmt"/>
      <line num="706" count="6" type="cond" truecount="2" falsecount="0"/>
      <line num="707" count="1" type="stmt"/>
      <line num="708" count="1" type="stmt"/>
      <line num="709" count="1" type="stmt"/>
      <line num="712" count="5" type="stmt"/>
      <line num="716" count="5" type="cond" truecount="2" falsecount="0"/>
      <line num="717" count="1" type="stmt"/>
      <line num="718" count="1" type="stmt"/>
      <line num="719" count="1" type="stmt"/>
      <line num="721" count="4" type="stmt"/>
      <line num="722" count="4" type="stmt"/>
      <line num="723" count="4" type="cond" truecount="4" falsecount="0"/>
      <line num="724" count="1" type="stmt"/>
      <line num="725" count="1" type="stmt"/>
      <line num="726" count="1" type="stmt"/>
      <line num="729" count="3" type="stmt"/>
      <line num="730" count="3" type="cond" truecount="2" falsecount="0"/>
      <line num="731" count="1" type="stmt"/>
      <line num="732" count="1" type="stmt"/>
      <line num="733" count="1" type="stmt"/>
      <line num="735" count="2" type="cond" truecount="1" falsecount="1"/>
      <line num="736" count="2" type="cond" truecount="2" falsecount="0"/>
      <line num="737" count="1" type="stmt"/>
      <line num="738" count="1" type="stmt"/>
      <line num="739" count="1" type="stmt"/>
      <line num="743" count="1" type="stmt"/>
      <line num="744" count="1" type="stmt"/>
      <line num="746" count="1" type="stmt"/>
      <line num="747" count="1" type="stmt"/>
      <line num="758" count="1" type="stmt"/>
      <line num="760" count="1" type="stmt"/>
      <line num="764" count="1" type="stmt"/>
      <line num="767" count="7" type="cond" truecount="2" falsecount="0"/>
      <line num="768" count="1" type="stmt"/>
      <line num="769" count="1" type="stmt"/>
      <line num="770" count="1" type="stmt"/>
      <line num="772" count="6" type="cond" truecount="2" falsecount="0"/>
      <line num="773" count="1" type="stmt"/>
      <line num="774" count="1" type="stmt"/>
      <line num="775" count="1" type="stmt"/>
      <line num="778" count="5" type="stmt"/>
      <line num="782" count="5" type="cond" truecount="2" falsecount="0"/>
      <line num="783" count="1" type="stmt"/>
      <line num="784" count="1" type="stmt"/>
      <line num="785" count="1" type="stmt"/>
      <line num="787" count="4" type="stmt"/>
      <line num="788" count="4" type="stmt"/>
      <line num="789" count="4" type="stmt"/>
      <line num="790" count="4" type="cond" truecount="5" falsecount="0"/>
      <line num="791" count="1" type="stmt"/>
      <line num="792" count="1" type="stmt"/>
      <line num="793" count="1" type="stmt"/>
      <line num="796" count="3" type="stmt"/>
      <line num="797" count="3" type="cond" truecount="2" falsecount="0"/>
      <line num="798" count="1" type="stmt"/>
      <line num="799" count="1" type="stmt"/>
      <line num="800" count="1" type="stmt"/>
      <line num="802" count="2" type="cond" truecount="1" falsecount="1"/>
      <line num="803" count="2" type="cond" truecount="2" falsecount="0"/>
      <line num="804" count="1" type="stmt"/>
      <line num="805" count="1" type="stmt"/>
      <line num="806" count="1" type="stmt"/>
      <line num="809" count="1" type="stmt"/>
      <line num="810" count="1" type="stmt"/>
      <line num="811" count="1" type="stmt"/>
      <line num="816" count="1" type="stmt"/>
      <line num="826" count="1" type="stmt"/>
      <line num="828" count="1" type="stmt"/>
      <line num="833" count="1" type="stmt"/>
      <line num="836" count="6" type="cond" truecount="2" falsecount="0"/>
      <line num="837" count="1" type="stmt"/>
      <line num="838" count="1" type="stmt"/>
      <line num="839" count="1" type="stmt"/>
      <line num="841" count="5" type="stmt"/>
      <line num="845" count="5" type="cond" truecount="2" falsecount="0"/>
      <line num="846" count="1" type="stmt"/>
      <line num="847" count="1" type="stmt"/>
      <line num="848" count="1" type="stmt"/>
      <line num="850" count="4" type="stmt"/>
      <line num="851" count="4" type="cond" truecount="2" falsecount="0"/>
      <line num="852" count="1" type="stmt"/>
      <line num="853" count="1" type="stmt"/>
      <line num="854" count="1" type="stmt"/>
      <line num="856" count="3" type="cond" truecount="3" falsecount="1"/>
      <line num="857" count="1" type="stmt"/>
      <line num="858" count="1" type="stmt"/>
      <line num="859" count="1" type="stmt"/>
      <line num="861" count="2" type="cond" truecount="3" falsecount="1"/>
      <line num="862" count="1" type="stmt"/>
      <line num="863" count="1" type="stmt"/>
      <line num="864" count="1" type="stmt"/>
      <line num="867" count="1" type="stmt"/>
      <line num="870" count="1" type="stmt"/>
      <line num="874" count="1" type="stmt"/>
      <line num="876" count="11" type="stmt"/>
    </file>
    <file name="transacoesService.js" path="C:\Users\lcmuniz\Documents\spe\api\services\transacoesService.js">
      <metrics statements="6" coveredstatements="6" conditionals="0" coveredconditionals="0" methods="3" coveredmethods="3"/>
      <line num="1" count="4" type="stmt"/>
      <line num="4" count="2" type="stmt"/>
      <line num="5" count="2" type="stmt"/>
      <line num="12" count="6" type="stmt"/>
      <line num="16" count="6" type="stmt"/>
      <line num="19" count="4" type="stmt"/>
    </file>
    <file name="usuariosService.js" path="C:\Users\lcmuniz\Documents\spe\api\services\usuariosService.js">
      <metrics statements="39" coveredstatements="39" conditionals="34" coveredconditionals="34" methods="3" coveredmethods="3"/>
      <line num="1" count="2" type="stmt"/>
      <line num="2" count="2" type="stmt"/>
      <line num="5" count="6" type="cond" truecount="2" falsecount="0"/>
      <line num="6" count="2" type="stmt"/>
      <line num="19" count="2" type="cond" truecount="2" falsecount="0"/>
      <line num="22" count="4" type="stmt"/>
      <line num="23" count="4" type="stmt"/>
      <line num="24" count="4" type="cond" truecount="2" falsecount="0"/>
      <line num="25" count="2" type="stmt"/>
      <line num="26" count="2" type="stmt"/>
      <line num="28" count="4" type="stmt"/>
      <line num="42" count="4" type="stmt"/>
      <line num="46" count="7" type="cond" truecount="4" falsecount="0"/>
      <line num="47" count="1" type="stmt"/>
      <line num="48" count="1" type="stmt"/>
      <line num="49" count="1" type="stmt"/>
      <line num="52" count="6" type="stmt"/>
      <line num="53" count="6" type="cond" truecount="2" falsecount="0"/>
      <line num="54" count="6" type="stmt"/>
      <line num="56" count="6" type="cond" truecount="2" falsecount="0"/>
      <line num="57" count="4" type="cond" truecount="4" falsecount="0"/>
      <line num="58" count="1" type="stmt"/>
      <line num="62" count="3" type="cond" truecount="4" falsecount="0"/>
      <line num="63" count="1" type="stmt"/>
      <line num="67" count="2" type="cond" truecount="4" falsecount="0"/>
      <line num="68" count="1" type="stmt"/>
      <line num="73" count="1" type="stmt"/>
      <line num="78" count="4" type="stmt"/>
      <line num="91" count="4" type="stmt"/>
      <line num="94" count="2" type="cond" truecount="2" falsecount="0"/>
      <line num="95" count="2" type="cond" truecount="2" falsecount="0"/>
      <line num="96" count="2" type="stmt"/>
      <line num="101" count="2" type="stmt"/>
      <line num="114" count="2" type="stmt"/>
      <line num="118" count="4" type="cond" truecount="2" falsecount="0"/>
      <line num="119" count="4" type="cond" truecount="2" falsecount="0"/>
      <line num="120" count="2" type="stmt"/>
      <line num="134" count="2" type="stmt"/>
      <line num="137" count="2" type="stmt"/>
    </file>
  </project>
</coverage>
