{"C:\\Users\\lcmuniz\\Documents\\spe\\api\\services\\acessosService.js": {"path":"C:\\Users\\lcmuniz\\Documents\\spe\\api\\services\\acessosService.js","statementMap":{"0":{"start":{"line":1,"column":23},"end":{"line":1,"column":38}},"1":{"start":{"line":2,"column":18},"end":{"line":2,"column":34}},"2":{"start":{"line":5,"column":19},"end":{"line":14,"column":3}},"3":{"start":{"line":15,"column":2},"end":{"line":15,"column":13}},"4":{"start":{"line":19,"column":12},"end":{"line":19,"column":44}},"5":{"start":{"line":20,"column":2},"end":{"line":24,"column":3}},"6":{"start":{"line":21,"column":16},"end":{"line":21,"column":42}},"7":{"start":{"line":22,"column":4},"end":{"line":22,"column":18}},"8":{"start":{"line":23,"column":4},"end":{"line":23,"column":13}},"9":{"start":{"line":25,"column":2},"end":{"line":29,"column":3}},"10":{"start":{"line":26,"column":16},"end":{"line":26,"column":48}},"11":{"start":{"line":27,"column":4},"end":{"line":27,"column":18}},"12":{"start":{"line":28,"column":4},"end":{"line":28,"column":13}},"13":{"start":{"line":31,"column":15},"end":{"line":31,"column":82}},"14":{"start":{"line":32,"column":2},"end":{"line":36,"column":3}},"15":{"start":{"line":33,"column":16},"end":{"line":33,"column":52}},"16":{"start":{"line":34,"column":4},"end":{"line":34,"column":18}},"17":{"start":{"line":35,"column":4},"end":{"line":35,"column":13}},"18":{"start":{"line":38,"column":19},"end":{"line":38,"column":27}},"19":{"start":{"line":39,"column":2},"end":{"line":43,"column":3}},"20":{"start":{"line":45,"column":2},"end":{"line":45,"column":25}},"21":{"start":{"line":49,"column":23},"end":{"line":52,"column":3}},"22":{"start":{"line":53,"column":2},"end":{"line":57,"column":3}},"23":{"start":{"line":54,"column":16},"end":{"line":54,"column":50}},"24":{"start":{"line":55,"column":4},"end":{"line":55,"column":18}},"25":{"start":{"line":56,"column":4},"end":{"line":56,"column":13}},"26":{"start":{"line":58,"column":2},"end":{"line":58,"column":21}},"27":{"start":{"line":61,"column":0},"end":{"line":65,"column":1}}},"fnMap":{"0":{"name":"listAcessos","decl":{"start":{"line":4,"column":15},"end":{"line":4,"column":26}},"loc":{"start":{"line":4,"column":39},"end":{"line":16,"column":1}},"line":4},"1":{"name":"addAcesso","decl":{"start":{"line":18,"column":15},"end":{"line":18,"column":24}},"loc":{"start":{"line":18,"column":54},"end":{"line":46,"column":1}},"line":18},"2":{"name":"removeAcesso","decl":{"start":{"line":48,"column":15},"end":{"line":48,"column":27}},"loc":{"start":{"line":48,"column":50},"end":{"line":59,"column":1}},"line":48}},"branchMap":{"0":{"loc":{"start":{"line":19,"column":19},"end":{"line":19,"column":29}},"type":"binary-expr","locations":[{"start":{"line":19,"column":19},"end":{"line":19,"column":23}},{"start":{"line":19,"column":27},"end":{"line":19,"column":29}}],"line":19},"1":{"loc":{"start":{"line":20,"column":2},"end":{"line":24,"column":3}},"type":"if","locations":[{"start":{"line":20,"column":2},"end":{"line":24,"column":3}},{"start":{},"end":{}}],"line":20},"2":{"loc":{"start":{"line":25,"column":2},"end":{"line":29,"column":3}},"type":"if","locations":[{"start":{"line":25,"column":2},"end":{"line":29,"column":3}},{"start":{},"end":{}}],"line":25},"3":{"loc":{"start":{"line":25,"column":6},"end":{"line":25,"column":50}},"type":"binary-expr","locations":[{"start":{"line":25,"column":7},"end":{"line":25,"column":20}},{"start":{"line":25,"column":24},"end":{"line":25,"column":39}},{"start":{"line":25,"column":44},"end":{"line":25,"column":50}}],"line":25},"4":{"loc":{"start":{"line":32,"column":2},"end":{"line":36,"column":3}},"type":"if","locations":[{"start":{"line":32,"column":2},"end":{"line":36,"column":3}},{"start":{},"end":{}}],"line":32},"5":{"loc":{"start":{"line":53,"column":2},"end":{"line":57,"column":3}},"type":"if","locations":[{"start":{"line":53,"column":2},"end":{"line":57,"column":3}},{"start":{},"end":{}}],"line":53}},"s":{"0":2,"1":2,"2":1,"3":1,"4":7,"5":7,"6":3,"7":3,"8":3,"9":4,"10":2,"11":2,"12":2,"13":2,"14":2,"15":1,"16":1,"17":1,"18":1,"19":1,"20":1,"21":2,"22":2,"23":1,"24":1,"25":1,"26":1,"27":2},"f":{"0":1,"1":7,"2":2},"b":{"0":[7,2],"1":[3,4],"2":[2,2],"3":[4,3,4],"4":[1,1],"5":[1,1]},"_coverageSchema":"1a1c01bbd47fc00a2c39e90264f33305004495a9","hash":"b3b12b8f0602cbf204a069713d86fdd47b921d08"}
,"C:\\Users\\lcmuniz\\Documents\\spe\\api\\services\\auditoriaService.js": {"path":"C:\\Users\\lcmuniz\\Documents\\spe\\api\\services\\auditoriaService.js","statementMap":{"0":{"start":{"line":1,"column":23},"end":{"line":1,"column":38}},"1":{"start":{"line":2,"column":18},"end":{"line":2,"column":34}},"2":{"start":{"line":5,"column":2},"end":{"line":37,"column":3}},"3":{"start":{"line":6,"column":15},"end":{"line":6,"column":23}},"4":{"start":{"line":7,"column":15},"end":{"line":7,"column":96}},"5":{"start":{"line":8,"column":23},"end":{"line":8,"column":67}},"6":{"start":{"line":9,"column":17},"end":{"line":9,"column":43}},"7":{"start":{"line":11,"column":22},"end":{"line":11,"column":30}},"8":{"start":{"line":12,"column":4},"end":{"line":18,"column":5}},"9":{"start":{"line":13,"column":16},"end":{"line":13,"column":31}},"10":{"start":{"line":14,"column":6},"end":{"line":16,"column":7}},"11":{"start":{"line":15,"column":8},"end":{"line":15,"column":22}},"12":{"start":{"line":17,"column":6},"end":{"line":17,"column":21}},"13":{"start":{"line":20,"column":4},"end":{"line":34,"column":5}},"14":{"start":{"line":36,"column":4},"end":{"line":36,"column":53}},"15":{"start":{"line":40,"column":0},"end":{"line":40,"column":29}}},"fnMap":{"0":{"name":"auditLog","decl":{"start":{"line":4,"column":15},"end":{"line":4,"column":23}},"loc":{"start":{"line":4,"column":85},"end":{"line":38,"column":1}},"line":4}},"branchMap":{"0":{"loc":{"start":{"line":7,"column":16},"end":{"line":7,"column":84}},"type":"binary-expr","locations":[{"start":{"line":7,"column":16},"end":{"line":7,"column":46}},{"start":{"line":7,"column":50},"end":{"line":7,"column":78}},{"start":{"line":7,"column":82},"end":{"line":7,"column":84}}],"line":7},"1":{"loc":{"start":{"line":8,"column":24},"end":{"line":8,"column":55}},"type":"binary-expr","locations":[{"start":{"line":8,"column":24},"end":{"line":8,"column":49}},{"start":{"line":8,"column":53},"end":{"line":8,"column":55}}],"line":8},"2":{"loc":{"start":{"line":9,"column":17},"end":{"line":9,"column":43}},"type":"binary-expr","locations":[{"start":{"line":9,"column":17},"end":{"line":9,"column":32}},{"start":{"line":9,"column":36},"end":{"line":9,"column":43}}],"line":9},"3":{"loc":{"start":{"line":12,"column":4},"end":{"line":18,"column":5}},"type":"if","locations":[{"start":{"line":12,"column":4},"end":{"line":18,"column":5}},{"start":{},"end":{}}],"line":12},"4":{"loc":{"start":{"line":12,"column":8},"end":{"line":12,"column":76}},"type":"binary-expr","locations":[{"start":{"line":12,"column":8},"end":{"line":12,"column":16}},{"start":{"line":12,"column":20},"end":{"line":12,"column":48}},{"start":{"line":12,"column":52},"end":{"line":12,"column":76}}],"line":12},"5":{"loc":{"start":{"line":14,"column":6},"end":{"line":16,"column":7}},"type":"if","locations":[{"start":{"line":14,"column":6},"end":{"line":16,"column":7}},{"start":{},"end":{}}],"line":14},"6":{"loc":{"start":{"line":14,"column":10},"end":{"line":14,"column":69}},"type":"binary-expr","locations":[{"start":{"line":14,"column":10},"end":{"line":14,"column":26}},{"start":{"line":14,"column":30},"end":{"line":14,"column":51}},{"start":{"line":14,"column":55},"end":{"line":14,"column":69}}],"line":14},"7":{"loc":{"start":{"line":26,"column":8},"end":{"line":26,"column":28}},"type":"binary-expr","locations":[{"start":{"line":26,"column":8},"end":{"line":26,"column":20}},{"start":{"line":26,"column":24},"end":{"line":26,"column":28}}],"line":26},"8":{"loc":{"start":{"line":27,"column":8},"end":{"line":27,"column":24}},"type":"binary-expr","locations":[{"start":{"line":27,"column":8},"end":{"line":27,"column":16}},{"start":{"line":27,"column":20},"end":{"line":27,"column":24}}],"line":27},"9":{"loc":{"start":{"line":28,"column":8},"end":{"line":28,"column":26}},"type":"binary-expr","locations":[{"start":{"line":28,"column":8},"end":{"line":28,"column":18}},{"start":{"line":28,"column":22},"end":{"line":28,"column":26}}],"line":28},"10":{"loc":{"start":{"line":29,"column":8},"end":{"line":29,"column":27}},"type":"binary-expr","locations":[{"start":{"line":29,"column":8},"end":{"line":29,"column":19}},{"start":{"line":29,"column":23},"end":{"line":29,"column":27}}],"line":29}},"s":{"0":2,"1":2,"2":6,"3":6,"4":6,"5":6,"6":6,"7":6,"8":6,"9":4,"10":4,"11":4,"12":4,"13":6,"14":2,"15":2},"f":{"0":6},"b":{"0":[6,3,1],"1":[6,3],"2":[6,4],"3":[4,2],"4":[6,5,4],"5":[4,0],"6":[4,3,2],"7":[6,2],"8":[6,1],"9":[6,1],"10":[6,1]},"_coverageSchema":"1a1c01bbd47fc00a2c39e90264f33305004495a9","hash":"17f6ede7351887e0000f0e5aac619fbfb86ae0dd"}
,"C:\\Users\\lcmuniz\\Documents\\spe\\api\\services\\catalogService.js": {"path":"C:\\Users\\lcmuniz\\Documents\\spe\\api\\services\\catalogService.js","statementMap":{"0":{"start":{"line":1,"column":18},"end":{"line":1,"column":34}},"1":{"start":{"line":4,"column":19},"end":{"line":6,"column":3}},"2":{"start":{"line":7,"column":2},"end":{"line":7,"column":13}},"3":{"start":{"line":11,"column":19},"end":{"line":11,"column":75}},"4":{"start":{"line":12,"column":2},"end":{"line":12,"column":13}},"5":{"start":{"line":16,"column":19},"end":{"line":16,"column":81}},"6":{"start":{"line":17,"column":2},"end":{"line":17,"column":13}},"7":{"start":{"line":20,"column":0},"end":{"line":20,"column":65}}},"fnMap":{"0":{"name":"listSetores","decl":{"start":{"line":3,"column":15},"end":{"line":3,"column":26}},"loc":{"start":{"line":3,"column":29},"end":{"line":8,"column":1}},"line":3},"1":{"name":"listAssuntos","decl":{"start":{"line":10,"column":15},"end":{"line":10,"column":27}},"loc":{"start":{"line":10,"column":30},"end":{"line":13,"column":1}},"line":10},"2":{"name":"listTiposProcesso","decl":{"start":{"line":15,"column":15},"end":{"line":15,"column":32}},"loc":{"start":{"line":15,"column":35},"end":{"line":18,"column":1}},"line":15}},"branchMap":{},"s":{"0":1,"1":1,"2":1,"3":1,"4":1,"5":1,"6":1,"7":1},"f":{"0":1,"1":1,"2":1},"b":{},"_coverageSchema":"1a1c01bbd47fc00a2c39e90264f33305004495a9","hash":"b6a845fbcf0383539503407462f3b136c7a38fa6"}
,"C:\\Users\\lcmuniz\\Documents\\spe\\api\\services\\chavesService.js": {"path":"C:\\Users\\lcmuniz\\Documents\\spe\\api\\services\\chavesService.js","statementMap":{"0":{"start":{"line":1,"column":23},"end":{"line":1,"column":38}},"1":{"start":{"line":2,"column":18},"end":{"line":2,"column":34}},"2":{"start":{"line":5,"column":19},"end":{"line":11,"column":3}},"3":{"start":{"line":12,"column":2},"end":{"line":12,"column":13}},"4":{"start":{"line":16,"column":2},"end":{"line":20,"column":3}},"5":{"start":{"line":17,"column":16},"end":{"line":17,"column":50}},"6":{"start":{"line":18,"column":4},"end":{"line":18,"column":18}},"7":{"start":{"line":19,"column":4},"end":{"line":19,"column":13}},"8":{"start":{"line":22,"column":15},"end":{"line":22,"column":82}},"9":{"start":{"line":23,"column":2},"end":{"line":27,"column":3}},"10":{"start":{"line":24,"column":16},"end":{"line":24,"column":52}},"11":{"start":{"line":25,"column":4},"end":{"line":25,"column":18}},"12":{"start":{"line":26,"column":4},"end":{"line":26,"column":13}},"13":{"start":{"line":29,"column":16},"end":{"line":32,"column":3}},"14":{"start":{"line":33,"column":2},"end":{"line":37,"column":3}},"15":{"start":{"line":34,"column":16},"end":{"line":34,"column":49}},"16":{"start":{"line":35,"column":4},"end":{"line":35,"column":18}},"17":{"start":{"line":36,"column":4},"end":{"line":36,"column":13}},"18":{"start":{"line":39,"column":18},"end":{"line":39,"column":26}},"19":{"start":{"line":40,"column":16},"end":{"line":40,"column":24}},"20":{"start":{"line":41,"column":2},"end":{"line":45,"column":3}},"21":{"start":{"line":47,"column":2},"end":{"line":47,"column":31}},"22":{"start":{"line":51,"column":23},"end":{"line":54,"column":3}},"23":{"start":{"line":55,"column":2},"end":{"line":59,"column":3}},"24":{"start":{"line":56,"column":16},"end":{"line":56,"column":49}},"25":{"start":{"line":57,"column":4},"end":{"line":57,"column":18}},"26":{"start":{"line":58,"column":4},"end":{"line":58,"column":13}},"27":{"start":{"line":60,"column":2},"end":{"line":60,"column":21}},"28":{"start":{"line":63,"column":0},"end":{"line":67,"column":1}}},"fnMap":{"0":{"name":"listChaves","decl":{"start":{"line":4,"column":15},"end":{"line":4,"column":25}},"loc":{"start":{"line":4,"column":38},"end":{"line":13,"column":1}},"line":4},"1":{"name":"createChave","decl":{"start":{"line":15,"column":15},"end":{"line":15,"column":26}},"loc":{"start":{"line":15,"column":52},"end":{"line":48,"column":1}},"line":15},"2":{"name":"revokeChave","decl":{"start":{"line":50,"column":15},"end":{"line":50,"column":26}},"loc":{"start":{"line":50,"column":52},"end":{"line":61,"column":1}},"line":50}},"branchMap":{"0":{"loc":{"start":{"line":16,"column":2},"end":{"line":20,"column":3}},"type":"if","locations":[{"start":{"line":16,"column":2},"end":{"line":20,"column":3}},{"start":{},"end":{}}],"line":16},"1":{"loc":{"start":{"line":23,"column":2},"end":{"line":27,"column":3}},"type":"if","locations":[{"start":{"line":23,"column":2},"end":{"line":27,"column":3}},{"start":{},"end":{}}],"line":23},"2":{"loc":{"start":{"line":33,"column":2},"end":{"line":37,"column":3}},"type":"if","locations":[{"start":{"line":33,"column":2},"end":{"line":37,"column":3}},{"start":{},"end":{}}],"line":33},"3":{"loc":{"start":{"line":55,"column":2},"end":{"line":59,"column":3}},"type":"if","locations":[{"start":{"line":55,"column":2},"end":{"line":59,"column":3}},{"start":{},"end":{}}],"line":55}},"s":{"0":1,"1":1,"2":1,"3":1,"4":4,"5":1,"6":1,"7":1,"8":3,"9":3,"10":1,"11":1,"12":1,"13":2,"14":2,"15":1,"16":1,"17":1,"18":1,"19":1,"20":1,"21":1,"22":2,"23":2,"24":1,"25":1,"26":1,"27":1,"28":1},"f":{"0":1,"1":4,"2":2},"b":{"0":[1,3],"1":[1,2],"2":[1,1],"3":[1,1]},"_coverageSchema":"1a1c01bbd47fc00a2c39e90264f33305004495a9","hash":"ce4843955650d43f3580bb7c261739a9453f74ef"}
,"C:\\Users\\lcmuniz\\Documents\\spe\\api\\services\\documentosService.js": {"path":"C:\\Users\\lcmuniz\\Documents\\spe\\api\\services\\documentosService.js","statementMap":{"0":{"start":{"line":1,"column":23},"end":{"line":1,"column":38}},"1":{"start":{"line":2,"column":18},"end":{"line":2,"column":34}},"2":{"start":{"line":5,"column":22},"end":{"line":5,"column":64}},"3":{"start":{"line":6,"column":29},"end":{"line":8,"column":4}},"4":{"start":{"line":9,"column":2},"end":{"line":13,"column":3}},"5":{"start":{"line":10,"column":16},"end":{"line":10,"column":52}},"6":{"start":{"line":11,"column":4},"end":{"line":11,"column":18}},"7":{"start":{"line":12,"column":4},"end":{"line":12,"column":13}},"8":{"start":{"line":15,"column":25},"end":{"line":17,"column":40}},"9":{"start":{"line":18,"column":17},"end":{"line":18,"column":71}},"10":{"start":{"line":20,"column":19},"end":{"line":40,"column":3}},"11":{"start":{"line":41,"column":2},"end":{"line":41,"column":13}},"12":{"start":{"line":45,"column":2},"end":{"line":49,"column":3}},"13":{"start":{"line":46,"column":16},"end":{"line":46,"column":54}},"14":{"start":{"line":47,"column":4},"end":{"line":47,"column":18}},"15":{"start":{"line":48,"column":4},"end":{"line":48,"column":13}},"16":{"start":{"line":50,"column":15},"end":{"line":50,"column":82}},"17":{"start":{"line":51,"column":2},"end":{"line":55,"column":3}},"18":{"start":{"line":52,"column":16},"end":{"line":52,"column":52}},"19":{"start":{"line":53,"column":4},"end":{"line":53,"column":18}},"20":{"start":{"line":54,"column":4},"end":{"line":54,"column":13}},"21":{"start":{"line":56,"column":14},"end":{"line":56,"column":83}},"22":{"start":{"line":57,"column":2},"end":{"line":61,"column":3}},"23":{"start":{"line":58,"column":16},"end":{"line":58,"column":53}},"24":{"start":{"line":59,"column":4},"end":{"line":59,"column":18}},"25":{"start":{"line":60,"column":4},"end":{"line":60,"column":13}},"26":{"start":{"line":62,"column":2},"end":{"line":65,"column":3}},"27":{"start":{"line":66,"column":2},"end":{"line":66,"column":21}},"28":{"start":{"line":70,"column":2},"end":{"line":74,"column":3}},"29":{"start":{"line":71,"column":16},"end":{"line":71,"column":49}},"30":{"start":{"line":72,"column":4},"end":{"line":72,"column":18}},"31":{"start":{"line":73,"column":4},"end":{"line":73,"column":13}},"32":{"start":{"line":75,"column":13},"end":{"line":75,"column":21}},"33":{"start":{"line":76,"column":2},"end":{"line":79,"column":3}},"34":{"start":{"line":80,"column":19},"end":{"line":86,"column":3}},"35":{"start":{"line":87,"column":2},"end":{"line":87,"column":16}},"36":{"start":{"line":91,"column":26},"end":{"line":98,"column":3}},"37":{"start":{"line":99,"column":2},"end":{"line":103,"column":3}},"38":{"start":{"line":100,"column":16},"end":{"line":100,"column":71}},"39":{"start":{"line":101,"column":4},"end":{"line":101,"column":18}},"40":{"start":{"line":102,"column":4},"end":{"line":102,"column":13}},"41":{"start":{"line":104,"column":21},"end":{"line":104,"column":40}},"42":{"start":{"line":105,"column":27},"end":{"line":105,"column":66}},"43":{"start":{"line":106,"column":2},"end":{"line":117,"column":3}},"44":{"start":{"line":107,"column":4},"end":{"line":111,"column":5}},"45":{"start":{"line":108,"column":18},"end":{"line":108,"column":75}},"46":{"start":{"line":109,"column":6},"end":{"line":109,"column":20}},"47":{"start":{"line":110,"column":6},"end":{"line":110,"column":15}},"48":{"start":{"line":112,"column":4},"end":{"line":116,"column":5}},"49":{"start":{"line":113,"column":18},"end":{"line":113,"column":90}},"50":{"start":{"line":114,"column":6},"end":{"line":114,"column":20}},"51":{"start":{"line":115,"column":6},"end":{"line":115,"column":15}},"52":{"start":{"line":118,"column":26},"end":{"line":118,"column":100}},"53":{"start":{"line":119,"column":22},"end":{"line":119,"column":65}},"54":{"start":{"line":120,"column":29},"end":{"line":128,"column":3}},"55":{"start":{"line":129,"column":19},"end":{"line":129,"column":82}},"56":{"start":{"line":129,"column":45},"end":{"line":129,"column":81}},"57":{"start":{"line":130,"column":23},"end":{"line":130,"column":25}},"58":{"start":{"line":131,"column":2},"end":{"line":139,"column":3}},"59":{"start":{"line":131,"column":15},"end":{"line":131,"column":16}},"60":{"start":{"line":132,"column":14},"end":{"line":132,"column":25}},"61":{"start":{"line":133,"column":4},"end":{"line":138,"column":5}},"62":{"start":{"line":137,"column":6},"end":{"line":137,"column":24}},"63":{"start":{"line":140,"column":19},"end":{"line":140,"column":37}},"64":{"start":{"line":141,"column":2},"end":{"line":145,"column":3}},"65":{"start":{"line":142,"column":16},"end":{"line":142,"column":95}},"66":{"start":{"line":143,"column":4},"end":{"line":143,"column":18}},"67":{"start":{"line":144,"column":4},"end":{"line":144,"column":13}},"68":{"start":{"line":146,"column":2},"end":{"line":146,"column":23}},"69":{"start":{"line":150,"column":26},"end":{"line":153,"column":3}},"70":{"start":{"line":154,"column":2},"end":{"line":158,"column":3}},"71":{"start":{"line":155,"column":16},"end":{"line":155,"column":53}},"72":{"start":{"line":156,"column":4},"end":{"line":156,"column":18}},"73":{"start":{"line":157,"column":4},"end":{"line":157,"column":13}},"74":{"start":{"line":159,"column":22},"end":{"line":159,"column":65}},"75":{"start":{"line":160,"column":20},"end":{"line":160,"column":55}},"76":{"start":{"line":161,"column":2},"end":{"line":168,"column":3}},"77":{"start":{"line":162,"column":4},"end":{"line":166,"column":5}},"78":{"start":{"line":163,"column":18},"end":{"line":163,"column":82}},"79":{"start":{"line":164,"column":6},"end":{"line":164,"column":20}},"80":{"start":{"line":165,"column":6},"end":{"line":165,"column":15}},"81":{"start":{"line":167,"column":4},"end":{"line":167,"column":93}},"82":{"start":{"line":169,"column":2},"end":{"line":180,"column":3}},"83":{"start":{"line":170,"column":4},"end":{"line":174,"column":5}},"84":{"start":{"line":171,"column":18},"end":{"line":171,"column":92}},"85":{"start":{"line":172,"column":6},"end":{"line":172,"column":20}},"86":{"start":{"line":173,"column":6},"end":{"line":173,"column":15}},"87":{"start":{"line":175,"column":4},"end":{"line":179,"column":6}},"88":{"start":{"line":183,"column":4},"end":{"line":185,"column":139}},"89":{"start":{"line":187,"column":23},"end":{"line":192,"column":4}},"90":{"start":{"line":193,"column":2},"end":{"line":197,"column":3}},"91":{"start":{"line":194,"column":16},"end":{"line":194,"column":53}},"92":{"start":{"line":195,"column":4},"end":{"line":195,"column":18}},"93":{"start":{"line":196,"column":4},"end":{"line":196,"column":13}},"94":{"start":{"line":198,"column":2},"end":{"line":198,"column":61}},"95":{"start":{"line":202,"column":26},"end":{"line":205,"column":3}},"96":{"start":{"line":206,"column":2},"end":{"line":210,"column":3}},"97":{"start":{"line":207,"column":16},"end":{"line":207,"column":53}},"98":{"start":{"line":208,"column":4},"end":{"line":208,"column":18}},"99":{"start":{"line":209,"column":4},"end":{"line":209,"column":13}},"100":{"start":{"line":211,"column":22},"end":{"line":211,"column":65}},"101":{"start":{"line":212,"column":20},"end":{"line":212,"column":55}},"102":{"start":{"line":214,"column":2},"end":{"line":221,"column":3}},"103":{"start":{"line":215,"column":4},"end":{"line":219,"column":5}},"104":{"start":{"line":216,"column":18},"end":{"line":216,"column":82}},"105":{"start":{"line":217,"column":6},"end":{"line":217,"column":20}},"106":{"start":{"line":218,"column":6},"end":{"line":218,"column":15}},"107":{"start":{"line":220,"column":4},"end":{"line":220,"column":93}},"108":{"start":{"line":222,"column":2},"end":{"line":234,"column":3}},"109":{"start":{"line":223,"column":4},"end":{"line":227,"column":5}},"110":{"start":{"line":224,"column":18},"end":{"line":224,"column":92}},"111":{"start":{"line":225,"column":6},"end":{"line":225,"column":20}},"112":{"start":{"line":226,"column":6},"end":{"line":226,"column":15}},"113":{"start":{"line":228,"column":4},"end":{"line":232,"column":5}},"114":{"start":{"line":229,"column":18},"end":{"line":229,"column":80}},"115":{"start":{"line":230,"column":6},"end":{"line":230,"column":20}},"116":{"start":{"line":231,"column":6},"end":{"line":231,"column":15}},"117":{"start":{"line":233,"column":4},"end":{"line":233,"column":92}},"118":{"start":{"line":236,"column":23},"end":{"line":239,"column":3}},"119":{"start":{"line":240,"column":2},"end":{"line":244,"column":3}},"120":{"start":{"line":241,"column":16},"end":{"line":241,"column":53}},"121":{"start":{"line":242,"column":4},"end":{"line":242,"column":18}},"122":{"start":{"line":243,"column":4},"end":{"line":243,"column":13}},"123":{"start":{"line":245,"column":2},"end":{"line":245,"column":61}},"124":{"start":{"line":249,"column":19},"end":{"line":270,"column":3}},"125":{"start":{"line":271,"column":2},"end":{"line":271,"column":37}},"126":{"start":{"line":275,"column":2},"end":{"line":279,"column":3}},"127":{"start":{"line":276,"column":16},"end":{"line":276,"column":72}},"128":{"start":{"line":277,"column":4},"end":{"line":277,"column":18}},"129":{"start":{"line":278,"column":4},"end":{"line":278,"column":13}},"130":{"start":{"line":280,"column":26},"end":{"line":283,"column":3}},"131":{"start":{"line":284,"column":2},"end":{"line":288,"column":3}},"132":{"start":{"line":285,"column":16},"end":{"line":285,"column":53}},"133":{"start":{"line":286,"column":4},"end":{"line":286,"column":18}},"134":{"start":{"line":287,"column":4},"end":{"line":287,"column":13}},"135":{"start":{"line":289,"column":22},"end":{"line":289,"column":65}},"136":{"start":{"line":290,"column":15},"end":{"line":290,"column":42}},"137":{"start":{"line":291,"column":19},"end":{"line":291,"column":51}},"138":{"start":{"line":292,"column":24},"end":{"line":292,"column":55}},"139":{"start":{"line":294,"column":19},"end":{"line":294,"column":50}},"140":{"start":{"line":295,"column":19},"end":{"line":295,"column":50}},"141":{"start":{"line":296,"column":2},"end":{"line":300,"column":3}},"142":{"start":{"line":297,"column":16},"end":{"line":297,"column":86}},"143":{"start":{"line":298,"column":4},"end":{"line":298,"column":18}},"144":{"start":{"line":299,"column":4},"end":{"line":299,"column":13}},"145":{"start":{"line":301,"column":2},"end":{"line":314,"column":3}},"146":{"start":{"line":302,"column":4},"end":{"line":306,"column":5}},"147":{"start":{"line":303,"column":18},"end":{"line":303,"column":79}},"148":{"start":{"line":304,"column":6},"end":{"line":304,"column":20}},"149":{"start":{"line":305,"column":6},"end":{"line":305,"column":15}},"150":{"start":{"line":307,"column":16},"end":{"line":307,"column":63}},"151":{"start":{"line":308,"column":20},"end":{"line":308,"column":56}},"152":{"start":{"line":309,"column":4},"end":{"line":313,"column":5}},"153":{"start":{"line":310,"column":18},"end":{"line":310,"column":72}},"154":{"start":{"line":311,"column":6},"end":{"line":311,"column":20}},"155":{"start":{"line":312,"column":6},"end":{"line":312,"column":15}},"156":{"start":{"line":315,"column":2},"end":{"line":319,"column":3}},"157":{"start":{"line":316,"column":16},"end":{"line":316,"column":59}},"158":{"start":{"line":317,"column":4},"end":{"line":317,"column":18}},"159":{"start":{"line":318,"column":4},"end":{"line":318,"column":13}},"160":{"start":{"line":320,"column":2},"end":{"line":320,"column":90}},"161":{"start":{"line":322,"column":23},"end":{"line":329,"column":3}},"162":{"start":{"line":330,"column":2},"end":{"line":334,"column":3}},"163":{"start":{"line":331,"column":16},"end":{"line":331,"column":53}},"164":{"start":{"line":332,"column":4},"end":{"line":332,"column":18}},"165":{"start":{"line":333,"column":4},"end":{"line":333,"column":13}},"166":{"start":{"line":335,"column":14},"end":{"line":335,"column":40}},"167":{"start":{"line":336,"column":2},"end":{"line":336,"column":37}},"168":{"start":{"line":340,"column":2},"end":{"line":344,"column":3}},"169":{"start":{"line":341,"column":16},"end":{"line":341,"column":59}},"170":{"start":{"line":342,"column":4},"end":{"line":342,"column":18}},"171":{"start":{"line":343,"column":4},"end":{"line":343,"column":13}},"172":{"start":{"line":345,"column":26},"end":{"line":347,"column":4}},"173":{"start":{"line":348,"column":2},"end":{"line":352,"column":3}},"174":{"start":{"line":349,"column":16},"end":{"line":349,"column":53}},"175":{"start":{"line":350,"column":4},"end":{"line":350,"column":18}},"176":{"start":{"line":351,"column":4},"end":{"line":351,"column":13}},"177":{"start":{"line":353,"column":22},"end":{"line":353,"column":65}},"178":{"start":{"line":354,"column":21},"end":{"line":354,"column":49}},"179":{"start":{"line":355,"column":2},"end":{"line":359,"column":3}},"180":{"start":{"line":356,"column":16},"end":{"line":356,"column":69}},"181":{"start":{"line":357,"column":4},"end":{"line":357,"column":18}},"182":{"start":{"line":358,"column":4},"end":{"line":358,"column":13}},"183":{"start":{"line":360,"column":2},"end":{"line":364,"column":3}},"184":{"start":{"line":361,"column":16},"end":{"line":361,"column":59}},"185":{"start":{"line":362,"column":4},"end":{"line":362,"column":18}},"186":{"start":{"line":363,"column":4},"end":{"line":363,"column":13}},"187":{"start":{"line":365,"column":2},"end":{"line":369,"column":3}},"188":{"start":{"line":366,"column":16},"end":{"line":366,"column":77}},"189":{"start":{"line":367,"column":4},"end":{"line":367,"column":18}},"190":{"start":{"line":368,"column":4},"end":{"line":368,"column":13}},"191":{"start":{"line":370,"column":26},"end":{"line":377,"column":3}},"192":{"start":{"line":378,"column":2},"end":{"line":382,"column":3}},"193":{"start":{"line":379,"column":16},"end":{"line":379,"column":71}},"194":{"start":{"line":380,"column":4},"end":{"line":380,"column":18}},"195":{"start":{"line":381,"column":4},"end":{"line":381,"column":13}},"196":{"start":{"line":383,"column":23},"end":{"line":383,"column":80}},"197":{"start":{"line":384,"column":2},"end":{"line":388,"column":3}},"198":{"start":{"line":385,"column":16},"end":{"line":385,"column":53}},"199":{"start":{"line":386,"column":4},"end":{"line":386,"column":18}},"200":{"start":{"line":387,"column":4},"end":{"line":387,"column":13}},"201":{"start":{"line":389,"column":2},"end":{"line":389,"column":62}},"202":{"start":{"line":393,"column":19},"end":{"line":402,"column":3}},"203":{"start":{"line":403,"column":2},"end":{"line":407,"column":3}},"204":{"start":{"line":404,"column":16},"end":{"line":404,"column":53}},"205":{"start":{"line":405,"column":4},"end":{"line":405,"column":18}},"206":{"start":{"line":406,"column":4},"end":{"line":406,"column":13}},"207":{"start":{"line":408,"column":12},"end":{"line":408,"column":19}},"208":{"start":{"line":409,"column":2},"end":{"line":413,"column":3}},"209":{"start":{"line":410,"column":16},"end":{"line":410,"column":51}},"210":{"start":{"line":411,"column":4},"end":{"line":411,"column":18}},"211":{"start":{"line":412,"column":4},"end":{"line":412,"column":13}},"212":{"start":{"line":414,"column":2},"end":{"line":430,"column":3}},"213":{"start":{"line":415,"column":18},"end":{"line":415,"column":40}},"214":{"start":{"line":416,"column":4},"end":{"line":420,"column":5}},"215":{"start":{"line":417,"column":18},"end":{"line":417,"column":72}},"216":{"start":{"line":418,"column":6},"end":{"line":418,"column":20}},"217":{"start":{"line":419,"column":6},"end":{"line":419,"column":15}},"218":{"start":{"line":421,"column":30},"end":{"line":424,"column":5}},"219":{"start":{"line":425,"column":4},"end":{"line":429,"column":5}},"220":{"start":{"line":426,"column":18},"end":{"line":426,"column":57}},"221":{"start":{"line":427,"column":6},"end":{"line":427,"column":20}},"222":{"start":{"line":428,"column":6},"end":{"line":428,"column":15}},"223":{"start":{"line":432,"column":15},"end":{"line":432,"column":49}},"224":{"start":{"line":433,"column":17},"end":{"line":433,"column":40}},"225":{"start":{"line":434,"column":20},"end":{"line":434,"column":59}},"226":{"start":{"line":435,"column":18},"end":{"line":435,"column":22}},"227":{"start":{"line":436,"column":20},"end":{"line":436,"column":38}},"228":{"start":{"line":438,"column":2},"end":{"line":519,"column":3}},"229":{"start":{"line":439,"column":22},"end":{"line":439,"column":53}},"230":{"start":{"line":440,"column":16},"end":{"line":440,"column":69}},"231":{"start":{"line":441,"column":20},"end":{"line":441,"column":61}},"232":{"start":{"line":442,"column":4},"end":{"line":446,"column":5}},"233":{"start":{"line":443,"column":18},"end":{"line":443,"column":52}},"234":{"start":{"line":444,"column":6},"end":{"line":444,"column":20}},"235":{"start":{"line":445,"column":6},"end":{"line":445,"column":15}},"236":{"start":{"line":447,"column":4},"end":{"line":488,"column":5}},"237":{"start":{"line":448,"column":32},"end":{"line":448,"column":73}},"238":{"start":{"line":449,"column":6},"end":{"line":454,"column":7}},"239":{"start":{"line":450,"column":22},"end":{"line":450,"column":74}},"240":{"start":{"line":450,"column":51},"end":{"line":450,"column":73}},"241":{"start":{"line":451,"column":8},"end":{"line":451,"column":57}},"242":{"start":{"line":453,"column":8},"end":{"line":453,"column":26}},"243":{"start":{"line":455,"column":6},"end":{"line":455,"column":43}},"244":{"start":{"line":458,"column":8},"end":{"line":468,"column":24}},"245":{"start":{"line":469,"column":6},"end":{"line":473,"column":7}},"246":{"start":{"line":470,"column":20},"end":{"line":470,"column":86}},"247":{"start":{"line":471,"column":8},"end":{"line":471,"column":22}},"248":{"start":{"line":472,"column":8},"end":{"line":472,"column":17}},"249":{"start":{"line":474,"column":24},"end":{"line":474,"column":44}},"250":{"start":{"line":475,"column":22},"end":{"line":475,"column":46}},"251":{"start":{"line":476,"column":6},"end":{"line":487,"column":7}},"252":{"start":{"line":477,"column":21},"end":{"line":477,"column":44}},"253":{"start":{"line":478,"column":21},"end":{"line":481,"column":74}},"254":{"start":{"line":482,"column":8},"end":{"line":482,"column":66}},"255":{"start":{"line":483,"column":26},"end":{"line":483,"column":81}},"256":{"start":{"line":484,"column":8},"end":{"line":484,"column":61}},"257":{"start":{"line":486,"column":8},"end":{"line":486,"column":45}},"258":{"start":{"line":489,"column":9},"end":{"line":519,"column":3}},"259":{"start":{"line":490,"column":21},"end":{"line":490,"column":37}},"260":{"start":{"line":491,"column":23},"end":{"line":491,"column":44}},"261":{"start":{"line":492,"column":24},"end":{"line":497,"column":17}},"262":{"start":{"line":496,"column":17},"end":{"line":496,"column":64}},"263":{"start":{"line":498,"column":22},"end":{"line":498,"column":42}},"264":{"start":{"line":499,"column":20},"end":{"line":499,"column":44}},"265":{"start":{"line":500,"column":4},"end":{"line":514,"column":5}},"266":{"start":{"line":501,"column":19},"end":{"line":501,"column":42}},"267":{"start":{"line":502,"column":19},"end":{"line":504,"column":43}},"268":{"start":{"line":505,"column":6},"end":{"line":505,"column":64}},"269":{"start":{"line":506,"column":24},"end":{"line":510,"column":8}},"270":{"start":{"line":511,"column":6},"end":{"line":511,"column":59}},"271":{"start":{"line":513,"column":6},"end":{"line":513,"column":43}},"272":{"start":{"line":516,"column":16},"end":{"line":516,"column":60}},"273":{"start":{"line":517,"column":4},"end":{"line":517,"column":18}},"274":{"start":{"line":518,"column":4},"end":{"line":518,"column":13}},"275":{"start":{"line":521,"column":2},"end":{"line":521,"column":60}},"276":{"start":{"line":526,"column":29},"end":{"line":529,"column":3}},"277":{"start":{"line":530,"column":2},"end":{"line":534,"column":3}},"278":{"start":{"line":531,"column":16},"end":{"line":531,"column":52}},"279":{"start":{"line":532,"column":4},"end":{"line":532,"column":18}},"280":{"start":{"line":533,"column":4},"end":{"line":533,"column":13}},"281":{"start":{"line":537,"column":33},"end":{"line":540,"column":3}},"282":{"start":{"line":541,"column":2},"end":{"line":543,"column":3}},"283":{"start":{"line":542,"column":4},"end":{"line":542,"column":38}},"284":{"start":{"line":545,"column":21},"end":{"line":545,"column":71}},"285":{"start":{"line":546,"column":14},"end":{"line":546,"column":70}},"286":{"start":{"line":548,"column":2},"end":{"line":555,"column":3}},"287":{"start":{"line":550,"column":28},"end":{"line":553,"column":5}},"288":{"start":{"line":554,"column":4},"end":{"line":554,"column":41}},"289":{"start":{"line":558,"column":18},"end":{"line":563,"column":4}},"290":{"start":{"line":566,"column":2},"end":{"line":569,"column":3}},"291":{"start":{"line":571,"column":2},"end":{"line":571,"column":60}},"292":{"start":{"line":574,"column":0},"end":{"line":585,"column":1}}},"fnMap":{"0":{"name":"listByProcesso","decl":{"start":{"line":4,"column":15},"end":{"line":4,"column":29}},"loc":{"start":{"line":4,"column":58},"end":{"line":42,"column":1}},"line":4},"1":{"name":"linkDocumento","decl":{"start":{"line":44,"column":15},"end":{"line":44,"column":28}},"loc":{"start":{"line":44,"column":54},"end":{"line":67,"column":1}},"line":44},"2":{"name":"createDocumento","decl":{"start":{"line":69,"column":15},"end":{"line":69,"column":30}},"loc":{"start":{"line":69,"column":67},"end":{"line":88,"column":1}},"line":69},"3":{"name":"_validarPosicaoFimArvore","decl":{"start":{"line":90,"column":15},"end":{"line":90,"column":39}},"loc":{"start":{"line":90,"column":88},"end":{"line":147,"column":1}},"line":90},"4":{"name":"(anonymous_4)","decl":{"start":{"line":129,"column":38},"end":{"line":129,"column":39}},"loc":{"start":{"line":129,"column":45},"end":{"line":129,"column":81}},"line":129},"5":{"name":"uploadConteudo","decl":{"start":{"line":149,"column":15},"end":{"line":149,"column":29}},"loc":{"start":{"line":149,"column":89},"end":{"line":199,"column":1}},"line":149},"6":{"name":"editorConteudo","decl":{"start":{"line":201,"column":15},"end":{"line":201,"column":29}},"loc":{"start":{"line":201,"column":74},"end":{"line":246,"column":1}},"line":201},"7":{"name":"getDocumentoById","decl":{"start":{"line":248,"column":15},"end":{"line":248,"column":31}},"loc":{"start":{"line":248,"column":36},"end":{"line":272,"column":1}},"line":248},"8":{"name":"assinar","decl":{"start":{"line":274,"column":15},"end":{"line":274,"column":22}},"loc":{"start":{"line":274,"column":45},"end":{"line":337,"column":1}},"line":274},"9":{"name":"deletarRascunho","decl":{"start":{"line":339,"column":15},"end":{"line":339,"column":30}},"loc":{"start":{"line":339,"column":53},"end":{"line":390,"column":1}},"line":339},"10":{"name":"gerarPdfPublico","decl":{"start":{"line":392,"column":15},"end":{"line":392,"column":30}},"loc":{"start":{"line":392,"column":45},"end":{"line":522,"column":1}},"line":392},"11":{"name":"(anonymous_11)","decl":{"start":{"line":450,"column":44},"end":{"line":450,"column":45}},"loc":{"start":{"line":450,"column":51},"end":{"line":450,"column":73}},"line":450},"12":{"name":"(anonymous_12)","decl":{"start":{"line":486,"column":36},"end":{"line":486,"column":37}},"loc":{"start":{"line":486,"column":42},"end":{"line":486,"column":44}},"line":486},"13":{"name":"(anonymous_13)","decl":{"start":{"line":496,"column":10},"end":{"line":496,"column":11}},"loc":{"start":{"line":496,"column":17},"end":{"line":496,"column":64}},"line":496},"14":{"name":"(anonymous_14)","decl":{"start":{"line":513,"column":34},"end":{"line":513,"column":35}},"loc":{"start":{"line":513,"column":40},"end":{"line":513,"column":42}},"line":513},"15":{"name":"seedByProcesso","decl":{"start":{"line":524,"column":15},"end":{"line":524,"column":29}},"loc":{"start":{"line":524,"column":63},"end":{"line":572,"column":1}},"line":524}},"branchMap":{"0":{"loc":{"start":{"line":5,"column":29},"end":{"line":5,"column":49}},"type":"binary-expr","locations":[{"start":{"line":5,"column":29},"end":{"line":5,"column":43}},{"start":{"line":5,"column":47},"end":{"line":5,"column":49}}],"line":5},"1":{"loc":{"start":{"line":9,"column":2},"end":{"line":13,"column":3}},"type":"if","locations":[{"start":{"line":9,"column":2},"end":{"line":13,"column":3}},{"start":{},"end":{}}],"line":9},"2":{"loc":{"start":{"line":15,"column":25},"end":{"line":17,"column":40}},"type":"cond-expr","locations":[{"start":{"line":16,"column":6},"end":{"line":16,"column":101}},{"start":{"line":17,"column":6},"end":{"line":17,"column":40}}],"line":15},"3":{"loc":{"start":{"line":18,"column":17},"end":{"line":18,"column":71}},"type":"cond-expr","locations":[{"start":{"line":18,"column":31},"end":{"line":18,"column":56}},{"start":{"line":18,"column":59},"end":{"line":18,"column":71}}],"line":18},"4":{"loc":{"start":{"line":45,"column":2},"end":{"line":49,"column":3}},"type":"if","locations":[{"start":{"line":45,"column":2},"end":{"line":49,"column":3}},{"start":{},"end":{}}],"line":45},"5":{"loc":{"start":{"line":51,"column":2},"end":{"line":55,"column":3}},"type":"if","locations":[{"start":{"line":51,"column":2},"end":{"line":55,"column":3}},{"start":{},"end":{}}],"line":51},"6":{"loc":{"start":{"line":57,"column":2},"end":{"line":61,"column":3}},"type":"if","locations":[{"start":{"line":57,"column":2},"end":{"line":61,"column":3}},{"start":{},"end":{}}],"line":57},"7":{"loc":{"start":{"line":70,"column":2},"end":{"line":74,"column":3}},"type":"if","locations":[{"start":{"line":70,"column":2},"end":{"line":74,"column":3}},{"start":{},"end":{}}],"line":70},"8":{"loc":{"start":{"line":78,"column":17},"end":{"line":78,"column":36}},"type":"binary-expr","locations":[{"start":{"line":78,"column":17},"end":{"line":78,"column":21}},{"start":{"line":78,"column":25},"end":{"line":78,"column":36}}],"line":78},"9":{"loc":{"start":{"line":78,"column":38},"end":{"line":78,"column":54}},"type":"binary-expr","locations":[{"start":{"line":78,"column":38},"end":{"line":78,"column":42}},{"start":{"line":78,"column":46},"end":{"line":78,"column":54}}],"line":78},"10":{"loc":{"start":{"line":78,"column":68},"end":{"line":78,"column":86}},"type":"binary-expr","locations":[{"start":{"line":78,"column":68},"end":{"line":78,"column":78}},{"start":{"line":78,"column":82},"end":{"line":78,"column":86}}],"line":78},"11":{"loc":{"start":{"line":99,"column":2},"end":{"line":103,"column":3}},"type":"if","locations":[{"start":{"line":99,"column":2},"end":{"line":103,"column":3}},{"start":{},"end":{}}],"line":99},"12":{"loc":{"start":{"line":105,"column":34},"end":{"line":105,"column":65}},"type":"binary-expr","locations":[{"start":{"line":105,"column":34},"end":{"line":105,"column":59}},{"start":{"line":105,"column":63},"end":{"line":105,"column":65}}],"line":105},"13":{"loc":{"start":{"line":106,"column":2},"end":{"line":117,"column":3}},"type":"if","locations":[{"start":{"line":106,"column":2},"end":{"line":117,"column":3}},{"start":{},"end":{}}],"line":106},"14":{"loc":{"start":{"line":107,"column":4},"end":{"line":111,"column":5}},"type":"if","locations":[{"start":{"line":107,"column":4},"end":{"line":111,"column":5}},{"start":{},"end":{}}],"line":107},"15":{"loc":{"start":{"line":112,"column":4},"end":{"line":116,"column":5}},"type":"if","locations":[{"start":{"line":112,"column":4},"end":{"line":116,"column":5}},{"start":{},"end":{}}],"line":112},"16":{"loc":{"start":{"line":119,"column":29},"end":{"line":119,"column":50}},"type":"binary-expr","locations":[{"start":{"line":119,"column":29},"end":{"line":119,"column":44}},{"start":{"line":119,"column":48},"end":{"line":119,"column":50}}],"line":119},"17":{"loc":{"start":{"line":133,"column":4},"end":{"line":138,"column":5}},"type":"if","locations":[{"start":{"line":133,"column":4},"end":{"line":138,"column":5}},{"start":{},"end":{}}],"line":133},"18":{"loc":{"start":{"line":134,"column":6},"end":{"line":135,"column":66}},"type":"binary-expr","locations":[{"start":{"line":134,"column":6},"end":{"line":134,"column":57}},{"start":{"line":135,"column":6},"end":{"line":135,"column":66}}],"line":134},"19":{"loc":{"start":{"line":134,"column":13},"end":{"line":134,"column":27}},"type":"binary-expr","locations":[{"start":{"line":134,"column":13},"end":{"line":134,"column":21}},{"start":{"line":134,"column":25},"end":{"line":134,"column":27}}],"line":134},"20":{"loc":{"start":{"line":135,"column":13},"end":{"line":135,"column":35}},"type":"binary-expr","locations":[{"start":{"line":135,"column":13},"end":{"line":135,"column":29}},{"start":{"line":135,"column":33},"end":{"line":135,"column":35}}],"line":135},"21":{"loc":{"start":{"line":141,"column":2},"end":{"line":145,"column":3}},"type":"if","locations":[{"start":{"line":141,"column":2},"end":{"line":145,"column":3}},{"start":{},"end":{}}],"line":141},"22":{"loc":{"start":{"line":154,"column":2},"end":{"line":158,"column":3}},"type":"if","locations":[{"start":{"line":154,"column":2},"end":{"line":158,"column":3}},{"start":{},"end":{}}],"line":154},"23":{"loc":{"start":{"line":159,"column":29},"end":{"line":159,"column":50}},"type":"binary-expr","locations":[{"start":{"line":159,"column":29},"end":{"line":159,"column":44}},{"start":{"line":159,"column":48},"end":{"line":159,"column":50}}],"line":159},"24":{"loc":{"start":{"line":160,"column":20},"end":{"line":160,"column":55}},"type":"binary-expr","locations":[{"start":{"line":160,"column":20},"end":{"line":160,"column":47}},{"start":{"line":160,"column":51},"end":{"line":160,"column":55}}],"line":160},"25":{"loc":{"start":{"line":161,"column":2},"end":{"line":168,"column":3}},"type":"if","locations":[{"start":{"line":161,"column":2},"end":{"line":168,"column":3}},{"start":{},"end":{}}],"line":161},"26":{"loc":{"start":{"line":162,"column":4},"end":{"line":166,"column":5}},"type":"if","locations":[{"start":{"line":162,"column":4},"end":{"line":166,"column":5}},{"start":{},"end":{}}],"line":162},"27":{"loc":{"start":{"line":169,"column":2},"end":{"line":180,"column":3}},"type":"if","locations":[{"start":{"line":169,"column":2},"end":{"line":180,"column":3}},{"start":{},"end":{}}],"line":169},"28":{"loc":{"start":{"line":170,"column":4},"end":{"line":174,"column":5}},"type":"if","locations":[{"start":{"line":170,"column":4},"end":{"line":174,"column":5}},{"start":{},"end":{}}],"line":170},"29":{"loc":{"start":{"line":183,"column":4},"end":{"line":185,"column":139}},"type":"cond-expr","locations":[{"start":{"line":184,"column":8},"end":{"line":184,"column":207}},{"start":{"line":185,"column":8},"end":{"line":185,"column":139}}],"line":183},"30":{"loc":{"start":{"line":188,"column":4},"end":{"line":188,"column":29}},"type":"binary-expr","locations":[{"start":{"line":188,"column":4},"end":{"line":188,"column":12}},{"start":{"line":188,"column":16},"end":{"line":188,"column":29}}],"line":188},"31":{"loc":{"start":{"line":189,"column":4},"end":{"line":189,"column":25}},"type":"binary-expr","locations":[{"start":{"line":189,"column":4},"end":{"line":189,"column":17}},{"start":{"line":189,"column":21},"end":{"line":189,"column":25}}],"line":189},"32":{"loc":{"start":{"line":190,"column":4},"end":{"line":190,"column":38}},"type":"binary-expr","locations":[{"start":{"line":190,"column":4},"end":{"line":190,"column":16}},{"start":{"line":190,"column":20},"end":{"line":190,"column":30}},{"start":{"line":190,"column":34},"end":{"line":190,"column":38}}],"line":190},"33":{"loc":{"start":{"line":193,"column":2},"end":{"line":197,"column":3}},"type":"if","locations":[{"start":{"line":193,"column":2},"end":{"line":197,"column":3}},{"start":{},"end":{}}],"line":193},"34":{"loc":{"start":{"line":206,"column":2},"end":{"line":210,"column":3}},"type":"if","locations":[{"start":{"line":206,"column":2},"end":{"line":210,"column":3}},{"start":{},"end":{}}],"line":206},"35":{"loc":{"start":{"line":211,"column":29},"end":{"line":211,"column":50}},"type":"binary-expr","locations":[{"start":{"line":211,"column":29},"end":{"line":211,"column":44}},{"start":{"line":211,"column":48},"end":{"line":211,"column":50}}],"line":211},"36":{"loc":{"start":{"line":212,"column":20},"end":{"line":212,"column":55}},"type":"binary-expr","locations":[{"start":{"line":212,"column":20},"end":{"line":212,"column":47}},{"start":{"line":212,"column":51},"end":{"line":212,"column":55}}],"line":212},"37":{"loc":{"start":{"line":214,"column":2},"end":{"line":221,"column":3}},"type":"if","locations":[{"start":{"line":214,"column":2},"end":{"line":221,"column":3}},{"start":{},"end":{}}],"line":214},"38":{"loc":{"start":{"line":215,"column":4},"end":{"line":219,"column":5}},"type":"if","locations":[{"start":{"line":215,"column":4},"end":{"line":219,"column":5}},{"start":{},"end":{}}],"line":215},"39":{"loc":{"start":{"line":222,"column":2},"end":{"line":234,"column":3}},"type":"if","locations":[{"start":{"line":222,"column":2},"end":{"line":234,"column":3}},{"start":{},"end":{}}],"line":222},"40":{"loc":{"start":{"line":223,"column":4},"end":{"line":227,"column":5}},"type":"if","locations":[{"start":{"line":223,"column":4},"end":{"line":227,"column":5}},{"start":{},"end":{}}],"line":223},"41":{"loc":{"start":{"line":228,"column":4},"end":{"line":232,"column":5}},"type":"if","locations":[{"start":{"line":228,"column":4},"end":{"line":232,"column":5}},{"start":{},"end":{}}],"line":228},"42":{"loc":{"start":{"line":238,"column":5},"end":{"line":238,"column":21}},"type":"binary-expr","locations":[{"start":{"line":238,"column":5},"end":{"line":238,"column":13}},{"start":{"line":238,"column":17},"end":{"line":238,"column":21}}],"line":238},"43":{"loc":{"start":{"line":238,"column":23},"end":{"line":238,"column":57}},"type":"binary-expr","locations":[{"start":{"line":238,"column":23},"end":{"line":238,"column":35}},{"start":{"line":238,"column":39},"end":{"line":238,"column":49}},{"start":{"line":238,"column":53},"end":{"line":238,"column":57}}],"line":238},"44":{"loc":{"start":{"line":240,"column":2},"end":{"line":244,"column":3}},"type":"if","locations":[{"start":{"line":240,"column":2},"end":{"line":244,"column":3}},{"start":{},"end":{}}],"line":240},"45":{"loc":{"start":{"line":271,"column":9},"end":{"line":271,"column":37}},"type":"cond-expr","locations":[{"start":{"line":271,"column":23},"end":{"line":271,"column":30}},{"start":{"line":271,"column":33},"end":{"line":271,"column":37}}],"line":271},"46":{"loc":{"start":{"line":275,"column":2},"end":{"line":279,"column":3}},"type":"if","locations":[{"start":{"line":275,"column":2},"end":{"line":279,"column":3}},{"start":{},"end":{}}],"line":275},"47":{"loc":{"start":{"line":284,"column":2},"end":{"line":288,"column":3}},"type":"if","locations":[{"start":{"line":284,"column":2},"end":{"line":288,"column":3}},{"start":{},"end":{}}],"line":284},"48":{"loc":{"start":{"line":289,"column":29},"end":{"line":289,"column":50}},"type":"binary-expr","locations":[{"start":{"line":289,"column":29},"end":{"line":289,"column":44}},{"start":{"line":289,"column":48},"end":{"line":289,"column":50}}],"line":289},"49":{"loc":{"start":{"line":290,"column":22},"end":{"line":290,"column":41}},"type":"binary-expr","locations":[{"start":{"line":290,"column":22},"end":{"line":290,"column":35}},{"start":{"line":290,"column":39},"end":{"line":290,"column":41}}],"line":290},"50":{"loc":{"start":{"line":291,"column":26},"end":{"line":291,"column":50}},"type":"binary-expr","locations":[{"start":{"line":291,"column":26},"end":{"line":291,"column":44}},{"start":{"line":291,"column":48},"end":{"line":291,"column":50}}],"line":291},"51":{"loc":{"start":{"line":292,"column":24},"end":{"line":292,"column":55}},"type":"binary-expr","locations":[{"start":{"line":292,"column":24},"end":{"line":292,"column":47}},{"start":{"line":292,"column":51},"end":{"line":292,"column":55}}],"line":292},"52":{"loc":{"start":{"line":296,"column":2},"end":{"line":300,"column":3}},"type":"if","locations":[{"start":{"line":296,"column":2},"end":{"line":300,"column":3}},{"start":{},"end":{}}],"line":296},"53":{"loc":{"start":{"line":296,"column":6},"end":{"line":296,"column":28}},"type":"binary-expr","locations":[{"start":{"line":296,"column":6},"end":{"line":296,"column":15}},{"start":{"line":296,"column":19},"end":{"line":296,"column":28}}],"line":296},"54":{"loc":{"start":{"line":301,"column":2},"end":{"line":314,"column":3}},"type":"if","locations":[{"start":{"line":301,"column":2},"end":{"line":314,"column":3}},{"start":{},"end":{}}],"line":301},"55":{"loc":{"start":{"line":302,"column":4},"end":{"line":306,"column":5}},"type":"if","locations":[{"start":{"line":302,"column":4},"end":{"line":306,"column":5}},{"start":{},"end":{}}],"line":302},"56":{"loc":{"start":{"line":302,"column":8},"end":{"line":302,"column":35}},"type":"binary-expr","locations":[{"start":{"line":302,"column":8},"end":{"line":302,"column":17}},{"start":{"line":302,"column":21},"end":{"line":302,"column":35}}],"line":302},"57":{"loc":{"start":{"line":307,"column":17},"end":{"line":307,"column":48}},"type":"binary-expr","locations":[{"start":{"line":307,"column":17},"end":{"line":307,"column":42}},{"start":{"line":307,"column":46},"end":{"line":307,"column":48}}],"line":307},"58":{"loc":{"start":{"line":309,"column":4},"end":{"line":313,"column":5}},"type":"if","locations":[{"start":{"line":309,"column":4},"end":{"line":313,"column":5}},{"start":{},"end":{}}],"line":309},"59":{"loc":{"start":{"line":315,"column":2},"end":{"line":319,"column":3}},"type":"if","locations":[{"start":{"line":315,"column":2},"end":{"line":319,"column":3}},{"start":{},"end":{}}],"line":315},"60":{"loc":{"start":{"line":330,"column":2},"end":{"line":334,"column":3}},"type":"if","locations":[{"start":{"line":330,"column":2},"end":{"line":334,"column":3}},{"start":{},"end":{}}],"line":330},"61":{"loc":{"start":{"line":340,"column":2},"end":{"line":344,"column":3}},"type":"if","locations":[{"start":{"line":340,"column":2},"end":{"line":344,"column":3}},{"start":{},"end":{}}],"line":340},"62":{"loc":{"start":{"line":348,"column":2},"end":{"line":352,"column":3}},"type":"if","locations":[{"start":{"line":348,"column":2},"end":{"line":352,"column":3}},{"start":{},"end":{}}],"line":348},"63":{"loc":{"start":{"line":353,"column":29},"end":{"line":353,"column":50}},"type":"binary-expr","locations":[{"start":{"line":353,"column":29},"end":{"line":353,"column":44}},{"start":{"line":353,"column":48},"end":{"line":353,"column":50}}],"line":353},"64":{"loc":{"start":{"line":354,"column":21},"end":{"line":354,"column":49}},"type":"binary-expr","locations":[{"start":{"line":354,"column":21},"end":{"line":354,"column":41}},{"start":{"line":354,"column":45},"end":{"line":354,"column":49}}],"line":354},"65":{"loc":{"start":{"line":355,"column":2},"end":{"line":359,"column":3}},"type":"if","locations":[{"start":{"line":355,"column":2},"end":{"line":359,"column":3}},{"start":{},"end":{}}],"line":355},"66":{"loc":{"start":{"line":360,"column":2},"end":{"line":364,"column":3}},"type":"if","locations":[{"start":{"line":360,"column":2},"end":{"line":364,"column":3}},{"start":{},"end":{}}],"line":360},"67":{"loc":{"start":{"line":365,"column":2},"end":{"line":369,"column":3}},"type":"if","locations":[{"start":{"line":365,"column":2},"end":{"line":369,"column":3}},{"start":{},"end":{}}],"line":365},"68":{"loc":{"start":{"line":365,"column":6},"end":{"line":365,"column":48}},"type":"binary-expr","locations":[{"start":{"line":365,"column":6},"end":{"line":365,"column":17}},{"start":{"line":365,"column":21},"end":{"line":365,"column":48}}],"line":365},"69":{"loc":{"start":{"line":378,"column":2},"end":{"line":382,"column":3}},"type":"if","locations":[{"start":{"line":378,"column":2},"end":{"line":382,"column":3}},{"start":{},"end":{}}],"line":378},"70":{"loc":{"start":{"line":384,"column":2},"end":{"line":388,"column":3}},"type":"if","locations":[{"start":{"line":384,"column":2},"end":{"line":388,"column":3}},{"start":{},"end":{}}],"line":384},"71":{"loc":{"start":{"line":403,"column":2},"end":{"line":407,"column":3}},"type":"if","locations":[{"start":{"line":403,"column":2},"end":{"line":407,"column":3}},{"start":{},"end":{}}],"line":403},"72":{"loc":{"start":{"line":409,"column":2},"end":{"line":413,"column":3}},"type":"if","locations":[{"start":{"line":409,"column":2},"end":{"line":413,"column":3}},{"start":{},"end":{}}],"line":409},"73":{"loc":{"start":{"line":409,"column":13},"end":{"line":409,"column":27}},"type":"binary-expr","locations":[{"start":{"line":409,"column":13},"end":{"line":409,"column":21}},{"start":{"line":409,"column":25},"end":{"line":409,"column":27}}],"line":409},"74":{"loc":{"start":{"line":414,"column":2},"end":{"line":430,"column":3}},"type":"if","locations":[{"start":{"line":414,"column":2},"end":{"line":430,"column":3}},{"start":{},"end":{}}],"line":414},"75":{"loc":{"start":{"line":414,"column":13},"end":{"line":414,"column":32}},"type":"binary-expr","locations":[{"start":{"line":414,"column":13},"end":{"line":414,"column":26}},{"start":{"line":414,"column":30},"end":{"line":414,"column":32}}],"line":414},"76":{"loc":{"start":{"line":415,"column":25},"end":{"line":415,"column":39}},"type":"binary-expr","locations":[{"start":{"line":415,"column":25},"end":{"line":415,"column":33}},{"start":{"line":415,"column":37},"end":{"line":415,"column":39}}],"line":415},"77":{"loc":{"start":{"line":416,"column":4},"end":{"line":420,"column":5}},"type":"if","locations":[{"start":{"line":416,"column":4},"end":{"line":420,"column":5}},{"start":{},"end":{}}],"line":416},"78":{"loc":{"start":{"line":425,"column":4},"end":{"line":429,"column":5}},"type":"if","locations":[{"start":{"line":425,"column":4},"end":{"line":429,"column":5}},{"start":{},"end":{}}],"line":425},"79":{"loc":{"start":{"line":432,"column":22},"end":{"line":432,"column":34}},"type":"binary-expr","locations":[{"start":{"line":432,"column":22},"end":{"line":432,"column":28}},{"start":{"line":432,"column":32},"end":{"line":432,"column":34}}],"line":432},"80":{"loc":{"start":{"line":433,"column":17},"end":{"line":433,"column":40}},"type":"binary-expr","locations":[{"start":{"line":433,"column":17},"end":{"line":433,"column":25}},{"start":{"line":433,"column":29},"end":{"line":433,"column":40}}],"line":433},"81":{"loc":{"start":{"line":438,"column":2},"end":{"line":519,"column":3}},"type":"if","locations":[{"start":{"line":438,"column":2},"end":{"line":519,"column":3}},{"start":{"line":489,"column":9},"end":{"line":519,"column":3}}],"line":438},"82":{"loc":{"start":{"line":439,"column":22},"end":{"line":439,"column":53}},"type":"binary-expr","locations":[{"start":{"line":439,"column":22},"end":{"line":439,"column":32}},{"start":{"line":439,"column":36},"end":{"line":439,"column":47}},{"start":{"line":439,"column":51},"end":{"line":439,"column":53}}],"line":439},"83":{"loc":{"start":{"line":440,"column":23},"end":{"line":440,"column":54}},"type":"binary-expr","locations":[{"start":{"line":440,"column":23},"end":{"line":440,"column":48}},{"start":{"line":440,"column":52},"end":{"line":440,"column":54}}],"line":440},"84":{"loc":{"start":{"line":441,"column":20},"end":{"line":441,"column":61}},"type":"binary-expr","locations":[{"start":{"line":441,"column":20},"end":{"line":441,"column":35}},{"start":{"line":441,"column":39},"end":{"line":441,"column":55}},{"start":{"line":441,"column":59},"end":{"line":441,"column":61}}],"line":441},"85":{"loc":{"start":{"line":442,"column":4},"end":{"line":446,"column":5}},"type":"if","locations":[{"start":{"line":442,"column":4},"end":{"line":446,"column":5}},{"start":{},"end":{}}],"line":442},"86":{"loc":{"start":{"line":447,"column":4},"end":{"line":488,"column":5}},"type":"if","locations":[{"start":{"line":447,"column":4},"end":{"line":488,"column":5}},{"start":{"line":456,"column":11},"end":{"line":488,"column":5}}],"line":447},"87":{"loc":{"start":{"line":449,"column":6},"end":{"line":454,"column":7}},"type":"if","locations":[{"start":{"line":449,"column":6},"end":{"line":454,"column":7}},{"start":{"line":452,"column":13},"end":{"line":454,"column":7}}],"line":449},"88":{"loc":{"start":{"line":455,"column":20},"end":{"line":455,"column":43}},"type":"binary-expr","locations":[{"start":{"line":455,"column":20},"end":{"line":455,"column":28}},{"start":{"line":455,"column":32},"end":{"line":455,"column":43}}],"line":455},"89":{"loc":{"start":{"line":458,"column":8},"end":{"line":468,"column":24}},"type":"cond-expr","locations":[{"start":{"line":459,"column":12},"end":{"line":459,"column":23}},{"start":{"line":460,"column":12},"end":{"line":468,"column":24}}],"line":458},"90":{"loc":{"start":{"line":460,"column":12},"end":{"line":468,"column":24}},"type":"cond-expr","locations":[{"start":{"line":461,"column":14},"end":{"line":461,"column":26}},{"start":{"line":462,"column":14},"end":{"line":468,"column":24}}],"line":460},"91":{"loc":{"start":{"line":460,"column":12},"end":{"line":460,"column":43}},"type":"binary-expr","locations":[{"start":{"line":460,"column":12},"end":{"line":460,"column":25}},{"start":{"line":460,"column":29},"end":{"line":460,"column":43}}],"line":460},"92":{"loc":{"start":{"line":462,"column":14},"end":{"line":468,"column":24}},"type":"cond-expr","locations":[{"start":{"line":463,"column":16},"end":{"line":463,"column":27}},{"start":{"line":464,"column":16},"end":{"line":468,"column":24}}],"line":462},"93":{"loc":{"start":{"line":464,"column":16},"end":{"line":468,"column":24}},"type":"cond-expr","locations":[{"start":{"line":465,"column":18},"end":{"line":465,"column":30}},{"start":{"line":466,"column":18},"end":{"line":468,"column":24}}],"line":464},"94":{"loc":{"start":{"line":466,"column":18},"end":{"line":468,"column":24}},"type":"cond-expr","locations":[{"start":{"line":467,"column":20},"end":{"line":467,"column":35}},{"start":{"line":468,"column":20},"end":{"line":468,"column":24}}],"line":466},"95":{"loc":{"start":{"line":469,"column":6},"end":{"line":473,"column":7}},"type":"if","locations":[{"start":{"line":469,"column":6},"end":{"line":473,"column":7}},{"start":{},"end":{}}],"line":469},"96":{"loc":{"start":{"line":489,"column":9},"end":{"line":519,"column":3}},"type":"if","locations":[{"start":{"line":489,"column":9},"end":{"line":519,"column":3}},{"start":{"line":515,"column":9},"end":{"line":519,"column":3}}],"line":489},"97":{"loc":{"start":{"line":490,"column":21},"end":{"line":490,"column":37}},"type":"binary-expr","locations":[{"start":{"line":490,"column":21},"end":{"line":490,"column":31}},{"start":{"line":490,"column":35},"end":{"line":490,"column":37}}],"line":490},"98":{"loc":{"start":{"line":492,"column":24},"end":{"line":497,"column":17}},"type":"cond-expr","locations":[{"start":{"line":493,"column":8},"end":{"line":493,"column":16}},{"start":{"line":494,"column":8},"end":{"line":497,"column":17}}],"line":492},"99":{"loc":{"start":{"line":524,"column":42},"end":{"line":524,"column":61}},"type":"default-arg","locations":[{"start":{"line":524,"column":59},"end":{"line":524,"column":61}}],"line":524},"100":{"loc":{"start":{"line":530,"column":2},"end":{"line":534,"column":3}},"type":"if","locations":[{"start":{"line":530,"column":2},"end":{"line":534,"column":3}},{"start":{},"end":{}}],"line":530},"101":{"loc":{"start":{"line":541,"column":2},"end":{"line":543,"column":3}},"type":"if","locations":[{"start":{"line":541,"column":2},"end":{"line":543,"column":3}},{"start":{},"end":{}}],"line":541},"102":{"loc":{"start":{"line":545,"column":28},"end":{"line":545,"column":56}},"type":"binary-expr","locations":[{"start":{"line":545,"column":28},"end":{"line":545,"column":50}},{"start":{"line":545,"column":54},"end":{"line":545,"column":56}}],"line":545},"103":{"loc":{"start":{"line":546,"column":21},"end":{"line":546,"column":69}},"type":"binary-expr","locations":[{"start":{"line":546,"column":21},"end":{"line":546,"column":31}},{"start":{"line":546,"column":35},"end":{"line":546,"column":63}},{"start":{"line":546,"column":67},"end":{"line":546,"column":69}}],"line":546},"104":{"loc":{"start":{"line":548,"column":2},"end":{"line":555,"column":3}},"type":"if","locations":[{"start":{"line":548,"column":2},"end":{"line":555,"column":3}},{"start":{},"end":{}}],"line":548},"105":{"loc":{"start":{"line":554,"column":19},"end":{"line":554,"column":40}},"type":"binary-expr","locations":[{"start":{"line":554,"column":19},"end":{"line":554,"column":34}},{"start":{"line":554,"column":38},"end":{"line":554,"column":40}}],"line":554},"106":{"loc":{"start":{"line":562,"column":16},"end":{"line":562,"column":29}},"type":"binary-expr","locations":[{"start":{"line":562,"column":16},"end":{"line":562,"column":21}},{"start":{"line":562,"column":25},"end":{"line":562,"column":29}}],"line":562}},"s":{"0":6,"1":6,"2":3,"3":3,"4":3,"5":1,"6":1,"7":1,"8":2,"9":2,"10":2,"11":2,"12":4,"13":1,"14":1,"15":1,"16":3,"17":3,"18":1,"19":1,"20":1,"21":2,"22":2,"23":1,"24":1,"25":1,"26":1,"27":1,"28":6,"29":1,"30":1,"31":1,"32":5,"33":5,"34":5,"35":5,"36":17,"37":17,"38":2,"39":2,"40":2,"41":15,"42":15,"43":15,"44":9,"45":1,"46":1,"47":1,"48":8,"49":1,"50":1,"51":1,"52":13,"53":13,"54":13,"55":13,"56":17,"57":13,"58":13,"59":13,"60":18,"61":18,"62":2,"63":13,"64":13,"65":1,"66":1,"67":1,"68":12,"69":9,"70":9,"71":1,"72":1,"73":1,"74":8,"75":8,"76":8,"77":4,"78":1,"79":1,"80":1,"81":3,"82":6,"83":4,"84":1,"85":1,"86":1,"87":3,"88":4,"89":4,"90":4,"91":1,"92":1,"93":1,"94":3,"95":12,"96":12,"97":1,"98":1,"99":1,"100":11,"101":11,"102":11,"103":5,"104":1,"105":1,"106":1,"107":4,"108":10,"109":6,"110":1,"111":1,"112":1,"113":5,"114":1,"115":1,"116":1,"117":4,"118":5,"119":5,"120":1,"121":1,"122":1,"123":4,"124":4,"125":4,"126":12,"127":2,"128":2,"129":2,"130":10,"131":10,"132":2,"133":2,"134":2,"135":8,"136":8,"137":8,"138":8,"139":8,"140":8,"141":8,"142":2,"143":2,"144":2,"145":6,"146":3,"147":1,"148":1,"149":1,"150":2,"151":2,"152":2,"153":1,"154":1,"155":1,"156":4,"157":1,"158":1,"159":1,"160":3,"161":3,"162":3,"163":1,"164":1,"165":1,"166":2,"167":2,"168":10,"169":1,"170":1,"171":1,"172":9,"173":9,"174":1,"175":1,"176":1,"177":8,"178":8,"179":8,"180":2,"181":2,"182":2,"183":6,"184":1,"185":1,"186":1,"187":5,"188":1,"189":1,"190":1,"191":4,"192":4,"193":1,"194":1,"195":1,"196":3,"197":3,"198":1,"199":1,"200":1,"201":2,"202":31,"203":31,"204":3,"205":3,"206":3,"207":28,"208":28,"209":3,"210":3,"211":3,"212":25,"213":6,"214":6,"215":3,"216":3,"217":3,"218":3,"219":3,"220":3,"221":3,"222":3,"223":19,"224":19,"225":19,"226":19,"227":19,"228":19,"229":10,"230":10,"231":10,"232":10,"233":2,"234":2,"235":2,"236":8,"237":3,"238":3,"239":2,"240":6,"241":2,"242":1,"243":3,"244":5,"245":5,"246":1,"247":1,"248":1,"249":4,"250":4,"251":4,"252":4,"253":4,"254":4,"255":4,"256":4,"257":4,"258":9,"259":7,"260":7,"261":7,"262":6,"263":7,"264":7,"265":7,"266":7,"267":7,"268":7,"269":7,"270":7,"271":7,"272":2,"273":2,"274":2,"275":14,"276":5,"277":5,"278":1,"279":1,"280":1,"281":4,"282":4,"283":1,"284":3,"285":3,"286":3,"287":1,"288":1,"289":3,"290":3,"291":3,"292":6},"f":{"0":3,"1":4,"2":6,"3":17,"4":17,"5":9,"6":12,"7":4,"8":12,"9":10,"10":31,"11":6,"12":0,"13":6,"14":0,"15":5},"b":{"0":[3,2],"1":[1,2],"2":[1,1],"3":[1,1],"4":[1,3],"5":[1,2],"6":[1,1],"7":[1,5],"8":[5,2],"9":[5,2],"10":[5,1],"11":[2,15],"12":[15,7],"13":[9,6],"14":[1,8],"15":[1,7],"16":[13,0],"17":[2,16],"18":[18,8],"19":[18,0],"20":[8,0],"21":[1,12],"22":[1,8],"23":[8,0],"24":[8,4],"25":[4,4],"26":[1,3],"27":[4,2],"28":[1,3],"29":[2,2],"30":[4,1],"31":[4,1],"32":[4,0,0],"33":[1,3],"34":[1,11],"35":[11,0],"36":[11,5],"37":[5,6],"38":[1,4],"39":[6,4],"40":[1,5],"41":[1,4],"42":[5,0],"43":[5,0,0],"44":[1,4],"45":[3,1],"46":[2,10],"47":[2,8],"48":[8,0],"49":[8,0],"50":[8,6],"51":[8,6],"52":[2,6],"53":[8,5],"54":[3,3],"55":[1,2],"56":[3,2],"57":[2,0],"58":[1,1],"59":[1,3],"60":[1,2],"61":[1,9],"62":[1,8],"63":[8,0],"64":[8,0],"65":[2,6],"66":[1,5],"67":[1,4],"68":[5,5],"69":[1,3],"70":[1,2],"71":[3,28],"72":[3,25],"73":[28,0],"74":[6,19],"75":[25,0],"76":[6,3],"77":[3,3],"78":[3,0],"79":[19,0],"80":[19,0],"81":[10,9],"82":[10,1,0],"83":[10,0],"84":[10,3,2],"85":[2,8],"86":[3,5],"87":[2,1],"88":[3,0],"89":[2,3],"90":[0,3],"91":[3,3],"92":[0,3],"93":[1,2],"94":[1,1],"95":[1,4],"96":[7,2],"97":[7,1],"98":[2,5],"99":[4],"100":[1,4],"101":[1,3],"102":[3,0],"103":[3,2,1],"104":[1,2],"105":[1,0],"106":[3,0]},"_coverageSchema":"1a1c01bbd47fc00a2c39e90264f33305004495a9","hash":"82f15b7c852847c2005b7f9049c6ce3cf3051f57"}
,"C:\\Users\\lcmuniz\\Documents\\spe\\api\\services\\partesCadastroService.js": {"path":"C:\\Users\\lcmuniz\\Documents\\spe\\api\\services\\partesCadastroService.js","statementMap":{"0":{"start":{"line":1,"column":18},"end":{"line":1,"column":34}},"1":{"start":{"line":2,"column":23},"end":{"line":2,"column":40}},"2":{"start":{"line":4,"column":14},"end":{"line":4,"column":31}},"3":{"start":{"line":7,"column":12},"end":{"line":9,"column":18}},"4":{"start":{"line":10,"column":2},"end":{"line":10,"column":21}},"5":{"start":{"line":10,"column":10},"end":{"line":10,"column":21}},"6":{"start":{"line":11,"column":2},"end":{"line":11,"column":22}},"7":{"start":{"line":15,"column":2},"end":{"line":29,"column":3}},"8":{"start":{"line":33,"column":17},"end":{"line":33,"column":19}},"9":{"start":{"line":34,"column":14},"end":{"line":34,"column":16}},"10":{"start":{"line":35,"column":2},"end":{"line":38,"column":3}},"11":{"start":{"line":36,"column":4},"end":{"line":36,"column":25}},"12":{"start":{"line":37,"column":4},"end":{"line":37,"column":55}},"13":{"start":{"line":39,"column":19},"end":{"line":39,"column":36}},"14":{"start":{"line":40,"column":20},"end":{"line":40,"column":37}},"15":{"start":{"line":41,"column":14},"end":{"line":41,"column":105}},"16":{"start":{"line":42,"column":2},"end":{"line":42,"column":20}},"17":{"start":{"line":43,"column":2},"end":{"line":43,"column":21}},"18":{"start":{"line":44,"column":19},"end":{"line":44,"column":43}},"19":{"start":{"line":45,"column":2},"end":{"line":45,"column":19}},"20":{"start":{"line":49,"column":19},"end":{"line":49,"column":76}},"21":{"start":{"line":50,"column":2},"end":{"line":50,"column":26}},"22":{"start":{"line":54,"column":15},"end":{"line":54,"column":32}},"23":{"start":{"line":55,"column":13},"end":{"line":55,"column":36}},"24":{"start":{"line":56,"column":14},"end":{"line":64,"column":3}},"25":{"start":{"line":65,"column":17},"end":{"line":79,"column":3}},"26":{"start":{"line":80,"column":19},"end":{"line":80,"column":43}},"27":{"start":{"line":81,"column":2},"end":{"line":81,"column":26}},"28":{"start":{"line":85,"column":15},"end":{"line":85,"column":32}},"29":{"start":{"line":86,"column":17},"end":{"line":99,"column":3}},"30":{"start":{"line":100,"column":19},"end":{"line":100,"column":21}},"31":{"start":{"line":101,"column":17},"end":{"line":101,"column":19}},"32":{"start":{"line":102,"column":2},"end":{"line":107,"column":4}},"33":{"start":{"line":103,"column":4},"end":{"line":106,"column":5}},"34":{"start":{"line":104,"column":6},"end":{"line":104,"column":41}},"35":{"start":{"line":105,"column":6},"end":{"line":105,"column":26}},"36":{"start":{"line":108,"column":2},"end":{"line":111,"column":3}},"37":{"start":{"line":109,"column":20},"end":{"line":109,"column":48}},"38":{"start":{"line":110,"column":4},"end":{"line":110,"column":18}},"39":{"start":{"line":112,"column":2},"end":{"line":112,"column":17}},"40":{"start":{"line":113,"column":14},"end":{"line":113,"column":99}},"41":{"start":{"line":114,"column":19},"end":{"line":114,"column":43}},"42":{"start":{"line":115,"column":2},"end":{"line":115,"column":26}},"43":{"start":{"line":120,"column":16},"end":{"line":120,"column":103}},"44":{"start":{"line":121,"column":2},"end":{"line":125,"column":3}},"45":{"start":{"line":122,"column":16},"end":{"line":122,"column":85}},"46":{"start":{"line":123,"column":4},"end":{"line":123,"column":18}},"47":{"start":{"line":124,"column":4},"end":{"line":124,"column":13}},"48":{"start":{"line":126,"column":2},"end":{"line":126,"column":57}},"49":{"start":{"line":127,"column":2},"end":{"line":127,"column":21}},"50":{"start":{"line":130,"column":0},"end":{"line":136,"column":1}}},"fnMap":{"0":{"name":"normalizeEstado","decl":{"start":{"line":6,"column":9},"end":{"line":6,"column":24}},"loc":{"start":{"line":6,"column":29},"end":{"line":12,"column":1}},"line":6},"1":{"name":"sanitize","decl":{"start":{"line":14,"column":9},"end":{"line":14,"column":17}},"loc":{"start":{"line":14,"column":29},"end":{"line":30,"column":1}},"line":14},"2":{"name":"listarPartesCadastro","decl":{"start":{"line":32,"column":15},"end":{"line":32,"column":35}},"loc":{"start":{"line":32,"column":72},"end":{"line":46,"column":1}},"line":32},"3":{"name":"obterParteCadastro","decl":{"start":{"line":48,"column":15},"end":{"line":48,"column":33}},"loc":{"start":{"line":48,"column":38},"end":{"line":51,"column":1}},"line":48},"4":{"name":"criarParteCadastro","decl":{"start":{"line":53,"column":15},"end":{"line":53,"column":33}},"loc":{"start":{"line":53,"column":48},"end":{"line":82,"column":1}},"line":53},"5":{"name":"atualizarParteCadastro","decl":{"start":{"line":84,"column":15},"end":{"line":84,"column":37}},"loc":{"start":{"line":84,"column":56},"end":{"line":116,"column":1}},"line":84},"6":{"name":"(anonymous_6)","decl":{"start":{"line":102,"column":17},"end":{"line":102,"column":18}},"loc":{"start":{"line":102,"column":29},"end":{"line":107,"column":3}},"line":102},"7":{"name":"removerParteCadastro","decl":{"start":{"line":118,"column":15},"end":{"line":118,"column":35}},"loc":{"start":{"line":118,"column":40},"end":{"line":128,"column":1}},"line":118}},"branchMap":{"0":{"loc":{"start":{"line":7,"column":19},"end":{"line":7,"column":27}},"type":"binary-expr","locations":[{"start":{"line":7,"column":19},"end":{"line":7,"column":21}},{"start":{"line":7,"column":25},"end":{"line":7,"column":27}}],"line":7},"1":{"loc":{"start":{"line":10,"column":2},"end":{"line":10,"column":21}},"type":"if","locations":[{"start":{"line":10,"column":2},"end":{"line":10,"column":21}},{"start":{},"end":{}}],"line":10},"2":{"loc":{"start":{"line":14,"column":18},"end":{"line":14,"column":27}},"type":"default-arg","locations":[{"start":{"line":14,"column":25},"end":{"line":14,"column":27}}],"line":14},"3":{"loc":{"start":{"line":16,"column":8},"end":{"line":16,"column":23}},"type":"binary-expr","locations":[{"start":{"line":16,"column":8},"end":{"line":16,"column":15}},{"start":{"line":16,"column":19},"end":{"line":16,"column":23}}],"line":16},"4":{"loc":{"start":{"line":17,"column":10},"end":{"line":17,"column":27}},"type":"binary-expr","locations":[{"start":{"line":17,"column":10},"end":{"line":17,"column":19}},{"start":{"line":17,"column":23},"end":{"line":17,"column":27}}],"line":17},"5":{"loc":{"start":{"line":18,"column":10},"end":{"line":18,"column":27}},"type":"binary-expr","locations":[{"start":{"line":18,"column":10},"end":{"line":18,"column":19}},{"start":{"line":18,"column":23},"end":{"line":18,"column":27}}],"line":18},"6":{"loc":{"start":{"line":19,"column":15},"end":{"line":19,"column":37}},"type":"binary-expr","locations":[{"start":{"line":19,"column":15},"end":{"line":19,"column":29}},{"start":{"line":19,"column":33},"end":{"line":19,"column":37}}],"line":19},"7":{"loc":{"start":{"line":20,"column":11},"end":{"line":20,"column":29}},"type":"binary-expr","locations":[{"start":{"line":20,"column":11},"end":{"line":20,"column":21}},{"start":{"line":20,"column":25},"end":{"line":20,"column":29}}],"line":20},"8":{"loc":{"start":{"line":21,"column":14},"end":{"line":21,"column":35}},"type":"binary-expr","locations":[{"start":{"line":21,"column":14},"end":{"line":21,"column":27}},{"start":{"line":21,"column":31},"end":{"line":21,"column":35}}],"line":21},"9":{"loc":{"start":{"line":22,"column":25},"end":{"line":22,"column":57}},"type":"binary-expr","locations":[{"start":{"line":22,"column":25},"end":{"line":22,"column":49}},{"start":{"line":22,"column":53},"end":{"line":22,"column":57}}],"line":22},"10":{"loc":{"start":{"line":23,"column":21},"end":{"line":23,"column":49}},"type":"binary-expr","locations":[{"start":{"line":23,"column":21},"end":{"line":23,"column":41}},{"start":{"line":23,"column":45},"end":{"line":23,"column":49}}],"line":23},"11":{"loc":{"start":{"line":24,"column":26},"end":{"line":24,"column":59}},"type":"binary-expr","locations":[{"start":{"line":24,"column":26},"end":{"line":24,"column":51}},{"start":{"line":24,"column":55},"end":{"line":24,"column":59}}],"line":24},"12":{"loc":{"start":{"line":25,"column":21},"end":{"line":25,"column":49}},"type":"binary-expr","locations":[{"start":{"line":25,"column":21},"end":{"line":25,"column":41}},{"start":{"line":25,"column":45},"end":{"line":25,"column":49}}],"line":25},"13":{"loc":{"start":{"line":26,"column":21},"end":{"line":26,"column":49}},"type":"binary-expr","locations":[{"start":{"line":26,"column":21},"end":{"line":26,"column":41}},{"start":{"line":26,"column":45},"end":{"line":26,"column":49}}],"line":26},"14":{"loc":{"start":{"line":28,"column":18},"end":{"line":28,"column":43}},"type":"binary-expr","locations":[{"start":{"line":28,"column":18},"end":{"line":28,"column":35}},{"start":{"line":28,"column":39},"end":{"line":28,"column":43}}],"line":28},"15":{"loc":{"start":{"line":32,"column":36},"end":{"line":32,"column":70}},"type":"default-arg","locations":[{"start":{"line":32,"column":68},"end":{"line":32,"column":70}}],"line":32},"16":{"loc":{"start":{"line":32,"column":41},"end":{"line":32,"column":51}},"type":"default-arg","locations":[{"start":{"line":32,"column":49},"end":{"line":32,"column":51}}],"line":32},"17":{"loc":{"start":{"line":32,"column":53},"end":{"line":32,"column":63}},"type":"default-arg","locations":[{"start":{"line":32,"column":62},"end":{"line":32,"column":63}}],"line":32},"18":{"loc":{"start":{"line":35,"column":2},"end":{"line":38,"column":3}},"type":"if","locations":[{"start":{"line":35,"column":2},"end":{"line":38,"column":3}},{"start":{},"end":{}}],"line":35},"19":{"loc":{"start":{"line":45,"column":9},"end":{"line":45,"column":19}},"type":"binary-expr","locations":[{"start":{"line":45,"column":9},"end":{"line":45,"column":13}},{"start":{"line":45,"column":17},"end":{"line":45,"column":19}}],"line":45},"20":{"loc":{"start":{"line":50,"column":9},"end":{"line":50,"column":26}},"type":"binary-expr","locations":[{"start":{"line":50,"column":9},"end":{"line":50,"column":18}},{"start":{"line":50,"column":22},"end":{"line":50,"column":26}}],"line":50},"21":{"loc":{"start":{"line":53,"column":34},"end":{"line":53,"column":46}},"type":"default-arg","locations":[{"start":{"line":53,"column":44},"end":{"line":53,"column":46}}],"line":53},"22":{"loc":{"start":{"line":55,"column":13},"end":{"line":55,"column":36}},"type":"binary-expr","locations":[{"start":{"line":55,"column":13},"end":{"line":55,"column":20}},{"start":{"line":55,"column":24},"end":{"line":55,"column":36}}],"line":55},"23":{"loc":{"start":{"line":81,"column":9},"end":{"line":81,"column":26}},"type":"binary-expr","locations":[{"start":{"line":81,"column":9},"end":{"line":81,"column":18}},{"start":{"line":81,"column":22},"end":{"line":81,"column":26}}],"line":81},"24":{"loc":{"start":{"line":84,"column":42},"end":{"line":84,"column":54}},"type":"default-arg","locations":[{"start":{"line":84,"column":52},"end":{"line":84,"column":54}}],"line":84},"25":{"loc":{"start":{"line":103,"column":4},"end":{"line":106,"column":5}},"type":"if","locations":[{"start":{"line":103,"column":4},"end":{"line":106,"column":5}},{"start":{},"end":{}}],"line":103},"26":{"loc":{"start":{"line":108,"column":2},"end":{"line":111,"column":3}},"type":"if","locations":[{"start":{"line":108,"column":2},"end":{"line":111,"column":3}},{"start":{},"end":{}}],"line":108},"27":{"loc":{"start":{"line":115,"column":9},"end":{"line":115,"column":26}},"type":"binary-expr","locations":[{"start":{"line":115,"column":9},"end":{"line":115,"column":18}},{"start":{"line":115,"column":22},"end":{"line":115,"column":26}}],"line":115},"28":{"loc":{"start":{"line":121,"column":2},"end":{"line":125,"column":3}},"type":"if","locations":[{"start":{"line":121,"column":2},"end":{"line":125,"column":3}},{"start":{},"end":{}}],"line":121},"29":{"loc":{"start":{"line":121,"column":6},"end":{"line":121,"column":37}},"type":"binary-expr","locations":[{"start":{"line":121,"column":6},"end":{"line":121,"column":16}},{"start":{"line":121,"column":20},"end":{"line":121,"column":37}}],"line":121}},"s":{"0":4,"1":4,"2":4,"3":2,"4":2,"5":0,"6":2,"7":2,"8":2,"9":2,"10":2,"11":1,"12":1,"13":2,"14":2,"15":2,"16":2,"17":2,"18":2,"19":2,"20":1,"21":1,"22":1,"23":1,"24":1,"25":1,"26":1,"27":1,"28":1,"29":1,"30":1,"31":1,"32":1,"33":12,"34":12,"35":12,"36":1,"37":0,"38":0,"39":1,"40":1,"41":1,"42":1,"43":5,"44":5,"45":2,"46":2,"47":2,"48":3,"49":3,"50":4},"f":{"0":2,"1":2,"2":2,"3":1,"4":1,"5":1,"6":12,"7":5},"b":{"0":[2,0],"1":[0,2],"2":[0],"3":[2,2],"4":[2,0],"5":[2,0],"6":[2,1],"7":[2,1],"8":[2,1],"9":[2,1],"10":[2,1],"11":[2,2],"12":[2,1],"13":[2,1],"14":[2,1],"15":[1],"16":[1],"17":[1],"18":[1,1],"19":[2,0],"20":[1,0],"21":[0],"22":[1,1],"23":[1,0],"24":[0],"25":[12,0],"26":[0,1],"27":[1,0],"28":[2,3],"29":[5,4]},"_coverageSchema":"1a1c01bbd47fc00a2c39e90264f33305004495a9","hash":"e1d1e3a4e5912ef62df0f30af87ac5c4a7c8ae63"}
[...]
":602,"column":2},"end":{"line":618,"column":3}},{"start":{"line":610,"column":9},"end":{"line":618,"column":3}}],"line":602},"103":{"loc":{"start":{"line":620,"column":2},"end":{"line":624,"column":3}},"type":"if","locations":[{"start":{"line":620,"column":2},"end":{"line":624,"column":3}},{"start":{},"end":{}}],"line":620},"104":{"loc":{"start":{"line":626,"column":23},"end":{"line":626,"column":49}},"type":"binary-expr","locations":[{"start":{"line":626,"column":23},"end":{"line":626,"column":43}},{"start":{"line":626,"column":47},"end":{"line":626,"column":49}}],"line":626},"105":{"loc":{"start":{"line":627,"column":2},"end":{"line":642,"column":3}},"type":"if","locations":[{"start":{"line":627,"column":2},"end":{"line":642,"column":3}},{"start":{},"end":{}}],"line":627},"106":{"loc":{"start":{"line":627,"column":8},"end":{"line":627,"column":50}},"type":"binary-expr","locations":[{"start":{"line":627,"column":8},"end":{"line":627,"column":27}},{"start":{"line":627,"column":31},"end":{"line":627,"column":50}}],"line":627},"107":{"loc":{"start":{"line":628,"column":4},"end":{"line":632,"column":5}},"type":"if","locations":[{"start":{"line":628,"column":4},"end":{"line":632,"column":5}},{"start":{},"end":{}}],"line":628},"108":{"loc":{"start":{"line":637,"column":4},"end":{"line":641,"column":5}},"type":"if","locations":[{"start":{"line":637,"column":4},"end":{"line":641,"column":5}},{"start":{},"end":{}}],"line":637},"109":{"loc":{"start":{"line":706,"column":2},"end":{"line":710,"column":3}},"type":"if","locations":[{"start":{"line":706,"column":2},"end":{"line":710,"column":3}},{"start":{},"end":{}}],"line":706},"110":{"loc":{"start":{"line":716,"column":2},"end":{"line":720,"column":3}},"type":"if","locations":[{"start":{"line":716,"column":2},"end":{"line":720,"column":3}},{"start":{},"end":{}}],"line":716},"111":{"loc":{"start":{"line":723,"column":2},"end":{"line":727,"column":3}},"type":"if","locations":[{"start":{"line":723,"column":2},"end":{"line":727,"column":3}},{"start":{},"end":{}}],"line":723},"112":{"loc":{"start":{"line":723,"column":6},"end":{"line":723,"column":27}},"type":"binary-expr","locations":[{"start":{"line":723,"column":6},"end":{"line":723,"column":15}},{"start":{"line":723,"column":19},"end":{"line":723,"column":27}}],"line":723},"113":{"loc":{"start":{"line":730,"column":2},"end":{"line":734,"column":3}},"type":"if","locations":[{"start":{"line":730,"column":2},"end":{"line":734,"column":3}},{"start":{},"end":{}}],"line":730},"114":{"loc":{"start":{"line":735,"column":30},"end":{"line":735,"column":50}},"type":"binary-expr","locations":[{"start":{"line":735,"column":30},"end":{"line":735,"column":44}},{"start":{"line":735,"column":48},"end":{"line":735,"column":50}}],"line":735},"115":{"loc":{"start":{"line":736,"column":2},"end":{"line":740,"column":3}},"type":"if","locations":[{"start":{"line":736,"column":2},"end":{"line":740,"column":3}},{"start":{},"end":{}}],"line":736},"116":{"loc":{"start":{"line":767,"column":2},"end":{"line":771,"column":3}},"type":"if","locations":[{"start":{"line":767,"column":2},"end":{"line":771,"column":3}},{"start":{},"end":{}}],"line":767},"117":{"loc":{"start":{"line":772,"column":2},"end":{"line":776,"column":3}},"type":"if","locations":[{"start":{"line":772,"column":2},"end":{"line":776,"column":3}},{"start":{},"end":{}}],"line":772},"118":{"loc":{"start":{"line":782,"column":2},"end":{"line":786,"column":3}},"type":"if","locations":[{"start":{"line":782,"column":2},"end":{"line":786,"column":3}},{"start":{},"end":{}}],"line":782},"119":{"loc":{"start":{"line":790,"column":2},"end":{"line":794,"column":3}},"type":"if","locations":[{"start":{"line":790,"column":2},"end":{"line":794,"column":3}},{"start":{},"end":{}}],"line":790},"120":{"loc":{"start":{"line":790,"column":6},"end":{"line":790,"column":38}},"type":"binary-expr","locations":[{"start":{"line":790,"column":6},"end":{"line":790,"column":15}},{"start":{"line":790,"column":19},"end":{"line":790,"column":27}},{"start":{"line":790,"column":31},"end":{"line":790,"column":38}}],"line":790},"121":{"loc":{"start":{"line":797,"column":2},"end":{"line":801,"column":3}},"type":"if","locations":[{"start":{"line":797,"column":2},"end":{"line":801,"column":3}},{"start":{},"end":{}}],"line":797},"122":{"loc":{"start":{"line":802,"column":30},"end":{"line":802,"column":50}},"type":"binary-expr","locations":[{"start":{"line":802,"column":30},"end":{"line":802,"column":44}},{"start":{"line":802,"column":48},"end":{"line":802,"column":50}}],"line":802},"123":{"loc":{"start":{"line":803,"column":2},"end":{"line":807,"column":3}},"type":"if","locations":[{"start":{"line":803,"column":2},"end":{"line":807,"column":3}},{"start":{},"end":{}}],"line":803},"124":{"loc":{"start":{"line":836,"column":2},"end":{"line":840,"column":3}},"type":"if","locations":[{"start":{"line":836,"column":2},"end":{"line":840,"column":3}},{"start":{},"end":{}}],"line":836},"125":{"loc":{"start":{"line":845,"column":2},"end":{"line":849,"column":3}},"type":"if","locations":[{"start":{"line":845,"column":2},"end":{"line":849,"column":3}},{"start":{},"end":{}}],"line":845},"126":{"loc":{"start":{"line":851,"column":2},"end":{"line":855,"column":3}},"type":"if","locations":[{"start":{"line":851,"column":2},"end":{"line":855,"column":3}},{"start":{},"end":{}}],"line":851},"127":{"loc":{"start":{"line":856,"column":2},"end":{"line":860,"column":3}},"type":"if","locations":[{"start":{"line":856,"column":2},"end":{"line":860,"column":3}},{"start":{},"end":{}}],"line":856},"128":{"loc":{"start":{"line":856,"column":13},"end":{"line":856,"column":27}},"type":"binary-expr","locations":[{"start":{"line":856,"column":13},"end":{"line":856,"column":21}},{"start":{"line":856,"column":25},"end":{"line":856,"column":27}}],"line":856},"129":{"loc":{"start":{"line":861,"column":2},"end":{"line":865,"column":3}},"type":"if","locations":[{"start":{"line":861,"column":2},"end":{"line":865,"column":3}},{"start":{},"end":{}}],"line":861},"130":{"loc":{"start":{"line":861,"column":13},"end":{"line":861,"column":38}},"type":"binary-expr","locations":[{"start":{"line":861,"column":13},"end":{"line":861,"column":32}},{"start":{"line":861,"column":36},"end":{"line":861,"column":38}}],"line":861}},"s":{"0":11,"1":11,"2":11,"3":6,"4":6,"5":36,"6":6,"7":2,"8":2,"9":1,"10":1,"11":1,"12":9,"13":1,"14":8,"15":2,"16":2,"17":2,"18":6,"19":6,"20":6,"21":6,"22":6,"23":6,"24":5,"25":5,"26":2,"27":2,"28":1,"29":1,"30":1,"31":1,"32":3,"33":3,"34":3,"35":5,"36":4,"37":5,"38":5,"39":5,"40":5,"41":5,"42":5,"43":5,"44":5,"45":3,"46":3,"47":1,"48":1,"49":1,"50":2,"51":2,"52":2,"53":2,"54":2,"55":1,"56":1,"57":1,"58":1,"59":1,"60":1,"61":9,"62":1,"63":1,"64":1,"65":8,"66":1,"67":1,"68":1,"69":7,"70":7,"71":1,"72":1,"73":1,"74":6,"75":6,"76":6,"77":1,"78":1,"79":1,"80":5,"81":5,"82":1,"83":1,"84":1,"85":4,"86":4,"87":1,"88":1,"89":1,"90":3,"91":3,"92":1,"93":1,"94":1,"95":1,"96":1,"97":2,"98":2,"99":1,"100":1,"101":1,"102":1,"103":1,"104":9,"105":9,"106":2,"107":2,"108":2,"109":7,"110":1,"111":1,"112":1,"113":6,"114":6,"115":1,"116":1,"117":1,"118":5,"119":5,"120":2,"121":2,"122":2,"123":3,"124":3,"125":1,"126":1,"127":1,"128":2,"129":2,"130":7,"131":1,"132":1,"133":1,"134":6,"135":6,"136":1,"137":1,"138":1,"139":5,"140":5,"141":5,"142":2,"143":2,"144":2,"145":3,"146":3,"147":3,"148":3,"149":3,"150":3,"151":3,"152":4,"153":4,"154":4,"155":1,"156":1,"157":4,"158":1,"159":1,"160":4,"161":1,"162":1,"163":4,"164":1,"165":1,"166":4,"167":1,"168":1,"169":4,"170":1,"171":1,"172":4,"173":1,"174":1,"175":4,"176":1,"177":4,"178":1,"179":1,"180":4,"181":1,"182":1,"183":4,"184":4,"185":4,"186":4,"187":4,"188":4,"189":4,"190":4,"191":4,"192":6,"193":3,"194":3,"195":1,"196":1,"197":1,"198":2,"199":2,"200":1,"201":1,"202":1,"203":1,"204":1,"205":1,"206":1,"207":1,"208":3,"209":1,"210":1,"211":1,"212":2,"213":2,"214":1,"215":1,"216":1,"217":1,"218":1,"219":1,"220":1,"221":1,"222":1,"223":2,"224":2,"225":1,"226":1,"227":1,"228":1,"229":1,"230":2,"231":2,"232":10,"233":10,"234":10,"235":8,"236":8,"237":2,"238":2,"239":10,"240":2,"241":2,"242":2,"243":8,"244":8,"245":4,"246":2,"247":2,"248":2,"249":2,"250":2,"251":1,"252":1,"253":1,"254":5,"255":5,"256":5,"257":5,"258":5,"259":6,"260":1,"261":1,"262":1,"263":5,"264":5,"265":1,"266":1,"267":1,"268":4,"269":4,"270":4,"271":1,"272":1,"273":1,"274":3,"275":3,"276":1,"277":1,"278":1,"279":2,"280":2,"281":1,"282":1,"283":1,"284":1,"285":1,"286":1,"287":1,"288":1,"289":1,"290":1,"291":7,"292":1,"293":1,"294":1,"295":6,"296":1,"297":1,"298":1,"299":5,"300":5,"301":1,"302":1,"303":1,"304":4,"305":4,"306":4,"307":4,"308":1,"309":1,"310":1,"311":3,"312":3,"313":1,"314":1,"315":1,"316":2,"317":2,"318":1,"319":1,"320":1,"321":1,"322":1,"323":1,"324":1,"325":1,"326":1,"327":1,"328":6,"329":1,"330":1,"331":1,"332":5,"333":5,"334":1,"335":1,"336":1,"337":4,"338":4,"339":1,"340":1,"341":1,"342":3,"343":1,"344":1,"345":1,"346":2,"347":1,"348":1,"349":1,"350":1,"351":1,"352":1,"353":11},"f":{"0":6,"1":36,"2":2,"3":9,"4":3,"5":9,"6":9,"7":7,"8":4,"9":6,"10":2,"11":2,"12":10,"13":6,"14":7,"15":6},"b":{"0":[30],"1":[1,1],"2":[5],"3":[6],"4":[1,8],"5":[2,6],"6":[8,7,2],"7":[6,0,0],"8":[6,5],"9":[6,1],"10":[6,6],"11":[6,6],"12":[6,0],"13":[2,3],"14":[1,1],"15":[1,0],"16":[3,0],"17":[3,0],"18":[3,0],"19":[3,0],"20":[5,0],"21":[5,0],"22":[5,4],"23":[5,1],"24":[5,5],"25":[5,5],"26":[5,1],"27":[5,0],"28":[1,2],"29":[2,0],"30":[1,1],"31":[1,1],"32":[2,1],"33":[1,0],"34":[1,0],"35":[1,0],"36":[1,1],"37":[1,8],"38":[1,7],"39":[1,6],"40":[6,0],"41":[6,2],"42":[1,5],"43":[6,4],"44":[1,4],"45":[4,0],"46":[1,3],"47":[3,1],"48":[1,2],"49":[3,2],"50":[1,0],"51":[2,0],"52":[1,1],"53":[1,0],"54":[2,7],"55":[9,9],"56":[1,6],"57":[1,5],"58":[5,1],"59":[2,3],"60":[5,4],"61":[1,2],"62":[1,6],"63":[1,5],"64":[2,3],"65":[5,0],"66":[3,1],"67":[3,1],"68":[3,1],"69":[3,1],"70":[3,1],"71":[3,1],"72":[3,1],"73":[3,1],"74":[0],"75":[1,3],"76":[1,3],"77":[1,3],"78":[1,3],"79":[1,3],"80":[1,3],"81":[1,3],"82":[1,3],"83":[1,3],"84":[1,3],"85":[4,1],"86":[4,0],"87":[4,0],"88":[3,1],"89":[4,0],"90":[3,1],"91":[3,3],"92":[1,2],"93":[1,1],"94":[1,0],"95":[1,2],"96":[1,1],"97":[1,0],"98":[1,0],"99":[1,0],"100":[1,1],"101":[10,0],"102":[8,2],"103":[2,8],"104":[8,0],"105":[4,4],"106":[8,4],"107":[2,2],"108":[1,1],"109":[1,5],"110":[1,4],"111":[1,3],"112":[4,3],"113":[1,2],"114":[2,0],"115":[1,1],"116":[1,6],"117":[1,5],"118":[1,4],"119":[1,3],"120":[4,3,3],"121":[1,2],"122":[2,0],"123":[1,1],"124":[1,5],"125":[1,4],"126":[1,3],"127":[1,2],"128":[3,0],"129":[1,1],"130":[2,0]},"_coverageSchema":"1a1c01bbd47fc00a2c39e90264f33305004495a9","hash":"c447a4eb06c73793e00316ebf1f731881a63065f"}
,"C:\\Users\\lcmuniz\\Documents\\spe\\api\\services\\transacoesService.js": {"path":"C:\\Users\\lcmuniz\\Documents\\spe\\api\\services\\transacoesService.js","statementMap":{"0":{"start":{"line":1,"column":18},"end":{"line":1,"column":34}},"1":{"start":{"line":4,"column":2},"end":{"line":8,"column":3}},"2":{"start":{"line":5,"column":4},"end":{"line":5,"column":27}},"3":{"start":{"line":12,"column":2},"end":{"line":12,"column":22}},"4":{"start":{"line":16,"column":2},"end":{"line":16,"column":23}},"5":{"start":{"line":19,"column":0},"end":{"line":19,"column":66}}},"fnMap":{"0":{"name":"rollback","decl":{"start":{"line":3,"column":15},"end":{"line":3,"column":23}},"loc":{"start":{"line":3,"column":26},"end":{"line":9,"column":1}},"line":3},"1":{"name":"beginTransaction","decl":{"start":{"line":11,"column":15},"end":{"line":11,"column":31}},"loc":{"start":{"line":11,"column":34},"end":{"line":13,"column":1}},"line":11},"2":{"name":"commitTransaction","decl":{"start":{"line":15,"column":15},"end":{"line":15,"column":32}},"loc":{"start":{"line":15,"column":35},"end":{"line":17,"column":1}},"line":15}},"branchMap":{},"s":{"0":4,"1":2,"2":2,"3":6,"4":6,"5":4},"f":{"0":2,"1":6,"2":6},"b":{},"_coverageSchema":"1a1c01bbd47fc00a2c39e90264f33305004495a9","hash":"8ce3670eba76b006a155b3403f8a59829aec6362"}
,"C:\\Users\\lcmuniz\\Documents\\spe\\api\\services\\usuariosService.js": {"path":"C:\\Users\\lcmuniz\\Documents\\spe\\api\\services\\usuariosService.js","statementMap":{"0":{"start":{"line":1,"column":23},"end":{"line":1,"column":38}},"1":{"start":{"line":2,"column":18},"end":{"line":2,"column":34}},"2":{"start":{"line":5,"column":2},"end":{"line":20,"column":3}},"3":{"start":{"line":6,"column":21},"end":{"line":18,"column":5}},"4":{"start":{"line":19,"column":4},"end":{"line":19,"column":39}},"5":{"start":{"line":22,"column":17},"end":{"line":22,"column":19}},"6":{"start":{"line":23,"column":14},"end":{"line":23,"column":16}},"7":{"start":{"line":24,"column":2},"end":{"line":27,"column":3}},"8":{"start":{"line":25,"column":4},"end":{"line":25,"column":22}},"9":{"start":{"line":26,"column":4},"end":{"line":26,"column":32}},"10":{"start":{"line":28,"column":19},"end":{"line":41,"column":3}},"11":{"start":{"line":42,"column":2},"end":{"line":42,"column":13}},"12":{"start":{"line":46,"column":2},"end":{"line":50,"column":3}},"13":{"start":{"line":47,"column":16},"end":{"line":47,"column":58}},"14":{"start":{"line":48,"column":4},"end":{"line":48,"column":18}},"15":{"start":{"line":49,"column":4},"end":{"line":49,"column":13}},"16":{"start":{"line":52,"column":33},"end":{"line":52,"column":100}},"17":{"start":{"line":53,"column":19},"end":{"line":53,"column":59}},"18":{"start":{"line":54,"column":19},"end":{"line":54,"column":38}},"19":{"start":{"line":56,"column":2},"end":{"line":92,"column":3}},"20":{"start":{"line":57,"column":4},"end":{"line":77,"column":5}},"21":{"start":{"line":58,"column":6},"end":{"line":61,"column":7}},"22":{"start":{"line":62,"column":11},"end":{"line":77,"column":5}},"23":{"start":{"line":63,"column":6},"end":{"line":66,"column":7}},"24":{"start":{"line":67,"column":11},"end":{"line":77,"column":5}},"25":{"start":{"line":68,"column":6},"end":{"line":71,"column":7}},"26":{"start":{"line":73,"column":6},"end":{"line":76,"column":7}},"27":{"start":{"line":78,"column":21},"end":{"line":90,"column":5}},"28":{"start":{"line":91,"column":4},"end":{"line":91,"column":55}},"29":{"start":{"line":94,"column":21},"end":{"line":94,"column":51}},"30":{"start":{"line":95,"column":21},"end":{"line":95,"column":44}},"31":{"start":{"line":96,"column":2},"end":{"line":100,"column":3}},"32":{"start":{"line":101,"column":19},"end":{"line":113,"column":3}},"33":{"start":{"line":114,"column":2},"end":{"line":114,"column":52}},"34":{"start":{"line":118,"column":16},"end":{"line":118,"column":57}},"35":{"start":{"line":119,"column":2},"end":{"line":119,"column":23}},"36":{"start":{"line":119,"column":14},"end":{"line":119,"column":23}},"37":{"start":{"line":120,"column":19},"end":{"line":133,"column":3}},"38":{"start":{"line":134,"column":2},"end":{"line":134,"column":13}},"39":{"start":{"line":137,"column":0},"end":{"line":137,"column":68}}},"fnMap":{"0":{"name":"getUsuarios","decl":{"start":{"line":4,"column":15},"end":{"line":4,"column":26}},"loc":{"start":{"line":4,"column":45},"end":{"line":43,"column":1}},"line":4},"1":{"name":"upsertUsuario","decl":{"start":{"line":45,"column":15},"end":{"line":45,"column":28}},"loc":{"start":{"line":45,"column":60},"end":{"line":115,"column":1}},"line":45},"2":{"name":"getUsuariosPorSigla","decl":{"start":{"line":117,"column":15},"end":{"line":117,"column":34}},"loc":{"start":{"line":117,"column":50},"end":{"line":135,"column":1}},"line":117}},"branchMap":{"0":{"loc":{"start":{"line":5,"column":2},"end":{"line":20,"column":3}},"type":"if","locations":[{"start":{"line":5,"column":2},"end":{"line":20,"column":3}},{"start":{},"end":{}}],"line":5},"1":{"loc":{"start":{"line":19,"column":11},"end":{"line":19,"column":39}},"type":"cond-expr","locations":[{"start":{"line":19,"column":25},"end":{"line":19,"column":32}},{"start":{"line":19,"column":35},"end":{"line":19,"column":39}}],"line":19},"2":{"loc":{"start":{"line":24,"column":2},"end":{"line":27,"column":3}},"type":"if","locations":[{"start":{"line":24,"column":2},"end":{"line":27,"column":3}},{"start":{},"end":{}}],"line":24},"3":{"loc":{"start":{"line":46,"column":2},"end":{"line":50,"column":3}},"type":"if","locations":[{"start":{"line":46,"column":2},"end":{"line":50,"column":3}},{"start":{},"end":{}}],"line":46},"4":{"loc":{"start":{"line":46,"column":6},"end":{"line":46,"column":21}},"type":"binary-expr","locations":[{"start":{"line":46,"column":6},"end":{"line":46,"column":12}},{"start":{"line":46,"column":16},"end":{"line":46,"column":21}}],"line":46},"5":{"loc":{"start":{"line":53,"column":22},"end":{"line":53,"column":58}},"type":"binary-expr","locations":[{"start":{"line":53,"column":22},"end":{"line":53,"column":27}},{"start":{"line":53,"column":31},"end":{"line":53,"column":58}}],"line":53},"6":{"loc":{"start":{"line":56,"column":2},"end":{"line":92,"column":3}},"type":"if","locations":[{"start":{"line":56,"column":2},"end":{"line":92,"column":3}},{"start":{},"end":{}}],"line":56},"7":{"loc":{"start":{"line":57,"column":4},"end":{"line":77,"column":5}},"type":"if","locations":[{"start":{"line":57,"column":4},"end":{"line":77,"column":5}},{"start":{"line":62,"column":11},"end":{"line":77,"column":5}}],"line":57},"8":{"loc":{"start":{"line":57,"column":8},"end":{"line":57,"column":28}},"type":"binary-expr","locations":[{"start":{"line":57,"column":8},"end":{"line":57,"column":16}},{"start":{"line":57,"column":20},"end":{"line":57,"column":28}}],"line":57},"9":{"loc":{"start":{"line":62,"column":11},"end":{"line":77,"column":5}},"type":"if","locations":[{"start":{"line":62,"column":11},"end":{"line":77,"column":5}},{"start":{"line":67,"column":11},"end":{"line":77,"column":5}}],"line":62},"10":{"loc":{"start":{"line":62,"column":15},"end":{"line":62,"column":36}},"type":"binary-expr","locations":[{"start":{"line":62,"column":15},"end":{"line":62,"column":23}},{"start":{"line":62,"column":27},"end":{"line":62,"column":36}}],"line":62},"11":{"loc":{"start":{"line":67,"column":11},"end":{"line":77,"column":5}},"type":"if","locations":[{"start":{"line":67,"column":11},"end":{"line":77,"column":5}},{"start":{"line":72,"column":11},"end":{"line":77,"column":5}}],"line":67},"12":{"loc":{"start":{"line":67,"column":15},"end":{"line":67,"column":36}},"type":"binary-expr","locations":[{"start":{"line":67,"column":15},"end":{"line":67,"column":24}},{"start":{"line":67,"column":28},"end":{"line":67,"column":36}}],"line":67},"13":{"loc":{"start":{"line":94,"column":21},"end":{"line":94,"column":51}},"type":"cond-expr","locations":[{"start":{"line":94,"column":32},"end":{"line":94,"column":37}},{"start":{"line":94,"column":40},"end":{"line":94,"column":51}}],"line":94},"14":{"loc":{"start":{"line":95,"column":21},"end":{"line":95,"column":44}},"type":"cond-expr","locations":[{"start":{"line":95,"column":32},"end":{"line":95,"column":37}},{"start":{"line":95,"column":40},"end":{"line":95,"column":44}}],"line":95},"15":{"loc":{"start":{"line":118,"column":23},"end":{"line":118,"column":42}},"type":"binary-expr","locations":[{"start":{"line":118,"column":23},"end":{"line":118,"column":36}},{"start":{"line":118,"column":40},"end":{"line":118,"column":42}}],"line":118},"16":{"loc":{"start":{"line":119,"column":2},"end":{"line":119,"column":23}},"type":"if","locations":[{"start":{"line":119,"column":2},"end":{"line":119,"column":23}},{"start":{},"end":{}}],"line":119}},"s":{"0":2,"1":2,"2":6,"3":2,"4":2,"5":4,"6":4,"7":4,"8":2,"9":2,"10":4,"11":4,"12":7,"13":1,"14":1,"15":1,"16":6,"17":6,"18":6,"19":6,"20":4,"21":1,"22":3,"23":1,"24":2,"25":1,"26":1,"27":4,"28":4,"29":2,"30":2,"31":2,"32":2,"33":2,"34":4,"35":4,"36":2,"37":2,"38":2,"39":2},"f":{"0":6,"1":7,"2":4},"b":{"0":[2,4],"1":[1,1],"2":[2,2],"3":[1,6],"4":[7,6],"5":[6,3],"6":[4,2],"7":[1,3],"8":[4,2],"9":[1,2],"10":[3,1],"11":[1,1],"12":[2,2],"13":[1,1],"14":[1,1],"15":[4,2],"16":[2,2]},"_coverageSchema":"1a1c01bbd47fc00a2c39e90264f33305004495a9","hash":"079da8905576027e7521ba29d52980f602b8e82d"}
}
